#
# There is insufficient memory for the Java Runtime Environment to continue.
# Native memory allocation (malloc) failed to allocate 1092096 bytes for Chunk::new
# Possible reasons:
#   The system is out of physical RAM or swap space
#   The process is running with CompressedOops enabled, and the Java Heap may be blocking the growth of the native heap
# Possible solutions:
#   Reduce memory load on the system
#   Increase physical memory or swap space
#   Check if swap backing store is full
#   Decrease Java heap size (-Xmx/-Xms)
#   Decrease number of Java threads
#   Decrease Java thread stack sizes (-Xss)
#   Set larger code cache with -XX:ReservedCodeCacheSize=
#   JVM is running with Unscaled Compressed Oops mode in which the Java heap is
#     placed in the first 4GB address space. The Java Heap base address is the
#     maximum limit for the native heap growth. Please use -XX:HeapBaseMinAddress
#     to set the Java Heap base and to place the Java Heap above 4GB virtual address.
# This output file may be truncated or incomplete.
#
#  Out of Memory Error (./src/hotspot/share/memory/arena.cpp:197), pid=4368, tid=12372
#
# JRE version: OpenJDK Runtime Environment (11.0.10) (build 11.0.10+0-b96-7249189)
# Java VM: OpenJDK 64-Bit Server VM (11.0.10+0-b96-7249189, mixed mode, tiered, compressed oops, g1 gc, windows-amd64)
# No core dump will be written. Minidumps are not enabled by default on client versions of Windows
#

---------------  S U M M A R Y ------------

Command Line: --add-opens=java.base/java.util=ALL-UNNAMED --add-opens=java.base/java.lang=ALL-UNNAMED --add-opens=java.base/java.lang.invoke=ALL-UNNAMED --add-opens=java.base/java.util=ALL-UNNAMED --add-opens=java.prefs/java.util.prefs=ALL-UNNAMED --add-opens=java.prefs/java.util.prefs=ALL-UNNAMED --add-opens=java.base/java.nio.charset=ALL-UNNAMED --add-opens=java.base/java.net=ALL-UNNAMED --add-opens=java.base/java.util.concurrent.atomic=ALL-UNNAMED -Xmx2048m -Dfile.encoding=UTF-8 -Duser.country=US -Duser.language=en -Duser.variant org.gradle.launcher.daemon.bootstrap.GradleDaemon 7.0.2

Host: Intel(R) Core(TM) i7-10510U CPU @ 1.80GHz, 8 cores, 7G,  Windows 10 , 64 bit Build 19041 (10.0.19041.1348)
Time: Mon Dec 20 12:21:11 2021 Jerusalem Standard Time elapsed time: 21.460846 seconds (0d 0h 0m 21s)

---------------  T H R E A D  ---------------

Current thread (0x000002c17ad07800):  JavaThread "C2 CompilerThread0" daemon [_thread_in_native, id=12372, stack(0x000000f259f00000,0x000000f25a000000)]


Current CompileTask:
C2:  21460 5653   !   4       com.google.common.reflect.TypeVisitor::visit (225 bytes)

Stack: [0x000000f259f00000,0x000000f25a000000]
Native frames: (J=compiled Java code, j=interpreted, Vv=VM code, C=native code)
V  [jvm.dll+0x5ecfaa]
V  [jvm.dll+0x722bd5]
V  [jvm.dll+0x72412d]
V  [jvm.dll+0x7247e3]
V  [jvm.dll+0x242928]
V  [jvm.dll+0xbc4fc]
V  [jvm.dll+0xbca0c]
V  [jvm.dll+0x2b4fd4]
V  [jvm.dll+0x506028]
V  [jvm.dll+0x203253]
V  [jvm.dll+0x1fd07c]
V  [jvm.dll+0x1fa77f]
V  [jvm.dll+0x18354c]
V  [jvm.dll+0x208ee7]
V  [jvm.dll+0x207731]
V  [jvm.dll+0x6eb1cf]
V  [jvm.dll+0x6e3d45]
V  [jvm.dll+0x5ebe96]
C  [ucrtbase.dll+0x21bb2]
C  [KERNEL32.DLL+0x17034]
C  [ntdll.dll+0x52651]


---------------  P R O C E S S  ---------------

Threads class SMR info:
_java_thread_list=0x000002c17e1a8da0, length=50, elements={
0x000002c16f84d000, 0x000002c17ace5000, 0x000002c17acf0800, 0x000002c17acfb000,
0x000002c17acfc800, 0x000002c17acfe800, 0x000002c17ad07800, 0x000002c17ad0c800,
0x000002c17ad1d800, 0x000002c17b7bc000, 0x000002c17cd49000, 0x000002c17b8a3800,
0x000002c17d4d4800, 0x000002c17cd16000, 0x000002c17d036800, 0x000002c17da0c800,
0x000002c17d057000, 0x000002c17d057800, 0x000002c17d0f2000, 0x000002c17c1f5800,
0x000002c17c1f5000, 0x000002c17c1f7800, 0x000002c17c1f6800, 0x000002c17cb87800,
0x000002c17cb84000, 0x000002c17cb86800, 0x000002c17cb88800, 0x000002c17cb8a800,
0x000002c17cb85000, 0x000002c17cb89000, 0x000002c17cb8b800, 0x000002c17cb8f000,
0x000002c17cb8f800, 0x000002c17cb90800, 0x000002c17cb91800, 0x000002c17cb8c800,
0x000002c17cb8e000, 0x000002c17cb92000, 0x000002c17cb93000, 0x000002c10fbd2800,
0x000002c10fbd1000, 0x000002c10fbd5000, 0x000002c10fbd7000, 0x000002c10fbd6000,
0x000002c10fbd7800, 0x000002c10fbd2000, 0x000002c10fbd8800, 0x000002c10fbd4800,
0x000002c10fbd9000, 0x000002c17e12d800
}

Java Threads: ( => current thread )
  0x000002c16f84d000 JavaThread "main" [_thread_blocked, id=1360, stack(0x000000f259300000,0x000000f259400000)]
  0x000002c17ace5000 JavaThread "Reference Handler" daemon [_thread_blocked, id=9244, stack(0x000000f259a00000,0x000000f259b00000)]
  0x000002c17acf0800 JavaThread "Finalizer" daemon [_thread_blocked, id=12072, stack(0x000000f259b00000,0x000000f259c00000)]
  0x000002c17acfb000 JavaThread "Signal Dispatcher" daemon [_thread_blocked, id=4524, stack(0x000000f259c00000,0x000000f259d00000)]
  0x000002c17acfc800 JavaThread "Attach Listener" daemon [_thread_blocked, id=13036, stack(0x000000f259d00000,0x000000f259e00000)]
  0x000002c17acfe800 JavaThread "Service Thread" daemon [_thread_blocked, id=9992, stack(0x000000f259e00000,0x000000f259f00000)]
=>0x000002c17ad07800 JavaThread "C2 CompilerThread0" daemon [_thread_in_native, id=12372, stack(0x000000f259f00000,0x000000f25a000000)]
  0x000002c17ad0c800 JavaThread "C1 CompilerThread0" daemon [_thread_blocked, id=11484, stack(0x000000f25a000000,0x000000f25a100000)]
  0x000002c17ad1d800 JavaThread "Sweeper thread" daemon [_thread_blocked, id=2588, stack(0x000000f25a100000,0x000000f25a200000)]
  0x000002c17b7bc000 JavaThread "Common-Cleaner" daemon [_thread_blocked, id=8136, stack(0x000000f25a200000,0x000000f25a300000)]
  0x000002c17cd49000 JavaThread "Daemon health stats" [_thread_blocked, id=8052, stack(0x000000f25a400000,0x000000f25a500000)]
  0x000002c17b8a3800 JavaThread "Incoming local TCP Connector on port 63563" [_thread_in_native, id=5912, stack(0x000000f25a700000,0x000000f25a800000)]
  0x000002c17d4d4800 JavaThread "Daemon periodic checks" [_thread_blocked, id=3044, stack(0x000000f25a800000,0x000000f25a900000)]
  0x000002c17cd16000 JavaThread "Daemon" [_thread_blocked, id=2832, stack(0x000000f25a900000,0x000000f25aa00000)]
  0x000002c17d036800 JavaThread "Handler for socket connection from /127.0.0.1:63563 to /127.0.0.1:63564" [_thread_in_native, id=13184, stack(0x000000f25aa00000,0x000000f25ab00000)]
  0x000002c17da0c800 JavaThread "Cancel handler" [_thread_blocked, id=6772, stack(0x000000f25ac00000,0x000000f25ad00000)]
  0x000002c17d057000 JavaThread "Daemon worker" [_thread_in_vm, id=6184, stack(0x000000f25ad00000,0x000000f25ae00000)]
  0x000002c17d057800 JavaThread "Asynchronous log dispatcher for DefaultDaemonConnection: socket connection from /127.0.0.1:63563 to /127.0.0.1:63564" [_thread_blocked, id=5456, stack(0x000000f25ae00000,0x000000f25af00000)]
  0x000002c17d0f2000 JavaThread "Stdin handler" [_thread_blocked, id=2328, stack(0x000000f25af00000,0x000000f25b000000)]
  0x000002c17c1f5800 JavaThread "Daemon client event forwarder" [_thread_blocked, id=9980, stack(0x000000f25b800000,0x000000f25b900000)]
  0x000002c17c1f5000 JavaThread "Cache worker for file hash cache (C:\Users\hp\.gradle\caches\7.0.2\fileHashes)" [_thread_blocked, id=13120, stack(0x000000f25ab00000,0x000000f25ac00000)]
  0x000002c17c1f7800 JavaThread "File lock request listener" [_thread_in_native, id=12988, stack(0x000000f25b900000,0x000000f25ba00000)]
  0x000002c17c1f6800 JavaThread "Cache worker for journal cache (C:\Users\hp\.gradle\caches\journal-1)" [_thread_blocked, id=10664, stack(0x000000f25bb00000,0x000000f25bc00000)]
  0x000002c17cb87800 JavaThread "Cache worker for file hash cache (C:\Users\hp\AndroidStudioProjects\LastGarageApp\.gradle\7.0.2\fileHashes)" [_thread_blocked, id=7628, stack(0x000000f25bd00000,0x000000f25be00000)]
  0x000002c17cb84000 JavaThread "File watcher server" daemon [_thread_in_native, id=12356, stack(0x000000f25be00000,0x000000f25bf00000)]
  0x000002c17cb86800 JavaThread "File watcher consumer" daemon [_thread_blocked, id=7640, stack(0x000000f25bf00000,0x000000f25c000000)]
  0x000002c17cb88800 JavaThread "Cache worker for checksums cache (C:\Users\hp\AndroidStudioProjects\LastGarageApp\.gradle\checksums)" [_thread_blocked, id=12368, stack(0x000000f25c000000,0x000000f25c100000)]
  0x000002c17cb8a800 JavaThread "Cache worker for cache directory md-supplier (C:\Users\hp\.gradle\caches\7.0.2\md-supplier)" [_thread_blocked, id=5812, stack(0x000000f25c100000,0x000000f25c200000)]
  0x000002c17cb85000 JavaThread "Cache worker for cache directory md-rule (C:\Users\hp\.gradle\caches\7.0.2\md-rule)" [_thread_blocked, id=11136, stack(0x000000f25c200000,0x000000f25c300000)]
  0x000002c17cb89000 JavaThread "Cache worker for execution history cache (C:\Users\hp\.gradle\caches\7.0.2\executionHistory)" [_thread_blocked, id=8624, stack(0x000000f25c300000,0x000000f25c400000)]
  0x000002c17cb8b800 JavaThread "jar transforms" [_thread_blocked, id=9000, stack(0x000000f25c400000,0x000000f25c500000)]
  0x000002c17cb8f000 JavaThread "jar transforms Thread 2" [_thread_blocked, id=12264, stack(0x000000f25c500000,0x000000f25c600000)]
  0x000002c17cb8f800 JavaThread "Cache worker for file content cache (C:\Users\hp\.gradle\caches\7.0.2\fileContent)" [_thread_blocked, id=10328, stack(0x000000f25c600000,0x000000f25c700000)]
  0x000002c17cb90800 JavaThread "Cache worker for dependencies-accessors (C:\Users\hp\AndroidStudioProjects\LastGarageApp\.gradle\7.0.2\dependencies-accessors)" [_thread_blocked, id=7644, stack(0x000000f25c700000,0x000000f25c800000)]
  0x000002c17cb91800 JavaThread "jar transforms Thread 3" [_thread_blocked, id=13196, stack(0x000000f25c800000,0x000000f25c900000)]
  0x000002c17cb8c800 JavaThread "Cache worker for Build Output Cleanup Cache (C:\Users\hp\AndroidStudioProjects\LastGarageApp\.gradle\buildOutputCleanup)" [_thread_blocked, id=7092, stack(0x000000f25bc00000,0x000000f25bd00000)]
  0x000002c17cb8e000 JavaThread "Build operations" [_thread_blocked, id=2400, stack(0x000000f25ca00000,0x000000f25cb00000)]
  0x000002c17cb92000 JavaThread "Build operations Thread 2" [_thread_blocked, id=12592, stack(0x000000f25cb00000,0x000000f25cc00000)]
  0x000002c17cb93000 JavaThread "Build operations Thread 3" [_thread_blocked, id=5544, stack(0x000000f25cc00000,0x000000f25cd00000)]
  0x000002c10fbd2800 JavaThread "Build operations Thread 4" [_thread_blocked, id=6812, stack(0x000000f25cd00000,0x000000f25ce00000)]
  0x000002c10fbd1000 JavaThread "Build operations Thread 5" [_thread_blocked, id=12124, stack(0x000000f25ce00000,0x000000f25cf00000)]
  0x000002c10fbd5000 JavaThread "Build operations Thread 6" [_thread_blocked, id=4848, stack(0x000000f25cf00000,0x000000f25d000000)]
  0x000002c10fbd7000 JavaThread "Build operations Thread 7" [_thread_blocked, id=7144, stack(0x000000f25d000000,0x000000f25d100000)]
  0x000002c10fbd6000 JavaThread "Build operations Thread 8" [_thread_blocked, id=8412, stack(0x000000f25d100000,0x000000f25d200000)]
  0x000002c10fbd7800 JavaThread "jar transforms Thread 4" [_thread_blocked, id=10396, stack(0x000000f25c900000,0x000000f25ca00000)]
  0x000002c10fbd2000 JavaThread "jar transforms Thread 5" [_thread_blocked, id=11888, stack(0x000000f25d200000,0x000000f25d300000)]
  0x000002c10fbd8800 JavaThread "jar transforms Thread 6" [_thread_blocked, id=4256, stack(0x000000f25d300000,0x000000f25d400000)]
  0x000002c10fbd4800 JavaThread "jar transforms Thread 7" [_thread_blocked, id=5280, stack(0x000000f25d400000,0x000000f25d500000)]
  0x000002c10fbd9000 JavaThread "jar transforms Thread 8" [_thread_blocked, id=6312, stack(0x000000f25d500000,0x000000f25d600000)]
  0x000002c17e12d800 JavaThread "C2 CompilerThread1" daemon [_thread_in_native, id=5832, stack(0x000000f25d600000,0x000000f25d700000)]

Other Threads:
  0x000002c17acdf800 VMThread "VM Thread" [stack: 0x000000f259900000,0x000000f259a00000] [id=10676]
  0x000002c17b7e3000 WatcherThread [stack: 0x000000f25a300000,0x000000f25a400000] [id=11244]
  0x000002c16f863800 GCTaskThread "GC Thread#0" [stack: 0x000000f259400000,0x000000f259500000] [id=14152]
  0x000002c17c3c7000 GCTaskThread "GC Thread#1" [stack: 0x000000f25a500000,0x000000f25a600000] [id=12896]
  0x000002c17c634000 GCTaskThread "GC Thread#2" [stack: 0x000000f25a600000,0x000000f25a700000] [id=9796]
  0x000002c17ccf3800 GCTaskThread "GC Thread#3" [stack: 0x000000f25b000000,0x000000f25b100000] [id=7384]
  0x000002c17deb5000 GCTaskThread "GC Thread#4" [stack: 0x000000f25b100000,0x000000f25b200000] [id=1560]
  0x000002c17deb6000 GCTaskThread "GC Thread#5" [stack: 0x000000f25b200000,0x000000f25b300000] [id=9044]
  0x000002c17c97c000 GCTaskThread "GC Thread#6" [stack: 0x000000f25b300000,0x000000f25b400000] [id=8540]
  0x000002c17c97d000 GCTaskThread "GC Thread#7" [stack: 0x000000f25b400000,0x000000f25b500000] [id=6448]
  0x000002c16f896000 ConcurrentGCThread "G1 Main Marker" [stack: 0x000000f259500000,0x000000f259600000] [id=10312]
  0x000002c16f897000 ConcurrentGCThread "G1 Conc#0" [stack: 0x000000f259600000,0x000000f259700000] [id=5748]
  0x000002c17d410800 ConcurrentGCThread "G1 Conc#1" [stack: 0x000000f25ba00000,0x000000f25bb00000] [id=8288]
  0x000002c17ab30800 ConcurrentGCThread "G1 Refine#0" [stack: 0x000000f259700000,0x000000f259800000] [id=12392]
  0x000002c17d082800 ConcurrentGCThread "G1 Refine#1" [stack: 0x000000f25b500000,0x000000f25b600000] [id=1832]
  0x000002c17c4ed800 ConcurrentGCThread "G1 Refine#2" [stack: 0x000000f25b600000,0x000000f25b700000] [id=8632]
  0x000002c17c590800 ConcurrentGCThread "G1 Refine#3" [stack: 0x000000f25b700000,0x000000f25b800000] [id=12248]
  0x000002c17ab31000 ConcurrentGCThread "G1 Young RemSet Sampling" [stack: 0x000000f259800000,0x000000f259900000] [id=5464]

Threads with active compile tasks:
C2 CompilerThread0  21499 5653   !   4       com.google.common.reflect.TypeVisitor::visit (225 bytes)
C2 CompilerThread1  21499 5656       4       org.objectweb.asm.Frame::execute (2318 bytes)

VM state:not at safepoint (normal execution)

VM Mutex/Monitor currently owned by a thread: None

Heap address: 0x0000000080000000, size: 2048 MB, Compressed Oops mode: 32-bit
Narrow klass base: 0x0000000000000000, Narrow klass shift: 3
Compressed class space size: 1073741824 Address: 0x0000000100000000

Heap:
 garbage-first heap   total 155648K, used 101376K [0x0000000080000000, 0x0000000100000000)
  region size 1024K, 68 young (69632K), 8 survivors (8192K)
 Metaspace       used 57039K, capacity 58531K, committed 58828K, reserved 1103872K
  class space    used 7246K, capacity 7793K, committed 7884K, reserved 1048576K
Heap Regions: E=young(eden), S=young(survivor), O=old, HS=humongous(starts), HC=humongous(continues), CS=collection set, F=free, A=archive, TAMS=top-at-mark-start (previous, next)
|   0|0x0000000080000000, 0x0000000080100000, 0x0000000080100000|100%| O|  |TAMS 0x0000000080100000, 0x0000000080000000| Untracked 
|   1|0x0000000080100000, 0x0000000080200000, 0x0000000080200000|100%| O|  |TAMS 0x0000000080200000, 0x0000000080100000| Untracked 
|   2|0x0000000080200000, 0x0000000080300000, 0x0000000080300000|100%| O|  |TAMS 0x0000000080300000, 0x0000000080200000| Untracked 
|   3|0x0000000080300000, 0x0000000080400000, 0x0000000080400000|100%|HS|  |TAMS 0x0000000080400000, 0x0000000080300000| Complete 
|   4|0x0000000080400000, 0x0000000080500000, 0x0000000080500000|100%|HC|  |TAMS 0x0000000080500000, 0x0000000080400000| Complete 
|   5|0x0000000080500000, 0x0000000080600000, 0x0000000080600000|100%|HC|  |TAMS 0x0000000080600000, 0x0000000080500000| Complete 
|   6|0x0000000080600000, 0x0000000080700000, 0x0000000080700000|100%| O|  |TAMS 0x0000000080700000, 0x0000000080600000| Untracked 
|   7|0x0000000080700000, 0x0000000080800000, 0x0000000080800000|100%| O|  |TAMS 0x0000000080800000, 0x0000000080700000| Untracked 
|   8|0x0000000080800000, 0x0000000080900000, 0x0000000080900000|100%| O|  |TAMS 0x0000000080900000, 0x0000000080800000| Untracked 
|   9|0x0000000080900000, 0x0000000080a00000, 0x0000000080a00000|100%| O|  |TAMS 0x0000000080a00000, 0x0000000080900000| Untracked 
|  10|0x0000000080a00000, 0x0000000080b00000, 0x0000000080b00000|100%| O|  |TAMS 0x0000000080b00000, 0x0000000080a00000| Untracked 
|  11|0x0000000080b00000, 0x0000000080c00000, 0x0000000080c00000|100%| O|  |TAMS 0x0000000080c00000, 0x0000000080b00000| Untracked 
|  12|0x0000000080c00000, 0x0000000080d00000, 0x0000000080d00000|100%| O|  |TAMS 0x0000000080d00000, 0x0000000080c00000| Untracked 
|  13|0x0000000080d00000, 0x0000000080e00000, 0x0000000080e00000|100%| O|  |TAMS 0x0000000080e00000, 0x0000000080d00000| Untracked 
|  14|0x0000000080e00000, 0x0000000080f00000, 0x0000000080f00000|100%| O|  |TAMS 0x0000000080f00000, 0x0000000080e00000| Untracked 
|  15|0x0000000080f00000, 0x0000000081000000, 0x0000000081000000|100%| O|  |TAMS 0x0000000080f11000, 0x0000000080f00000| Untracked 
|  16|0x0000000081000000, 0x0000000081100000, 0x0000000081100000|100%|HS|  |TAMS 0x0000000081000000, 0x0000000081000000| Complete 
|  17|0x0000000081100000, 0x0000000081200000, 0x0000000081200000|100%| O|  |TAMS 0x0000000081100000, 0x0000000081100000| Untracked 
|  18|0x0000000081200000, 0x0000000081300000, 0x0000000081300000|100%| O|  |TAMS 0x0000000081200000, 0x0000000081200000| Untracked 
|  19|0x0000000081300000, 0x0000000081400000, 0x0000000081400000|100%| O|  |TAMS 0x0000000081300000, 0x0000000081300000| Untracked 
|  20|0x0000000081400000, 0x0000000081500000, 0x0000000081500000|100%| O|  |TAMS 0x0000000081400000, 0x0000000081400000| Untracked 
|  21|0x0000000081500000, 0x0000000081600000, 0x0000000081600000|100%| O|  |TAMS 0x0000000081500000, 0x0000000081500000| Untracked 
|  22|0x0000000081600000, 0x0000000081700000, 0x0000000081700000|100%| O|  |TAMS 0x0000000081600000, 0x0000000081600000| Untracked 
|  23|0x0000000081700000, 0x0000000081800000, 0x0000000081800000|100%| O|  |TAMS 0x0000000081700000, 0x0000000081700000| Untracked 
|  24|0x0000000081800000, 0x0000000081900000, 0x0000000081900000|100%| O|  |TAMS 0x0000000081800000, 0x0000000081800000| Untracked 
|  25|0x0000000081900000, 0x0000000081a00000, 0x0000000081a00000|100%| O|  |TAMS 0x0000000081900000, 0x0000000081900000| Untracked 
|  26|0x0000000081a00000, 0x0000000081b00000, 0x0000000081b00000|100%| O|  |TAMS 0x0000000081a00000, 0x0000000081a00000| Untracked 
|  27|0x0000000081b00000, 0x0000000081c00000, 0x0000000081c00000|100%|HS|  |TAMS 0x0000000081b00000, 0x0000000081b00000| Complete 
|  28|0x0000000081c00000, 0x0000000081d00000, 0x0000000081d00000|100%|HS|  |TAMS 0x0000000081c00000, 0x0000000081c00000| Complete 
|  29|0x0000000081d00000, 0x0000000081e00000, 0x0000000081e00000|100%|HC|  |TAMS 0x0000000081d00000, 0x0000000081d00000| Complete 
|  30|0x0000000081e00000, 0x0000000081f00000, 0x0000000081f00000|100%| O|  |TAMS 0x0000000081e00000, 0x0000000081e00000| Untracked 
|  31|0x0000000081f00000, 0x0000000082000000, 0x0000000082000000|100%| O|  |TAMS 0x0000000081f00000, 0x0000000081f00000| Untracked 
|  32|0x0000000082000000, 0x0000000082000000, 0x0000000082100000|  0%| F|  |TAMS 0x0000000082000000, 0x0000000082000000| Untracked 
|  33|0x0000000082100000, 0x0000000082100000, 0x0000000082200000|  0%| F|  |TAMS 0x0000000082100000, 0x0000000082100000| Untracked 
|  34|0x0000000082200000, 0x0000000082200000, 0x0000000082300000|  0%| F|  |TAMS 0x0000000082200000, 0x0000000082200000| Untracked 
|  35|0x0000000082300000, 0x0000000082300000, 0x0000000082400000|  0%| F|  |TAMS 0x0000000082300000, 0x0000000082300000| Untracked 
|  36|0x0000000082400000, 0x0000000082400000, 0x0000000082500000|  0%| F|  |TAMS 0x0000000082400000, 0x0000000082400000| Untracked 
|  37|0x0000000082500000, 0x0000000082500000, 0x0000000082600000|  0%| F|  |TAMS 0x0000000082500000, 0x0000000082500000| Untracked 
|  38|0x0000000082600000, 0x0000000082600000, 0x0000000082700000|  0%| F|  |TAMS 0x0000000082600000, 0x0000000082600000| Untracked 
|  39|0x0000000082700000, 0x0000000082700000, 0x0000000082800000|  0%| F|  |TAMS 0x0000000082700000, 0x0000000082700000| Untracked 
|  40|0x0000000082800000, 0x0000000082800000, 0x0000000082900000|  0%| F|  |TAMS 0x0000000082800000, 0x0000000082800000| Untracked 
|  41|0x0000000082900000, 0x0000000082900000, 0x0000000082a00000|  0%| F|  |TAMS 0x0000000082900000, 0x0000000082900000| Untracked 
|  42|0x0000000082a00000, 0x0000000082a00000, 0x0000000082b00000|  0%| F|  |TAMS 0x0000000082a00000, 0x0000000082a00000| Untracked 
|  43|0x0000000082b00000, 0x0000000082b00000, 0x0000000082c00000|  0%| F|  |TAMS 0x0000000082b00000, 0x0000000082b00000| Untracked 
|  44|0x0000000082c00000, 0x0000000082c00000, 0x0000000082d00000|  0%| F|  |TAMS 0x0000000082c00000, 0x0000000082c00000| Untracked 
|  45|0x0000000082d00000, 0x0000000082d00000, 0x0000000082e00000|  0%| F|  |TAMS 0x0000000082d00000, 0x0000000082d00000| Untracked 
|  46|0x0000000082e00000, 0x0000000082e00000, 0x0000000082f00000|  0%| F|  |TAMS 0x0000000082e00000, 0x0000000082e00000| Untracked 
|  47|0x0000000082f00000, 0x0000000082f00000, 0x0000000083000000|  0%| F|  |TAMS 0x0000000082f00000, 0x0000000082f00000| Untracked 
|  48|0x0000000083000000, 0x0000000083000000, 0x0000000083100000|  0%| F|  |TAMS 0x0000000083000000, 0x0000000083000000| Untracked 
|  49|0x0000000083100000, 0x0000000083100000, 0x0000000083200000|  0%| F|  |TAMS 0x0000000083100000, 0x0000000083100000| Untracked 
|  50|0x0000000083200000, 0x0000000083200000, 0x0000000083300000|  0%| F|  |TAMS 0x0000000083200000, 0x0000000083200000| Untracked 
|  51|0x0000000083300000, 0x0000000083300000, 0x0000000083400000|  0%| F|  |TAMS 0x0000000083300000, 0x0000000083300000| Untracked 
|  52|0x0000000083400000, 0x0000000083400000, 0x0000000083500000|  0%| F|  |TAMS 0x0000000083400000, 0x0000000083400000| Untracked 
|  53|0x0000000083500000, 0x0000000083500000, 0x0000000083600000|  0%| F|  |TAMS 0x0000000083500000, 0x0000000083500000| Untracked 
|  54|0x0000000083600000, 0x0000000083600000, 0x0000000083700000|  0%| F|  |TAMS 0x0000000083600000, 0x0000000083600000| Untracked 
|  55|0x0000000083700000, 0x0000000083800000, 0x0000000083800000|100%| S|CS|TAMS 0x0000000083700000, 0x0000000083700000| Complete 
|  56|0x0000000083800000, 0x0000000083900000, 0x0000000083900000|100%| S|CS|TAMS 0x0000000083800000, 0x0000000083800000| Complete 
|  57|0x0000000083900000, 0x0000000083a00000, 0x0000000083a00000|100%| S|CS|TAMS 0x0000000083900000, 0x0000000083900000| Complete 
|  58|0x0000000083a00000, 0x0000000083b00000, 0x0000000083b00000|100%| S|CS|TAMS 0x0000000083a00000, 0x0000000083a00000| Complete 
|  59|0x0000000083b00000, 0x0000000083c00000, 0x0000000083c00000|100%| S|CS|TAMS 0x0000000083b00000, 0x0000000083b00000| Complete 
|  60|0x0000000083c00000, 0x0000000083d00000, 0x0000000083d00000|100%| S|CS|TAMS 0x0000000083c00000, 0x0000000083c00000| Complete 
|  61|0x0000000083d00000, 0x0000000083e00000, 0x0000000083e00000|100%| S|CS|TAMS 0x0000000083d00000, 0x0000000083d00000| Complete 
|  62|0x0000000083e00000, 0x0000000083f00000, 0x0000000083f00000|100%| S|CS|TAMS 0x0000000083e00000, 0x0000000083e00000| Complete 
|  63|0x0000000083f00000, 0x0000000083f00000, 0x0000000084000000|  0%| F|  |TAMS 0x0000000083f00000, 0x0000000083f00000| Untracked 
|  64|0x0000000084000000, 0x0000000084000000, 0x0000000084100000|  0%| F|  |TAMS 0x0000000084000000, 0x0000000084000000| Untracked 
|  65|0x0000000084100000, 0x0000000084100000, 0x0000000084200000|  0%| F|  |TAMS 0x0000000084100000, 0x0000000084100000| Untracked 
|  66|0x0000000084200000, 0x0000000084200000, 0x0000000084300000|  0%| F|  |TAMS 0x0000000084200000, 0x0000000084200000| Untracked 
|  67|0x0000000084300000, 0x0000000084300000, 0x0000000084400000|  0%| F|  |TAMS 0x0000000084300000, 0x0000000084300000| Untracked 
|  68|0x0000000084400000, 0x0000000084400000, 0x0000000084500000|  0%| F|  |TAMS 0x0000000084400000, 0x0000000084400000| Untracked 
|  69|0x0000000084500000, 0x0000000084500000, 0x0000000084600000|  0%| F|  |TAMS 0x0000000084500000, 0x0000000084500000| Untracked 
|  70|0x0000000084600000, 0x0000000084600000, 0x0000000084700000|  0%| F|  |TAMS 0x0000000084600000, 0x0000000084600000| Untracked 
|  71|0x0000000084700000, 0x0000000084700000, 0x0000000084800000|  0%| F|  |TAMS 0x0000000084700000, 0x0000000084700000| Untracked 
|  72|0x0000000084800000, 0x0000000084800000, 0x0000000084900000|  0%| F|  |TAMS 0x0000000084800000, 0x0000000084800000| Untracked 
|  73|0x0000000084900000, 0x0000000084900000, 0x0000000084a00000|  0%| F|  |TAMS 0x0000000084900000, 0x0000000084900000| Untracked 
|  74|0x0000000084a00000, 0x0000000084a00000, 0x0000000084b00000|  0%| F|  |TAMS 0x0000000084a00000, 0x0000000084a00000| Untracked 
|  75|0x0000000084b00000, 0x0000000084b00000, 0x0000000084c00000|  0%| F|  |TAMS 0x0000000084b00000, 0x0000000084b00000| Untracked 
|  76|0x0000000084c00000, 0x0000000084c00000, 0x0000000084d00000|  0%| F|  |TAMS 0x0000000084c00000, 0x0000000084c00000| Untracked 
|  77|0x0000000084d00000, 0x0000000084d00000, 0x0000000084e00000|  0%| F|  |TAMS 0x0000000084d00000, 0x0000000084d00000| Untracked 
|  78|0x0000000084e00000, 0x0000000084e00000, 0x0000000084f00000|  0%| F|  |TAMS 0x0000000084e00000, 0x0000000084e00000| Untracked 
|  79|0x0000000084f00000, 0x0000000084f00000, 0x0000000085000000|  0%| F|  |TAMS 0x0000000084f00000, 0x0000000084f00000| Untracked 
|  80|0x0000000085000000, 0x0000000085000000, 0x0000000085100000|  0%| F|  |TAMS 0x0000000085000000, 0x0000000085000000| Untracked 
|  81|0x0000000085100000, 0x0000000085100000, 0x0000000085200000|  0%| F|  |TAMS 0x0000000085100000, 0x0000000085100000| Untracked 
|  82|0x0000000085200000, 0x0000000085200000, 0x0000000085300000|  0%| F|  |TAMS 0x0000000085200000, 0x0000000085200000| Untracked 
|  83|0x0000000085300000, 0x0000000085300000, 0x0000000085400000|  0%| F|  |TAMS 0x0000000085300000, 0x0000000085300000| Untracked 
|  84|0x0000000085400000, 0x0000000085400000, 0x0000000085500000|  0%| F|  |TAMS 0x0000000085400000, 0x0000000085400000| Untracked 
|  85|0x0000000085500000, 0x0000000085500000, 0x0000000085600000|  0%| F|  |TAMS 0x0000000085500000, 0x0000000085500000| Untracked 
|  86|0x0000000085600000, 0x0000000085600000, 0x0000000085700000|  0%| F|  |TAMS 0x0000000085600000, 0x0000000085600000| Untracked 
|  87|0x0000000085700000, 0x0000000085700000, 0x0000000085800000|  0%| F|  |TAMS 0x0000000085700000, 0x0000000085700000| Untracked 
|  88|0x0000000085800000, 0x0000000085800000, 0x0000000085900000|  0%| F|  |TAMS 0x0000000085800000, 0x0000000085800000| Untracked 
|  89|0x0000000085900000, 0x0000000085900000, 0x0000000085a00000|  0%| F|  |TAMS 0x0000000085900000, 0x0000000085900000| Untracked 
|  90|0x0000000085a00000, 0x0000000085a00000, 0x0000000085b00000|  0%| F|  |TAMS 0x0000000085a00000, 0x0000000085a00000| Untracked 
|  91|0x0000000085b00000, 0x0000000085b00000, 0x0000000085c00000|  0%| F|  |TAMS 0x0000000085b00000, 0x0000000085b00000| Untracked 
|  92|0x0000000085c00000, 0x0000000085c80800, 0x0000000085d00000| 50%| E|  |TAMS 0x0000000085c00000, 0x0000000085c00000| Complete 
|  93|0x0000000085d00000, 0x0000000085e00000, 0x0000000085e00000|100%| E|CS|TAMS 0x0000000085d00000, 0x0000000085d00000| Complete 
|  94|0x0000000085e00000, 0x0000000085f00000, 0x0000000085f00000|100%| E|CS|TAMS 0x0000000085e00000, 0x0000000085e00000| Complete 
|  95|0x0000000085f00000, 0x0000000086000000, 0x0000000086000000|100%| E|CS|TAMS 0x0000000085f00000, 0x0000000085f00000| Complete 
|  96|0x0000000086000000, 0x0000000086100000, 0x0000000086100000|100%| E|CS|TAMS 0x0000000086000000, 0x0000000086000000| Complete 
|  97|0x0000000086100000, 0x0000000086200000, 0x0000000086200000|100%| E|CS|TAMS 0x0000000086100000, 0x0000000086100000| Complete 
|  98|0x0000000086200000, 0x0000000086300000, 0x0000000086300000|100%| E|CS|TAMS 0x0000000086200000, 0x0000000086200000| Complete 
|  99|0x0000000086300000, 0x0000000086400000, 0x0000000086400000|100%| E|CS|TAMS 0x0000000086300000, 0x0000000086300000| Complete 
| 100|0x0000000086400000, 0x0000000086500000, 0x0000000086500000|100%| E|CS|TAMS 0x0000000086400000, 0x0000000086400000| Complete 
| 101|0x0000000086500000, 0x0000000086600000, 0x0000000086600000|100%| E|CS|TAMS 0x0000000086500000, 0x0000000086500000| Complete 
| 102|0x0000000086600000, 0x0000000086700000, 0x0000000086700000|100%| E|CS|TAMS 0x0000000086600000, 0x0000000086600000| Complete 
| 103|0x0000000086700000, 0x0000000086800000, 0x0000000086800000|100%| E|CS|TAMS 0x0000000086700000, 0x0000000086700000| Complete 
| 104|0x0000000086800000, 0x0000000086900000, 0x0000000086900000|100%| E|CS|TAMS 0x0000000086800000, 0x0000000086800000| Complete 
| 105|0x0000000086900000, 0x0000000086a00000, 0x0000000086a00000|100%| E|CS|TAMS 0x0000000086900000, 0x0000000086900000| Complete 
| 106|0x0000000086a00000, 0x0000000086b00000, 0x0000000086b00000|100%| E|CS|TAMS 0x0000000086a00000, 0x0000000086a00000| Complete 
| 107|0x0000000086b00000, 0x0000000086c00000, 0x0000000086c00000|100%| E|CS|TAMS 0x0000000086b00000, 0x0000000086b00000| Complete 
| 108|0x0000000086c00000, 0x0000000086d00000, 0x0000000086d00000|100%| E|CS|TAMS 0x0000000086c00000, 0x0000000086c00000| Complete 
| 109|0x0000000086d00000, 0x0000000086e00000, 0x0000000086e00000|100%| E|CS|TAMS 0x0000000086d00000, 0x0000000086d00000| Complete 
| 110|0x0000000086e00000, 0x0000000086f00000, 0x0000000086f00000|100%| E|CS|TAMS 0x0000000086e00000, 0x0000000086e00000| Complete 
| 111|0x0000000086f00000, 0x0000000087000000, 0x0000000087000000|100%| E|CS|TAMS 0x0000000086f00000, 0x0000000086f00000| Complete 
| 112|0x0000000087000000, 0x0000000087100000, 0x0000000087100000|100%| E|CS|TAMS 0x0000000087000000, 0x0000000087000000| Complete 
| 113|0x0000000087100000, 0x0000000087200000, 0x0000000087200000|100%| E|CS|TAMS 0x0000000087100000, 0x0000000087100000| Complete 
| 114|0x0000000087200000, 0x0000000087300000, 0x0000000087300000|100%| E|CS|TAMS 0x0000000087200000, 0x0000000087200000| Complete 
| 115|0x0000000087300000, 0x0000000087400000, 0x0000000087400000|100%| E|CS|TAMS 0x0000000087300000, 0x0000000087300000| Complete 
| 116|0x0000000087400000, 0x0000000087500000, 0x0000000087500000|100%| E|CS|TAMS 0x0000000087400000, 0x0000000087400000| Complete 
| 117|0x0000000087500000, 0x0000000087600000, 0x0000000087600000|100%| E|CS|TAMS 0x0000000087500000, 0x0000000087500000| Complete 
| 118|0x0000000087600000, 0x0000000087700000, 0x0000000087700000|100%| E|CS|TAMS 0x0000000087600000, 0x0000000087600000| Complete 
| 119|0x0000000087700000, 0x0000000087800000, 0x0000000087800000|100%| E|CS|TAMS 0x0000000087700000, 0x0000000087700000| Complete 
| 120|0x0000000087800000, 0x0000000087900000, 0x0000000087900000|100%| E|CS|TAMS 0x0000000087800000, 0x0000000087800000| Complete 
| 121|0x0000000087900000, 0x0000000087a00000, 0x0000000087a00000|100%| E|CS|TAMS 0x0000000087900000, 0x0000000087900000| Complete 
| 122|0x0000000087a00000, 0x0000000087b00000, 0x0000000087b00000|100%| E|CS|TAMS 0x0000000087a00000, 0x0000000087a00000| Complete 
| 123|0x0000000087b00000, 0x0000000087c00000, 0x0000000087c00000|100%| E|CS|TAMS 0x0000000087b00000, 0x0000000087b00000| Complete 
| 124|0x0000000087c00000, 0x0000000087d00000, 0x0000000087d00000|100%| E|CS|TAMS 0x0000000087c00000, 0x0000000087c00000| Complete 
| 125|0x0000000087d00000, 0x0000000087e00000, 0x0000000087e00000|100%| E|CS|TAMS 0x0000000087d00000, 0x0000000087d00000| Complete 
| 126|0x0000000087e00000, 0x0000000087f00000, 0x0000000087f00000|100%| E|CS|TAMS 0x0000000087e00000, 0x0000000087e00000| Complete 
| 127|0x0000000087f00000, 0x0000000088000000, 0x0000000088000000|100%| E|CS|TAMS 0x0000000087f00000, 0x0000000087f00000| Complete 
| 128|0x0000000088000000, 0x0000000088100000, 0x0000000088100000|100%| E|CS|TAMS 0x0000000088000000, 0x0000000088000000| Complete 
| 129|0x0000000088100000, 0x0000000088200000, 0x0000000088200000|100%| E|CS|TAMS 0x0000000088100000, 0x0000000088100000| Complete 
| 130|0x0000000088200000, 0x0000000088300000, 0x0000000088300000|100%| E|CS|TAMS 0x0000000088200000, 0x0000000088200000| Complete 
| 131|0x0000000088300000, 0x0000000088400000, 0x0000000088400000|100%| E|CS|TAMS 0x0000000088300000, 0x0000000088300000| Complete 
| 132|0x0000000088400000, 0x0000000088500000, 0x0000000088500000|100%| E|CS|TAMS 0x0000000088400000, 0x0000000088400000| Complete 
| 133|0x0000000088500000, 0x0000000088600000, 0x0000000088600000|100%| E|CS|TAMS 0x0000000088500000, 0x0000000088500000| Complete 
| 134|0x0000000088600000, 0x0000000088700000, 0x0000000088700000|100%| E|CS|TAMS 0x0000000088600000, 0x0000000088600000| Complete 
| 135|0x0000000088700000, 0x0000000088800000, 0x0000000088800000|100%| E|CS|TAMS 0x0000000088700000, 0x0000000088700000| Complete 
| 136|0x0000000088800000, 0x0000000088900000, 0x0000000088900000|100%| E|CS|TAMS 0x0000000088800000, 0x0000000088800000| Complete 
| 137|0x0000000088900000, 0x0000000088a00000, 0x0000000088a00000|100%| E|CS|TAMS 0x0000000088900000, 0x0000000088900000| Complete 
| 138|0x0000000088a00000, 0x0000000088b00000, 0x0000000088b00000|100%| E|CS|TAMS 0x0000000088a00000, 0x0000000088a00000| Complete 
| 139|0x0000000088b00000, 0x0000000088c00000, 0x0000000088c00000|100%| E|CS|TAMS 0x0000000088b00000, 0x0000000088b00000| Complete 
| 140|0x0000000088c00000, 0x0000000088d00000, 0x0000000088d00000|100%| E|CS|TAMS 0x0000000088c00000, 0x0000000088c00000| Complete 
| 141|0x0000000088d00000, 0x0000000088e00000, 0x0000000088e00000|100%| E|CS|TAMS 0x0000000088d00000, 0x0000000088d00000| Complete 
| 142|0x0000000088e00000, 0x0000000088f00000, 0x0000000088f00000|100%| E|CS|TAMS 0x0000000088e00000, 0x0000000088e00000| Complete 
| 143|0x0000000088f00000, 0x0000000089000000, 0x0000000089000000|100%| E|CS|TAMS 0x0000000088f00000, 0x0000000088f00000| Complete 
| 144|0x0000000089000000, 0x0000000089100000, 0x0000000089100000|100%| E|CS|TAMS 0x0000000089000000, 0x0000000089000000| Complete 
| 145|0x0000000089100000, 0x0000000089200000, 0x0000000089200000|100%| E|CS|TAMS 0x0000000089100000, 0x0000000089100000| Complete 
| 146|0x0000000089200000, 0x0000000089300000, 0x0000000089300000|100%| E|CS|TAMS 0x0000000089200000, 0x0000000089200000| Complete 
| 147|0x0000000089300000, 0x0000000089400000, 0x0000000089400000|100%| E|CS|TAMS 0x0000000089300000, 0x0000000089300000| Complete 
| 148|0x0000000089400000, 0x0000000089500000, 0x0000000089500000|100%| E|CS|TAMS 0x0000000089400000, 0x0000000089400000| Complete 
| 149|0x0000000089500000, 0x0000000089600000, 0x0000000089600000|100%| E|CS|TAMS 0x0000000089500000, 0x0000000089500000| Complete 
| 150|0x0000000089600000, 0x0000000089700000, 0x0000000089700000|100%| E|CS|TAMS 0x0000000089600000, 0x0000000089600000| Complete 
| 151|0x0000000089700000, 0x0000000089800000, 0x0000000089800000|100%| E|CS|TAMS 0x0000000089700000, 0x0000000089700000| Complete 

Card table byte_map: [0x000002c173a90000,0x000002c173e90000] _byte_map_base: 0x000002c173690000

Marking Bits (Prev, Next): (CMBitMap*) 0x000002c16f88d248, (CMBitMap*) 0x000002c16f88d280
 Prev Bits: [0x000002c174290000, 0x000002c176290000)
 Next Bits: [0x000002c176290000, 0x000002c178290000)

Polling page: 0x000002c16d7b0000

Metaspace:

Usage:
  Non-class:     49.61 MB capacity,    48.70 MB ( 98%) used,   780.65 KB (  2%) free+waste,   149.81 KB ( <1%) overhead. 
      Class:      7.61 MB capacity,     7.09 MB ( 93%) used,   466.30 KB (  6%) free+waste,    71.06 KB ( <1%) overhead. 
       Both:     57.22 MB capacity,    55.79 MB ( 97%) used,     1.22 MB (  2%) free+waste,   220.88 KB ( <1%) overhead. 

Virtual space:
  Non-class space:       54.00 MB reserved,      49.75 MB ( 92%) committed 
      Class space:        1.00 GB reserved,       7.70 MB ( <1%) committed 
             Both:        1.05 GB reserved,      57.45 MB (  5%) committed 

Chunk freelists:
   Non-Class:  14.00 KB
       Class:  15.00 KB
        Both:  29.00 KB

MaxMetaspaceSize: 17179869184.00 GB
CompressedClassSpaceSize: 1.00 GB

CodeHeap 'non-profiled nmethods': size=120000Kb used=3067Kb max_used=3067Kb free=116932Kb
 bounds [0x000002c107ad0000, 0x000002c107dd0000, 0x000002c10f000000]
CodeHeap 'profiled nmethods': size=120000Kb used=11629Kb max_used=11629Kb free=108370Kb
 bounds [0x000002c1005a0000, 0x000002c101100000, 0x000002c107ad0000]
CodeHeap 'non-nmethods': size=5760Kb used=2239Kb max_used=2271Kb free=3520Kb
 bounds [0x000002c100000000, 0x000002c100270000, 0x000002c1005a0000]
 total_blobs=6481 nmethods=5659 adapters=733
 compilation: enabled
              stopped_count=0, restarted_count=0
 full_count=0

Compilation events (20 events):
Event: 21.437 Thread 0x000002c17ad0c800 5690       3       java.lang.invoke.BoundMethodHandle::bindArgumentL (11 bytes)
Event: 21.438 Thread 0x000002c17ad0c800 nmethod 5690 0x000002c1010f3b90 code [0x000002c1010f3d80, 0x000002c1010f4258]
Event: 21.438 Thread 0x000002c17ad0c800 5691       3       java.lang.invoke.LambdaFormEditor::bindArgumentL (59 bytes)
Event: 21.438 Thread 0x000002c17ad0c800 nmethod 5691 0x000002c1010f4490 code [0x000002c1010f4660, 0x000002c1010f48e8]
Event: 21.438 Thread 0x000002c17ad0c800 5693       3       com.google.common.collect.RegularImmutableMap::createEntrySet (18 bytes)
Event: 21.439 Thread 0x000002c17ad0c800 nmethod 5693 0x000002c1010f4a10 code [0x000002c1010f4be0, 0x000002c1010f4fd8]
Event: 21.439 Thread 0x000002c17ad0c800 5694       3       com.google.common.collect.RegularImmutableMap$EntrySet::<init> (26 bytes)
Event: 21.439 Thread 0x000002c17ad0c800 nmethod 5694 0x000002c1010f5190 code [0x000002c1010f5360, 0x000002c1010f5698]
Event: 21.439 Thread 0x000002c17ad0c800 5695       3       com.google.common.reflect.TypeToken::getRawTypes (34 bytes)
Event: 21.440 Thread 0x000002c17ad0c800 nmethod 5695 0x000002c1010f5810 code [0x000002c1010f5aa0, 0x000002c1010f68c8]
Event: 21.440 Thread 0x000002c17ad0c800 5696       3       com.google.common.reflect.TypeToken$4::<init> (15 bytes)
Event: 21.441 Thread 0x000002c17ad0c800 nmethod 5696 0x000002c1010f6d10 code [0x000002c1010f6f20, 0x000002c1010f75f8]
Event: 21.441 Thread 0x000002c17ad0c800 5697       3       com.google.common.reflect.TypeToken$4::visitClass (10 bytes)
Event: 21.441 Thread 0x000002c17ad0c800 nmethod 5697 0x000002c1010f7810 code [0x000002c1010f79c0, 0x000002c1010f7b88]
Event: 21.457 Thread 0x000002c17ad0c800 5698       3       java.util.concurrent.locks.ReentrantLock::newCondition (8 bytes)
Event: 21.458 Thread 0x000002c17ad0c800 nmethod 5698 0x000002c1010f7c90 code [0x000002c1010f7e60, 0x000002c1010f8138]
Event: 21.458 Thread 0x000002c17ad0c800 5699       3       java.util.concurrent.locks.ReentrantLock$Sync::newCondition (9 bytes)
Event: 21.458 Thread 0x000002c17ad0c800 nmethod 5699 0x000002c1010f8290 code [0x000002c1010f8460, 0x000002c1010f86d8]
Event: 21.458 Thread 0x000002c17ad0c800 5700       3       java.util.concurrent.locks.AbstractQueuedSynchronizer$ConditionObject::<init> (10 bytes)
Event: 21.458 Thread 0x000002c17ad0c800 nmethod 5700 0x000002c1010f8810 code [0x000002c1010f89c0, 0x000002c1010f8b78]

GC Heap History (16 events):
Event: 1.069 GC heap before
{Heap before GC invocations=0 (full 0):
 garbage-first heap   total 129024K, used 29696K [0x0000000080000000, 0x0000000100000000)
  region size 1024K, 24 young (24576K), 0 survivors (0K)
 Metaspace       used 9792K, capacity 9986K, committed 10112K, reserved 1058816K
  class space    used 1021K, capacity 1102K, committed 1152K, reserved 1048576K
}
Event: 1.075 GC heap after
{Heap after GC invocations=1 (full 0):
 garbage-first heap   total 129024K, used 9043K [0x0000000080000000, 0x0000000100000000)
  region size 1024K, 3 young (3072K), 3 survivors (3072K)
 Metaspace       used 9792K, capacity 9986K, committed 10112K, reserved 1058816K
  class space    used 1021K, capacity 1102K, committed 1152K, reserved 1048576K
}
Event: 4.034 GC heap before
{Heap before GC invocations=1 (full 0):
 garbage-first heap   total 129024K, used 75603K [0x0000000080000000, 0x0000000100000000)
  region size 1024K, 67 young (68608K), 3 survivors (3072K)
 Metaspace       used 17068K, capacity 17455K, committed 17792K, reserved 1064960K
  class space    used 1965K, capacity 2086K, committed 2176K, reserved 1048576K
}
Event: 4.041 GC heap after
{Heap after GC invocations=2 (full 0):
 garbage-first heap   total 129024K, used 16105K [0x0000000080000000, 0x0000000100000000)
  region size 1024K, 9 young (9216K), 9 survivors (9216K)
 Metaspace       used 17068K, capacity 17455K, committed 17792K, reserved 1064960K
  class space    used 1965K, capacity 2086K, committed 2176K, reserved 1048576K
}
Event: 5.181 GC heap before
{Heap before GC invocations=2 (full 0):
 garbage-first heap   total 129024K, used 46825K [0x0000000080000000, 0x0000000100000000)
  region size 1024K, 40 young (40960K), 9 survivors (9216K)
 Metaspace       used 20625K, capacity 21118K, committed 21248K, reserved 1067008K
  class space    used 2520K, capacity 2720K, committed 2816K, reserved 1048576K
}
Event: 5.213 GC heap after
{Heap after GC invocations=3 (full 0):
 garbage-first heap   total 129024K, used 16615K [0x0000000080000000, 0x0000000100000000)
  region size 1024K, 2 young (2048K), 2 survivors (2048K)
 Metaspace       used 20625K, capacity 21118K, committed 21248K, reserved 1067008K
  class space    used 2520K, capacity 2720K, committed 2816K, reserved 1048576K
}
Event: 6.096 GC heap before
{Heap before GC invocations=4 (full 0):
 garbage-first heap   total 129024K, used 68839K [0x0000000080000000, 0x0000000100000000)
  region size 1024K, 53 young (54272K), 2 survivors (2048K)
 Metaspace       used 25906K, capacity 26485K, committed 26752K, reserved 1073152K
  class space    used 3387K, capacity 3599K, committed 3712K, reserved 1048576K
}
Event: 6.099 GC heap after
{Heap after GC invocations=5 (full 0):
 garbage-first heap   total 129024K, used 18350K [0x0000000080000000, 0x0000000100000000)
  region size 1024K, 3 young (3072K), 3 survivors (3072K)
 Metaspace       used 25906K, capacity 26485K, committed 26752K, reserved 1073152K
  class space    used 3387K, capacity 3599K, committed 3712K, reserved 1048576K
}
Event: 7.248 GC heap before
{Heap before GC invocations=5 (full 0):
 garbage-first heap   total 129024K, used 74670K [0x0000000080000000, 0x0000000100000000)
  region size 1024K, 59 young (60416K), 3 survivors (3072K)
 Metaspace       used 35041K, capacity 35830K, committed 35840K, reserved 1081344K
  class space    used 4538K, capacity 4864K, committed 4864K, reserved 1048576K
}
Event: 7.258 GC heap after
{Heap after GC invocations=6 (full 0):
 garbage-first heap   total 129024K, used 21972K [0x0000000080000000, 0x0000000100000000)
  region size 1024K, 7 young (7168K), 7 survivors (7168K)
 Metaspace       used 35041K, capacity 35830K, committed 35840K, reserved 1081344K
  class space    used 4538K, capacity 4864K, committed 4864K, reserved 1048576K
}
Event: 9.416 GC heap before
{Heap before GC invocations=7 (full 0):
 garbage-first heap   total 129024K, used 83412K [0x0000000080000000, 0x0000000100000000)
  region size 1024K, 65 young (66560K), 7 survivors (7168K)
 Metaspace       used 39330K, capacity 40269K, committed 40524K, reserved 1085440K
  class space    used 5023K, capacity 5357K, committed 5452K, reserved 1048576K
}
Event: 9.431 GC heap after
{Heap after GC invocations=8 (full 0):
 garbage-first heap   total 129024K, used 26860K [0x0000000080000000, 0x0000000100000000)
  region size 1024K, 9 young (9216K), 9 survivors (9216K)
 Metaspace       used 39330K, capacity 40269K, committed 40524K, reserved 1085440K
  class space    used 5023K, capacity 5357K, committed 5452K, reserved 1048576K
}
Event: 13.580 GC heap before
{Heap before GC invocations=8 (full 0):
 garbage-first heap   total 129024K, used 86252K [0x0000000080000000, 0x0000000100000000)
  region size 1024K, 67 young (68608K), 9 survivors (9216K)
 Metaspace       used 44709K, capacity 45843K, committed 46156K, reserved 1089536K
  class space    used 5740K, capacity 6146K, committed 6220K, reserved 1048576K
}
Event: 13.605 GC heap after
{Heap after GC invocations=9 (full 0):
 garbage-first heap   total 129024K, used 29001K [0x0000000080000000, 0x0000000100000000)
  region size 1024K, 3 young (3072K), 3 survivors (3072K)
 Metaspace       used 44709K, capacity 45843K, committed 46156K, reserved 1089536K
  class space    used 5740K, capacity 6146K, committed 6220K, reserved 1048576K
}
Event: 17.894 GC heap before
{Heap before GC invocations=9 (full 0):
 garbage-first heap   total 129024K, used 93513K [0x0000000080000000, 0x0000000100000000)
  region size 1024K, 63 young (64512K), 3 survivors (3072K)
 Metaspace       used 48026K, capacity 49338K, committed 49356K, reserved 1091584K
  class space    used 6135K, capacity 6586K, committed 6604K, reserved 1048576K
}
Event: 17.905 GC heap after
{Heap after GC invocations=10 (full 0):
 garbage-first heap   total 155648K, used 40960K [0x0000000080000000, 0x0000000100000000)
  region size 1024K, 8 young (8192K), 8 survivors (8192K)
 Metaspace       used 48026K, capacity 49338K, committed 49356K, reserved 1091584K
  class space    used 6135K, capacity 6586K, committed 6604K, reserved 1048576K
}

Deoptimization events (20 events):
Event: 18.127 Thread 0x000002c17d057000 DEOPT PACKING pc=0x000002c107ca0288 sp=0x000000f25adf82f0
Event: 18.127 Thread 0x000002c17d057000 DEOPT UNPACKING pc=0x000002c1000278af sp=0x000000f25adf8298 mode 2
Event: 18.165 Thread 0x000002c17d057000 Uncommon trap: trap_request=0xffffff45 fr.pc=0x000002c107bf58f4 relative=0x0000000000000214
Event: 18.165 Thread 0x000002c17d057000 Uncommon trap: reason=unstable_fused_if action=reinterpret pc=0x000002c107bf58f4 method=org.objectweb.asm.ByteVector.putUTF8(Ljava/lang/String;)Lorg/objectweb/asm/ByteVector; @ 93 c2
Event: 18.165 Thread 0x000002c17d057000 DEOPT PACKING pc=0x000002c107bf58f4 sp=0x000000f25adf8430
Event: 18.165 Thread 0x000002c17d057000 DEOPT UNPACKING pc=0x000002c1000278af sp=0x000000f25adf83b0 mode 2
Event: 19.369 Thread 0x000002c17d057000 Uncommon trap: trap_request=0xffffffc6 fr.pc=0x000002c107c145fc relative=0x000000000000047c
Event: 19.369 Thread 0x000002c17d057000 Uncommon trap: reason=bimorphic_or_optimized_type_check action=maybe_recompile pc=0x000002c107c145fc method=java.util.Spliterators$IteratorSpliterator.tryAdvance(Ljava/util/function/Consumer;)Z @ 50 c2
Event: 19.369 Thread 0x000002c17d057000 DEOPT PACKING pc=0x000002c107c145fc sp=0x000000f25adf8100
Event: 19.369 Thread 0x000002c17d057000 DEOPT UNPACKING pc=0x000002c1000278af sp=0x000000f25adf80a0 mode 2
Event: 19.865 Thread 0x000002c17d057000 Uncommon trap: trap_request=0xffffff4d fr.pc=0x000002c107db3120 relative=0x0000000000000420
Event: 19.865 Thread 0x000002c17d057000 Uncommon trap: reason=unstable_if action=reinterpret pc=0x000002c107db3120 method=org.gradle.internal.instantiation.generator.AbstractClassGenerator$InjectionAnnotationValidator.validateMethod(Ljava/lang/reflect/Method;Lorg/gradle/internal/reflect/Propert
Event: 19.865 Thread 0x000002c17d057000 DEOPT PACKING pc=0x000002c107db3120 sp=0x000000f25adf8090
Event: 19.865 Thread 0x000002c17d057000 DEOPT UNPACKING pc=0x000002c1000278af sp=0x000000f25adf8058 mode 2
Event: 20.889 Thread 0x000002c17d057000 Uncommon trap: trap_request=0xffffffc6 fr.pc=0x000002c107c8feac relative=0x0000000000003b0c
Event: 20.889 Thread 0x000002c17d057000 Uncommon trap: reason=bimorphic_or_optimized_type_check action=maybe_recompile pc=0x000002c107c8feac method=java.util.AbstractCollection.addAll(Ljava/util/Collection;)Z @ 29 c2
Event: 20.890 Thread 0x000002c17d057000 DEOPT PACKING pc=0x000002c107c8feac sp=0x000000f25adf8ae0
Event: 20.890 Thread 0x000002c17d057000 DEOPT UNPACKING pc=0x000002c1000278af sp=0x000000f25adf8ae0 mode 2
Event: 21.394 Thread 0x000002c17d057000 DEOPT PACKING pc=0x000002c100d73c61 sp=0x000000f25adf68d0
Event: 21.394 Thread 0x000002c17d057000 DEOPT UNPACKING pc=0x000002c1000276ce sp=0x000000f25adf5d88 mode 0

Classes redefined (0 events):
No events

Internal exceptions (20 events):
Event: 17.801 Thread 0x000002c17c1f5800 Exception <a 'java/lang/NoSuchMethodError'{0x00000000846a63b8}: <clinit>> (0x00000000846a63b8) thrown at [./src/hotspot/share/prims/jni.cpp, line 1362]
Event: 17.801 Thread 0x000002c17c1f5800 Exception <a 'java/lang/NoSuchMethodError'{0x00000000846a76c0}: <clinit>> (0x00000000846a76c0) thrown at [./src/hotspot/share/prims/jni.cpp, line 1362]
Event: 17.801 Thread 0x000002c17c1f5800 Exception <a 'java/lang/NoSuchMethodError'{0x00000000846a86e0}: <clinit>> (0x00000000846a86e0) thrown at [./src/hotspot/share/prims/jni.cpp, line 1362]
Event: 17.803 Thread 0x000002c17c1f5800 Exception <a 'java/lang/NoSuchMethodError'{0x00000000846b2720}: <clinit>> (0x00000000846b2720) thrown at [./src/hotspot/share/prims/jni.cpp, line 1362]
Event: 17.803 Thread 0x000002c17c1f5800 Exception <a 'java/lang/NoSuchMethodError'{0x00000000846bce78}: <clinit>> (0x00000000846bce78) thrown at [./src/hotspot/share/prims/jni.cpp, line 1362]
Event: 17.806 Thread 0x000002c17c1f5800 Exception <a 'java/lang/NoSuchMethodError'{0x00000000846d0dc8}: <clinit>> (0x00000000846d0dc8) thrown at [./src/hotspot/share/prims/jni.cpp, line 1362]
Event: 17.807 Thread 0x000002c17d057000 Implicit null exception at 0x000002c107d2c023 to 0x000002c107d2c234
Event: 17.821 Thread 0x000002c17d057000 Exception <a 'java/lang/ClassNotFoundException'{0x000000008453f9d0}: build_2eaco7z21rcyt1wgv6hq72zkpBeanInfo> (0x000000008453f9d0) thrown at [./src/hotspot/share/classfile/systemDictionary.cpp, line 231]
Event: 17.822 Thread 0x000002c17d057000 Exception <a 'java/lang/ClassNotFoundException'{0x000000008454a8f8}: build_2eaco7z21rcyt1wgv6hq72zkpCustomizer> (0x000000008454a8f8) thrown at [./src/hotspot/share/classfile/systemDictionary.cpp, line 231]
Event: 17.832 Thread 0x000002c17d057000 Exception <a 'java/lang/ClassNotFoundException'{0x00000000845cab38}: org/gradle/plugin/use/internal/PluginRequestCollector$PluginDependenciesSpecImplBeanInfo> (0x00000000845cab38) thrown at [./src/hotspot/share/classfile/systemDictionary.cpp, line 231]
Event: 17.834 Thread 0x000002c17d057000 Exception <a 'java/lang/ClassNotFoundException'{0x00000000845f89e8}: org/gradle/plugin/use/internal/PluginRequestCollector$PluginDependenciesSpecImplCustomizer> (0x00000000845f89e8) thrown at [./src/hotspot/share/classfile/systemDictionary.cpp, line 231]
Event: 17.883 Thread 0x000002c17d057000 Exception <a 'java/lang/ClassNotFoundException'{0x0000000083f7c580}: org/gradle/api/internal/plugins/DefaultObjectConfigurationActionBeanInfo> (0x0000000083f7c580) thrown at [./src/hotspot/share/classfile/systemDictionary.cpp, line 231]
Event: 17.885 Thread 0x000002c17d057000 Exception <a 'java/lang/ClassNotFoundException'{0x0000000083fafb98}: org/gradle/api/internal/plugins/DefaultObjectConfigurationActionCustomizer> (0x0000000083fafb98) thrown at [./src/hotspot/share/classfile/systemDictionary.cpp, line 231]
Event: 18.109 Thread 0x000002c17d057000 Exception <a 'java/lang/NoSuchMethodError'{0x0000000088e9e568}: 'java.lang.Object java.lang.invoke.DirectMethodHandle$Holder.invokeStatic(java.lang.Object, java.lang.Object, java.lang.Object, java.lang.Object, int)'> (0x0000000088e9e568) thrown at [./src/hotspot/share/interpreter/linkResolver.cpp, line 773]
Event: 18.110 Thread 0x000002c17d057000 Exception <a 'java/lang/NoSuchMethodError'{0x0000000088ea2f60}: 'java.lang.Object java.lang.invoke.DirectMethodHandle$Holder.invokeSpecial(java.lang.Object, java.lang.Object, java.lang.Object, java.lang.Object, java.lang.Object, int)'> (0x0000000088ea2f60) thrown at [./src/hotspot/share/interpreter/linkResolver.cpp, line 773]
Event: 18.111 Thread 0x000002c17d057000 Exception <a 'java/lang/NoSuchMethodError'{0x0000000088ea75a0}: 'java.lang.Object java.lang.invoke.Invokers$Holder.linkToTargetMethod(java.lang.Object, java.lang.Object, java.lang.Object, int, java.lang.Object)'> (0x0000000088ea75a0) thrown at [./src/hotspot/share/interpreter/linkResolver.cpp, line 773]
Event: 18.463 Thread 0x000002c17d057000 Exception <a 'java/lang/NoSuchMethodError'{0x00000000880f7e98}: 'java.lang.Object java.lang.invoke.DirectMethodHandle$Holder.invokeSpecial(java.lang.Object, java.lang.Object, int, int, java.lang.Object, java.lang.Object, java.lang.Object)'> (0x00000000880f7e98) thrown at [./src/hotspot/share/interpreter/linkResolver.cpp, line 773]
Event: 18.463 Thread 0x000002c17d057000 Exception <a 'java/lang/NoSuchMethodError'{0x00000000880fc418}: 'java.lang.Object java.lang.invoke.DelegatingMethodHandle$Holder.reinvoke_L(java.lang.Object, int, int, java.lang.Object, java.lang.Object, java.lang.Object)'> (0x00000000880fc418) thrown at [./src/hotspot/share/interpreter/linkResolver.cpp, line 773]
Event: 19.476 Thread 0x000002c17d057000 Exception <a 'java/lang/NoSuchMethodError'{0x00000000874678d8}: 'int java.lang.invoke.DirectMethodHandle$Holder.invokeInterface(java.lang.Object, java.lang.Object, java.lang.Object, java.lang.Object)'> (0x00000000874678d8) thrown at [./src/hotspot/share/interpreter/linkResolver.cpp, line 773]
Event: 21.297 Thread 0x000002c17d057000 Exception <a 'java/lang/NoSuchMethodError'{0x0000000086433358}: 'void java.lang.invoke.DirectMethodHandle$Holder.invokeInterface(java.lang.Object, java.lang.Object, java.lang.Object, java.lang.Object)'> (0x0000000086433358) thrown at [./src/hotspot/share/interpreter/linkResolver.cpp, line 773]

Events (20 events):
Event: 21.451 loading class org/gradle/internal/jvm/inspection/JvmInstallationMetadata$DefaultJvmInstallationMetadata
Event: 21.451 loading class org/gradle/internal/jvm/inspection/JvmInstallationMetadata$DefaultJvmInstallationMetadata done
Event: 21.451 loading class org/gradle/internal/remote/internal/hub/MessageHubBackedServer
Event: 21.451 loading class org/gradle/internal/remote/internal/hub/MessageHubBackedServer done
Event: 21.452 loading class org/gradle/internal/jvm/inspection/DefaultJvmVersionDetector
Event: 21.452 loading class org/gradle/internal/jvm/inspection/DefaultJvmVersionDetector done
Event: 21.453 loading class org/gradle/process/internal/health/memory/DefaultOsMemoryInfo
Event: 21.453 loading class org/gradle/process/internal/health/memory/DefaultOsMemoryInfo done
Event: 21.454 loading class org/gradle/process/internal/health/memory/MBeanOsMemoryInfo
Event: 21.454 loading class org/gradle/process/internal/health/memory/MBeanOsMemoryInfo done
Event: 21.454 loading class org/gradle/process/internal/health/memory/OsMemoryStatus
Event: 21.454 loading class org/gradle/process/internal/health/memory/OsMemoryStatus done
Event: 21.455 loading class org/gradle/process/internal/health/memory/DefaultJvmMemoryInfo
Event: 21.455 loading class org/gradle/process/internal/health/memory/DefaultJvmMemoryInfo done
Event: 21.455 loading class org/gradle/process/internal/health/memory/JvmMemoryStatus
Event: 21.455 loading class org/gradle/process/internal/health/memory/JvmMemoryStatus done
Event: 21.456 loading class org/gradle/process/internal/health/memory/DefaultMemoryManager
Event: 21.456 loading class org/gradle/process/internal/health/memory/DefaultMemoryManager done
Event: 21.457 loading class org/gradle/process/internal/health/memory/JvmMemoryStatusListener
Event: 21.457 loading class org/gradle/process/internal/health/memory/JvmMemoryStatusListener done


Dynamic libraries:
0x00007ff62b930000 - 0x00007ff62b93a000 	C:\Program Files\Android\Android Studio\jre\bin\java.exe
0x00007ffed2050000 - 0x00007ffed2245000 	C:\Windows\SYSTEM32\ntdll.dll
0x00007ffed1c90000 - 0x00007ffed1d4e000 	C:\Windows\System32\KERNEL32.DLL
0x00007ffecf8c0000 - 0x00007ffecfb88000 	C:\Windows\System32\KERNELBASE.dll
0x00007ffecfce0000 - 0x00007ffecfde0000 	C:\Windows\System32\ucrtbase.dll
0x00007ffea6400000 - 0x00007ffea6419000 	C:\Program Files\Android\Android Studio\jre\bin\jli.dll
0x00007ffea63e0000 - 0x00007ffea63f7000 	C:\Program Files\Android\Android Studio\jre\bin\VCRUNTIME140.dll
0x00007ffed10a0000 - 0x00007ffed1241000 	C:\Windows\System32\USER32.dll
0x00007ffecfe70000 - 0x00007ffecfe92000 	C:\Windows\System32\win32u.dll
0x00007ffed0210000 - 0x00007ffed023b000 	C:\Windows\System32\GDI32.dll
0x00007ffeb4e50000 - 0x00007ffeb50ea000 	C:\Windows\WinSxS\amd64_microsoft.windows.common-controls_6595b64144ccf1df_6.0.19041.1110_none_60b5254171f9507e\COMCTL32.dll
0x00007ffecff80000 - 0x00007ffed008d000 	C:\Windows\System32\gdi32full.dll
0x00007ffed0090000 - 0x00007ffed012e000 	C:\Windows\System32\msvcrt.dll
0x00007ffecfb90000 - 0x00007ffecfc2d000 	C:\Windows\System32\msvcp_win.dll
0x00007ffed08c0000 - 0x00007ffed08f0000 	C:\Windows\System32\IMM32.DLL
0x00007ffe96430000 - 0x00007ffe964cd000 	C:\Program Files\Android\Android Studio\jre\bin\msvcp140.dll
0x00007ffe8be70000 - 0x00007ffe8c93f000 	C:\Program Files\Android\Android Studio\jre\bin\server\jvm.dll
0x00007ffed1ef0000 - 0x00007ffed1f9c000 	C:\Windows\System32\ADVAPI32.dll
0x00007ffed07a0000 - 0x00007ffed083b000 	C:\Windows\System32\sechost.dll
0x00007ffed19b0000 - 0x00007ffed1ada000 	C:\Windows\System32\RPCRT4.dll
0x00007ffed1250000 - 0x00007ffed1258000 	C:\Windows\System32\PSAPI.DLL
0x00007ffec7ef0000 - 0x00007ffec7efa000 	C:\Windows\SYSTEM32\VERSION.dll
0x00007ffeb3c70000 - 0x00007ffeb3c97000 	C:\Windows\SYSTEM32\WINMM.dll
0x00007ffeb10b0000 - 0x00007ffeb10b9000 	C:\Windows\SYSTEM32\WSOCK32.dll
0x00007ffed1fa0000 - 0x00007ffed200b000 	C:\Windows\System32\WS2_32.dll
0x00007ffecdfe0000 - 0x00007ffecdff2000 	C:\Windows\SYSTEM32\kernel.appcore.dll
0x00007ffeca050000 - 0x00007ffeca061000 	C:\Program Files\Android\Android Studio\jre\bin\verify.dll
0x00007ffecd550000 - 0x00007ffecd734000 	C:\Windows\SYSTEM32\DBGHELP.DLL
0x00007ffeaf360000 - 0x00007ffeaf38c000 	C:\Windows\SYSTEM32\dbgcore.DLL
0x00007ffecfde0000 - 0x00007ffecfe62000 	C:\Windows\System32\bcryptPrimitives.dll
0x00007ffec8ab0000 - 0x00007ffec8ad9000 	C:\Program Files\Android\Android Studio\jre\bin\java.dll
0x00007ffeca040000 - 0x00007ffeca04b000 	C:\Program Files\Android\Android Studio\jre\bin\jimage.dll
0x00007ffec8a90000 - 0x00007ffec8aa8000 	C:\Program Files\Android\Android Studio\jre\bin\zip.dll
0x00007ffed1260000 - 0x00007ffed19a4000 	C:\Windows\System32\SHELL32.dll
0x00007ffecd740000 - 0x00007ffecded4000 	C:\Windows\SYSTEM32\windows.storage.dll
0x00007ffed0a50000 - 0x00007ffed0da5000 	C:\Windows\System32\combase.dll
0x00007ffecf1b0000 - 0x00007ffecf1de000 	C:\Windows\SYSTEM32\Wldp.dll
0x00007ffed09a0000 - 0x00007ffed0a4d000 	C:\Windows\System32\SHCORE.dll
0x00007ffed0720000 - 0x00007ffed0775000 	C:\Windows\System32\shlwapi.dll
0x00007ffecf6a0000 - 0x00007ffecf6bf000 	C:\Windows\SYSTEM32\profapi.dll
0x00007ffec87c0000 - 0x00007ffec87da000 	C:\Program Files\Android\Android Studio\jre\bin\net.dll
0x00007ffec40b0000 - 0x00007ffec41bc000 	C:\Windows\SYSTEM32\WINHTTP.dll
0x00007ffecef10000 - 0x00007ffecef7a000 	C:\Windows\system32\mswsock.dll
0x00007ffec87a0000 - 0x00007ffec87b4000 	C:\Program Files\Android\Android Studio\jre\bin\nio.dll
0x00007ffeb3a90000 - 0x00007ffeb3ab7000 	C:\Users\hp\.gradle\native\8bec1ad78214c89d9ad589b4d07fe93259594b29d510b10fafb7a158f7737e5d\windows-amd64\native-platform.dll
0x00007ffeb24e0000 - 0x00007ffeb261d000 	C:\Users\hp\.gradle\native\53dbd7edfb1c66fb8903c78663c9afc45aea4f116125fa6feffd364cf09443e8\windows-amd64\native-platform-file-events.dll
0x00007ffeca030000 - 0x00007ffeca03a000 	C:\Program Files\Android\Android Studio\jre\bin\management.dll
0x00007ffec8a80000 - 0x00007ffec8a8c000 	C:\Program Files\Android\Android Studio\jre\bin\management_ext.dll
0x00007ffecf100000 - 0x00007ffecf118000 	C:\Windows\SYSTEM32\CRYPTSP.dll
0x00007ffece820000 - 0x00007ffece854000 	C:\Windows\system32\rsaenh.dll
0x00007ffecff50000 - 0x00007ffecff77000 	C:\Windows\System32\bcrypt.dll
0x00007ffecf660000 - 0x00007ffecf68e000 	C:\Windows\SYSTEM32\USERENV.dll
0x00007ffecf120000 - 0x00007ffecf12c000 	C:\Windows\SYSTEM32\CRYPTBASE.dll
0x00007ffecebb0000 - 0x00007ffecebeb000 	C:\Windows\SYSTEM32\IPHLPAPI.DLL
0x00007ffed1ee0000 - 0x00007ffed1ee8000 	C:\Windows\System32\NSI.dll
0x00007ffec64b0000 - 0x00007ffec64c7000 	C:\Windows\SYSTEM32\dhcpcsvc6.DLL
0x00007ffec6750000 - 0x00007ffec676d000 	C:\Windows\SYSTEM32\dhcpcsvc.DLL
0x00007ffecec00000 - 0x00007ffececcb000 	C:\Windows\SYSTEM32\DNSAPI.dll

dbghelp: loaded successfully - version: 4.0.5 - missing functions: none
symbol engine: initialized successfully - sym options: 0x614 - pdb path: .;C:\Program Files\Android\Android Studio\jre\bin;C:\Windows\SYSTEM32;C:\Windows\WinSxS\amd64_microsoft.windows.common-controls_6595b64144ccf1df_6.0.19041.1110_none_60b5254171f9507e;C:\Program Files\Android\Android Studio\jre\bin\server;C:\Users\hp\.gradle\native\8bec1ad78214c89d9ad589b4d07fe93259594b29d510b10fafb7a158f7737e5d\windows-amd64;C:\Users\hp\.gradle\native\53dbd7edfb1c66fb8903c78663c9afc45aea4f116125fa6feffd364cf09443e8\windows-amd64

VM Arguments:
jvm_args: --add-opens=java.base/java.util=ALL-UNNAMED --add-opens=java.base/java.lang=ALL-UNNAMED --add-opens=java.base/java.lang.invoke=ALL-UNNAMED --add-opens=java.base/java.util=ALL-UNNAMED --add-opens=java.prefs/java.util.prefs=ALL-UNNAMED --add-opens=java.prefs/java.util.prefs=ALL-UNNAMED --add-opens=java.base/java.nio.charset=ALL-UNNAMED --add-opens=java.base/java.net=ALL-UNNAMED --add-opens=java.base/java.util.concurrent.atomic=ALL-UNNAMED -Xmx2048m -Dfile.encoding=UTF-8 -Duser.country=US -Duser.language=en -Duser.variant 
java_command: org.gradle.launcher.daemon.bootstrap.GradleDaemon 7.0.2
java_class_path (initial): C:\Users\hp\.gradle\wrapper\dists\gradle-7.0.2-bin\857tjihv64xamwrf0h14cai3r\gradle-7.0.2\lib\gradle-launcher-7.0.2.jar
Launcher Type: SUN_STANDARD

[Global flags]
     intx CICompilerCount                          = 4                                         {product} {ergonomic}
     uint ConcGCThreads                            = 2                                         {product} {ergonomic}
     uint G1ConcRefinementThreads                  = 8                                         {product} {ergonomic}
   size_t G1HeapRegionSize                         = 1048576                                   {product} {ergonomic}
    uintx GCDrainStackTargetSize                   = 64                                        {product} {ergonomic}
   size_t InitialHeapSize                          = 132120576                                 {product} {ergonomic}
   size_t MarkStackSize                            = 4194304                                   {product} {ergonomic}
   size_t MaxHeapSize                              = 2147483648                                {product} {command line}
   size_t MaxNewSize                               = 1287651328                                {product} {ergonomic}
   size_t MinHeapDeltaBytes                        = 1048576                                   {product} {ergonomic}
    uintx NonNMethodCodeHeapSize                   = 5836300                                {pd product} {ergonomic}
    uintx NonProfiledCodeHeapSize                  = 122910970                              {pd product} {ergonomic}
    uintx ProfiledCodeHeapSize                     = 122910970                              {pd product} {ergonomic}
    uintx ReservedCodeCacheSize                    = 251658240                              {pd product} {ergonomic}
     bool SegmentedCodeCache                       = true                                      {product} {ergonomic}
     bool UseCompressedClassPointers               = true                                 {lp64_product} {ergonomic}
     bool UseCompressedOops                        = true                                 {lp64_product} {ergonomic}
     bool UseG1GC                                  = true                                      {product} {ergonomic}
     bool UseLargePagesIndividualAllocation        = false                                  {pd product} {ergonomic}

Logging:
Log output configuration:
 #0: stdout all=warning uptime,level,tags
 #1: stderr all=off uptime,level,tags

Environment Variables:
JAVA_HOME=C:\Program Files\Java\jdk-16.0.2
PATH=C:\Program Files\Common Files\Oracle\Java\javapath;C:\Windows\system32;C:\Windows;C:\Windows\System32\Wbem;C:\Windows\System32\WindowsPowerShell\v1.0\;C:\Windows\System32\OpenSSH\;C:\Program Files (x86)\NVIDIA Corporation\PhysX\Common;C:\Program Files\Java\jdk-16.0.2\bin;C:\Program Files\Git\cmd;C:\Program Files (x86)\Schneider Electric\Schneider Electric Software Installer\;C:\Users\hp\AppData\Local\Microsoft\WindowsApps;;C:\Users\hp\AppData\Local\Programs\Microsoft VS Code\bin
USERNAME=hp
OS=Windows_NT
PROCESSOR_IDENTIFIER=Intel64 Family 6 Model 142 Stepping 12, GenuineIntel



---------------  S Y S T E M  ---------------

OS: Windows 10 , 64 bit Build 19041 (10.0.19041.1348)
OS uptime: 2 days 11:36 hours

CPU:total 8 (initial active 8) (4 cores per cpu, 2 threads per core) family 6 model 142 stepping 12 microcode 0xea, cmov, cx8, fxsr, mmx, sse, sse2, sse3, ssse3, sse4.1, sse4.2, popcnt, avx, avx2, aes, clmul, erms, 3dnowpref, lzcnt, ht, tsc, tscinvbit, bmi1, bmi2, adx, fma

Memory: 4k page, system-wide physical 8029M (696M free)
TotalPageFile size 40427M (AvailPageFile size 2M)
current process WorkingSet (physical memory assigned to process): 308M, peak: 308M
current process commit charge ("private bytes"): 362M, peak: 363M

vm_info: OpenJDK 64-Bit Server VM (11.0.10+0-b96-7249189) for windows-amd64 JRE (11.0.10+0-b96-7249189), built on Mar 31 2021 21:44:00 by "builder" with MS VC++ 14.0 (VS2015)

END.
