#
# There is insufficient memory for the Java Runtime Environment to continue.
# Native memory allocation (malloc) failed to allocate 1870736 bytes for Chunk::new
# Possible reasons:
#   The system is out of physical RAM or swap space
#   The process is running with CompressedOops enabled, and the Java Heap may be blocking the growth of the native heap
# Possible solutions:
#   Reduce memory load on the system
#   Increase physical memory or swap space
#   Check if swap backing store is full
#   Decrease Java heap size (-Xmx/-Xms)
#   Decrease number of Java threads
#   Decrease Java thread stack sizes (-Xss)
#   Set larger code cache with -XX:ReservedCodeCacheSize=
#   JVM is running with Unscaled Compressed Oops mode in which the Java heap is
#     placed in the first 4GB address space. The Java Heap base address is the
#     maximum limit for the native heap growth. Please use -XX:HeapBaseMinAddress
#     to set the Java Heap base and to place the Java Heap above 4GB virtual address.
# This output file may be truncated or incomplete.
#
#  Out of Memory Error (./src/hotspot/share/memory/arena.cpp:197), pid=4396, tid=3848
#
# JRE version: OpenJDK Runtime Environment (11.0.10) (build 11.0.10+0-b96-7249189)
# Java VM: OpenJDK 64-Bit Server VM (11.0.10+0-b96-7249189, mixed mode, tiered, compressed oops, g1 gc, windows-amd64)
# No core dump will be written. Minidumps are not enabled by default on client versions of Windows
#

---------------  S U M M A R Y ------------

Command Line: --add-opens=java.base/java.util=ALL-UNNAMED --add-opens=java.base/java.lang=ALL-UNNAMED --add-opens=java.base/java.lang.invoke=ALL-UNNAMED --add-opens=java.base/java.util=ALL-UNNAMED --add-opens=java.prefs/java.util.prefs=ALL-UNNAMED --add-opens=java.prefs/java.util.prefs=ALL-UNNAMED --add-opens=java.base/java.nio.charset=ALL-UNNAMED --add-opens=java.base/java.net=ALL-UNNAMED --add-opens=java.base/java.util.concurrent.atomic=ALL-UNNAMED -Xmx2048m -Dfile.encoding=UTF-8 -Duser.country=US -Duser.language=en -Duser.variant org.gradle.launcher.daemon.bootstrap.GradleDaemon 7.0.2

Host: Intel(R) Core(TM) i7-10510U CPU @ 1.80GHz, 8 cores, 7G,  Windows 10 , 64 bit Build 19041 (10.0.19041.1348)
Time: Mon Dec 20 12:22:03 2021 Jerusalem Standard Time elapsed time: 6.779144 seconds (0d 0h 0m 6s)

---------------  T H R E A D  ---------------

Current thread (0x000001eecf30f800):  JavaThread "C2 CompilerThread1" daemon [_thread_in_native, id=3848, stack(0x000000c6b5b00000,0x000000c6b5c00000)]


Current CompileTask:
C2:   6779 3575       4       org.objectweb.asm.Frame::execute (2318 bytes)

Stack: [0x000000c6b5b00000,0x000000c6b5c00000]
Native frames: (J=compiled Java code, j=interpreted, Vv=VM code, C=native code)
V  [jvm.dll+0x5ecfaa]
V  [jvm.dll+0x722bd5]
V  [jvm.dll+0x72412d]
V  [jvm.dll+0x7247e3]
V  [jvm.dll+0x242928]
V  [jvm.dll+0xbc4fc]
V  [jvm.dll+0xbca0c]
V  [jvm.dll+0x352d3b]
V  [jvm.dll+0x320ad3]
V  [jvm.dll+0x31ffca]
V  [jvm.dll+0x1fb602]
V  [jvm.dll+0x1fa7f4]
V  [jvm.dll+0x18354c]
V  [jvm.dll+0x208ee7]
V  [jvm.dll+0x207731]
V  [jvm.dll+0x6eb1cf]
V  [jvm.dll+0x6e3d45]
V  [jvm.dll+0x5ebe96]
C  [ucrtbase.dll+0x21bb2]
C  [KERNEL32.DLL+0x17034]
C  [ntdll.dll+0x52651]


---------------  P R O C E S S  ---------------

Threads class SMR info:
_java_thread_list=0x000001eed272c650, length=35, elements={
0x000001eeb3c3c000, 0x000001eece7da800, 0x000001eece7e8800, 0x000001eecf162800,
0x000001eece7fb800, 0x000001eece7fd800, 0x000001eece7ff800, 0x000001eece805800,
0x000001eece80f000, 0x000001eecf2c0800, 0x000001eecf30f800, 0x000001eed0847800,
0x000001eed05e7000, 0x000001eed2e3c800, 0x000001eed0aa4000, 0x000001eed0a2b800,
0x000001eed17a1000, 0x000001eed176e000, 0x000001eed2e5c800, 0x000001eed116f800,
0x000001eed1217000, 0x000001eed1216000, 0x000001eed1218000, 0x000001eed1215800,
0x000001eed1218800, 0x000001eed1219800, 0x000001eed121a800, 0x000001eed1214800,
0x000001eed121b000, 0x000001eed4622000, 0x000001eed4626000, 0x000001eed4625000,
0x000001eed4623800, 0x000001eed4624800, 0x000001eed4621000
}

Java Threads: ( => current thread )
  0x000001eeb3c3c000 JavaThread "main" [_thread_blocked, id=13832, stack(0x000000c6b4a00000,0x000000c6b4b00000)]
  0x000001eece7da800 JavaThread "Reference Handler" daemon [_thread_blocked, id=12928, stack(0x000000c6b5100000,0x000000c6b5200000)]
  0x000001eece7e8800 JavaThread "Finalizer" daemon [_thread_blocked, id=8024, stack(0x000000c6b5200000,0x000000c6b5300000)]
  0x000001eecf162800 JavaThread "Signal Dispatcher" daemon [_thread_blocked, id=13608, stack(0x000000c6b5300000,0x000000c6b5400000)]
  0x000001eece7fb800 JavaThread "Attach Listener" daemon [_thread_blocked, id=11312, stack(0x000000c6b5400000,0x000000c6b5500000)]
  0x000001eece7fd800 JavaThread "Service Thread" daemon [_thread_blocked, id=7900, stack(0x000000c6b5500000,0x000000c6b5600000)]
  0x000001eece7ff800 JavaThread "C2 CompilerThread0" daemon [_thread_in_native, id=1412, stack(0x000000c6b5600000,0x000000c6b5700000)]
  0x000001eece805800 JavaThread "C1 CompilerThread0" daemon [_thread_blocked, id=3684, stack(0x000000c6b5700000,0x000000c6b5800000)]
  0x000001eece80f000 JavaThread "Sweeper thread" daemon [_thread_blocked, id=2396, stack(0x000000c6b5800000,0x000000c6b5900000)]
  0x000001eecf2c0800 JavaThread "Common-Cleaner" daemon [_thread_blocked, id=1712, stack(0x000000c6b5900000,0x000000c6b5a00000)]
=>0x000001eecf30f800 JavaThread "C2 CompilerThread1" daemon [_thread_in_native, id=3848, stack(0x000000c6b5b00000,0x000000c6b5c00000)]
  0x000001eed0847800 JavaThread "Daemon health stats" [_thread_blocked, id=4800, stack(0x000000c6b5e00000,0x000000c6b5f00000)]
  0x000001eed05e7000 JavaThread "Incoming local TCP Connector on port 63647" [_thread_in_native, id=8028, stack(0x000000c6b5f00000,0x000000c6b6000000)]
  0x000001eed2e3c800 JavaThread "Daemon periodic checks" [_thread_blocked, id=13756, stack(0x000000c6b6000000,0x000000c6b6100000)]
  0x000001eed0aa4000 JavaThread "Daemon" [_thread_blocked, id=9816, stack(0x000000c6b6100000,0x000000c6b6200000)]
  0x000001eed0a2b800 JavaThread "Handler for socket connection from /127.0.0.1:63647 to /127.0.0.1:63648" [_thread_in_native, id=8764, stack(0x000000c6b6200000,0x000000c6b6300000)]
  0x000001eed17a1000 JavaThread "Cancel handler" [_thread_blocked, id=9364, stack(0x000000c6b6300000,0x000000c6b6400000)]
  0x000001eed176e000 JavaThread "Daemon worker" [_thread_in_Java, id=4284, stack(0x000000c6b6400000,0x000000c6b6500000)]
  0x000001eed2e5c800 JavaThread "Asynchronous log dispatcher for DefaultDaemonConnection: socket connection from /127.0.0.1:63647 to /127.0.0.1:63648" [_thread_blocked, id=5732, stack(0x000000c6b6500000,0x000000c6b6600000)]
  0x000001eed116f800 JavaThread "Stdin handler" [_thread_blocked, id=12932, stack(0x000000c6b6600000,0x000000c6b6700000)]
  0x000001eed1217000 JavaThread "Daemon client event forwarder" [_thread_blocked, id=6264, stack(0x000000c6b6700000,0x000000c6b6800000)]
  0x000001eed1216000 JavaThread "Cache worker for file hash cache (C:\Users\hp\.gradle\caches\7.0.2\fileHashes)" [_thread_blocked, id=6612, stack(0x000000c6b6e00000,0x000000c6b6f00000)]
  0x000001eed1218000 JavaThread "File lock request listener" [_thread_in_native, id=1684, stack(0x000000c6b6f00000,0x000000c6b7000000)]
  0x000001eed1215800 JavaThread "Cache worker for journal cache (C:\Users\hp\.gradle\caches\journal-1)" [_thread_blocked, id=2160, stack(0x000000c6b7100000,0x000000c6b7200000)]
  0x000001eed1218800 JavaThread "Cache worker for file hash cache (C:\Users\hp\AndroidStudioProjects\LastGarageApp\.gradle\7.0.2\fileHashes)" [_thread_blocked, id=13848, stack(0x000000c6b7200000,0x000000c6b7300000)]
  0x000001eed1219800 JavaThread "File watcher server" daemon [_thread_in_native, id=8108, stack(0x000000c6b7300000,0x000000c6b7400000)]
  0x000001eed121a800 JavaThread "File watcher consumer" daemon [_thread_blocked, id=5492, stack(0x000000c6b7400000,0x000000c6b7500000)]
  0x000001eed1214800 JavaThread "Cache worker for checksums cache (C:\Users\hp\AndroidStudioProjects\LastGarageApp\.gradle\checksums)" [_thread_blocked, id=6352, stack(0x000000c6b7500000,0x000000c6b7600000)]
  0x000001eed121b000 JavaThread "Cache worker for cache directory md-supplier (C:\Users\hp\.gradle\caches\7.0.2\md-supplier)" [_thread_blocked, id=4240, stack(0x000000c6b7600000,0x000000c6b7700000)]
  0x000001eed4622000 JavaThread "Cache worker for cache directory md-rule (C:\Users\hp\.gradle\caches\7.0.2\md-rule)" [_thread_blocked, id=6904, stack(0x000000c6b7700000,0x000000c6b7800000)]
  0x000001eed4626000 JavaThread "Cache worker for execution history cache (C:\Users\hp\.gradle\caches\7.0.2\executionHistory)" [_thread_blocked, id=9316, stack(0x000000c6b7800000,0x000000c6b7900000)]
  0x000001eed4625000 JavaThread "jar transforms" [_thread_blocked, id=4388, stack(0x000000c6b7900000,0x000000c6b7a00000)]
  0x000001eed4623800 JavaThread "jar transforms Thread 2" [_thread_blocked, id=9408, stack(0x000000c6b7a00000,0x000000c6b7b00000)]
  0x000001eed4624800 JavaThread "Cache worker for file content cache (C:\Users\hp\.gradle\caches\7.0.2\fileContent)" [_thread_blocked, id=9356, stack(0x000000c6b7b00000,0x000000c6b7c00000)]
  0x000001eed4621000 JavaThread "Cache worker for dependencies-accessors (C:\Users\hp\AndroidStudioProjects\LastGarageApp\.gradle\7.0.2\dependencies-accessors)" [_thread_blocked, id=7088, stack(0x000000c6b7c00000,0x000000c6b7d00000)]

Other Threads:
  0x000001eece7d8000 VMThread "VM Thread" [stack: 0x000000c6b5000000,0x000000c6b5100000] [id=2420]
  0x000001eecf308000 WatcherThread [stack: 0x000000c6b5a00000,0x000000c6b5b00000] [id=11376]
  0x000001eeb3c55000 GCTaskThread "GC Thread#0" [stack: 0x000000c6b4b00000,0x000000c6b4c00000] [id=9952]
  0x000001eecf5e2800 GCTaskThread "GC Thread#1" [stack: 0x000000c6b5c00000,0x000000c6b5d00000] [id=7408]
  0x000001eecfef8000 GCTaskThread "GC Thread#2" [stack: 0x000000c6b5d00000,0x000000c6b5e00000] [id=10516]
  0x000001eed0656000 GCTaskThread "GC Thread#3" [stack: 0x000000c6b6800000,0x000000c6b6900000] [id=14160]
  0x000001eed2b99000 GCTaskThread "GC Thread#4" [stack: 0x000000c6b6900000,0x000000c6b6a00000] [id=7096]
  0x000001eed16e1800 GCTaskThread "GC Thread#5" [stack: 0x000000c6b6a00000,0x000000c6b6b00000] [id=14004]
  0x000001eed1499000 GCTaskThread "GC Thread#6" [stack: 0x000000c6b6b00000,0x000000c6b6c00000] [id=7124]
  0x000001eed01be000 GCTaskThread "GC Thread#7" [stack: 0x000000c6b6c00000,0x000000c6b6d00000] [id=4296]
  0x000001eeb3c88000 ConcurrentGCThread "G1 Main Marker" [stack: 0x000000c6b4c00000,0x000000c6b4d00000] [id=2416]
  0x000001eeb3c8a000 ConcurrentGCThread "G1 Conc#0" [stack: 0x000000c6b4d00000,0x000000c6b4e00000] [id=3508]
  0x000001eed007e000 ConcurrentGCThread "G1 Conc#1" [stack: 0x000000c6b7000000,0x000000c6b7100000] [id=10280]
  0x000001eece630800 ConcurrentGCThread "G1 Refine#0" [stack: 0x000000c6b4e00000,0x000000c6b4f00000] [id=4104]
  0x000001eecfd66800 ConcurrentGCThread "G1 Refine#1" [stack: 0x000000c6b6d00000,0x000000c6b6e00000] [id=9628]
  0x000001eece631000 ConcurrentGCThread "G1 Young RemSet Sampling" [stack: 0x000000c6b4f00000,0x000000c6b5000000] [id=10924]

Threads with active compile tasks:
C2 CompilerThread0   6805 3595       4       java.net.URLClassLoader$1::run (5 bytes)
C2 CompilerThread1   6805 3575       4       org.objectweb.asm.Frame::execute (2318 bytes)

VM state:not at safepoint (normal execution)

VM Mutex/Monitor currently owned by a thread: None

Heap address: 0x0000000080000000, size: 2048 MB, Compressed Oops mode: 32-bit
Narrow klass base: 0x0000000000000000, Narrow klass shift: 3
Compressed class space size: 1073741824 Address: 0x0000000100000000

Heap:
 garbage-first heap   total 129024K, used 60236K [0x0000000080000000, 0x0000000100000000)
  region size 1024K, 41 young (41984K), 7 survivors (7168K)
 Metaspace       used 41261K, capacity 42290K, committed 42444K, reserved 1085440K
  class space    used 5338K, capacity 5706K, committed 5836K, reserved 1048576K
Heap Regions: E=young(eden), S=young(survivor), O=old, HS=humongous(starts), HC=humongous(continues), CS=collection set, F=free, A=archive, TAMS=top-at-mark-start (previous, next)
|   0|0x0000000080000000, 0x0000000080100000, 0x0000000080100000|100%| O|  |TAMS 0x0000000080100000, 0x0000000080000000| Untracked 
|   1|0x0000000080100000, 0x0000000080200000, 0x0000000080200000|100%| O|  |TAMS 0x0000000080200000, 0x0000000080100000| Untracked 
|   2|0x0000000080200000, 0x0000000080300000, 0x0000000080300000|100%| O|  |TAMS 0x0000000080300000, 0x0000000080200000| Untracked 
|   3|0x0000000080300000, 0x0000000080400000, 0x0000000080400000|100%|HS|  |TAMS 0x0000000080400000, 0x0000000080300000| Complete 
|   4|0x0000000080400000, 0x0000000080500000, 0x0000000080500000|100%|HC|  |TAMS 0x0000000080500000, 0x0000000080400000| Complete 
|   5|0x0000000080500000, 0x0000000080600000, 0x0000000080600000|100%|HC|  |TAMS 0x0000000080600000, 0x0000000080500000| Complete 
|   6|0x0000000080600000, 0x0000000080700000, 0x0000000080700000|100%| O|  |TAMS 0x0000000080700000, 0x0000000080600000| Untracked 
|   7|0x0000000080700000, 0x0000000080800000, 0x0000000080800000|100%| O|  |TAMS 0x0000000080800000, 0x0000000080700000| Untracked 
|   8|0x0000000080800000, 0x0000000080900000, 0x0000000080900000|100%| O|  |TAMS 0x0000000080900000, 0x0000000080800000| Untracked 
|   9|0x0000000080900000, 0x0000000080a00000, 0x0000000080a00000|100%| O|  |TAMS 0x0000000080a00000, 0x0000000080900000| Untracked 
|  10|0x0000000080a00000, 0x0000000080b00000, 0x0000000080b00000|100%| O|  |TAMS 0x0000000080b00000, 0x0000000080a00000| Untracked 
|  11|0x0000000080b00000, 0x0000000080c00000, 0x0000000080c00000|100%| O|  |TAMS 0x0000000080c00000, 0x0000000080b00000| Untracked 
|  12|0x0000000080c00000, 0x0000000080d00000, 0x0000000080d00000|100%| O|  |TAMS 0x0000000080d00000, 0x0000000080c00000| Untracked 
|  13|0x0000000080d00000, 0x0000000080e00000, 0x0000000080e00000|100%| O|  |TAMS 0x0000000080e00000, 0x0000000080d00000| Untracked 
|  14|0x0000000080e00000, 0x0000000080f00000, 0x0000000080f00000|100%| O|  |TAMS 0x0000000080f00000, 0x0000000080e00000| Untracked 
|  15|0x0000000080f00000, 0x0000000081000000, 0x0000000081000000|100%| O|  |TAMS 0x0000000081000000, 0x0000000080f00000| Untracked 
|  16|0x0000000081000000, 0x0000000081100000, 0x0000000081100000|100%| O|  |TAMS 0x0000000081100000, 0x0000000081000000| Untracked 
|  17|0x0000000081100000, 0x0000000081200000, 0x0000000081200000|100%| O|  |TAMS 0x0000000081200000, 0x0000000081100000| Untracked 
|  18|0x0000000081200000, 0x00000000812d3000, 0x0000000081300000| 82%| O|  |TAMS 0x0000000081249c00, 0x0000000081200000| Untracked 
|  19|0x0000000081300000, 0x0000000081300000, 0x0000000081400000|  0%| F|  |TAMS 0x0000000081300000, 0x0000000081300000| Untracked 
|  20|0x0000000081400000, 0x0000000081400000, 0x0000000081500000|  0%| F|  |TAMS 0x0000000081400000, 0x0000000081400000| Untracked 
|  21|0x0000000081500000, 0x0000000081500000, 0x0000000081600000|  0%| F|  |TAMS 0x0000000081500000, 0x0000000081500000| Untracked 
|  22|0x0000000081600000, 0x0000000081600000, 0x0000000081700000|  0%| F|  |TAMS 0x0000000081600000, 0x0000000081600000| Untracked 
|  23|0x0000000081700000, 0x0000000081700000, 0x0000000081800000|  0%| F|  |TAMS 0x0000000081700000, 0x0000000081700000| Untracked 
|  24|0x0000000081800000, 0x0000000081800000, 0x0000000081900000|  0%| F|  |TAMS 0x0000000081800000, 0x0000000081800000| Untracked 
|  25|0x0000000081900000, 0x0000000081900000, 0x0000000081a00000|  0%| F|  |TAMS 0x0000000081900000, 0x0000000081900000| Untracked 
|  26|0x0000000081a00000, 0x0000000081a00000, 0x0000000081b00000|  0%| F|  |TAMS 0x0000000081a00000, 0x0000000081a00000| Untracked 
|  27|0x0000000081b00000, 0x0000000081b00000, 0x0000000081c00000|  0%| F|  |TAMS 0x0000000081b00000, 0x0000000081b00000| Untracked 
|  28|0x0000000081c00000, 0x0000000081c00000, 0x0000000081d00000|  0%| F|  |TAMS 0x0000000081c00000, 0x0000000081c00000| Untracked 
|  29|0x0000000081d00000, 0x0000000081d00000, 0x0000000081e00000|  0%| F|  |TAMS 0x0000000081d00000, 0x0000000081d00000| Untracked 
|  30|0x0000000081e00000, 0x0000000081e00000, 0x0000000081f00000|  0%| F|  |TAMS 0x0000000081e00000, 0x0000000081e00000| Untracked 
|  31|0x0000000081f00000, 0x0000000081f00000, 0x0000000082000000|  0%| F|  |TAMS 0x0000000081f00000, 0x0000000081f00000| Untracked 
|  32|0x0000000082000000, 0x0000000082000000, 0x0000000082100000|  0%| F|  |TAMS 0x0000000082000000, 0x0000000082000000| Untracked 
|  33|0x0000000082100000, 0x0000000082100000, 0x0000000082200000|  0%| F|  |TAMS 0x0000000082100000, 0x0000000082100000| Untracked 
|  34|0x0000000082200000, 0x0000000082200000, 0x0000000082300000|  0%| F|  |TAMS 0x0000000082200000, 0x0000000082200000| Untracked 
|  35|0x0000000082300000, 0x0000000082300000, 0x0000000082400000|  0%| F|  |TAMS 0x0000000082300000, 0x0000000082300000| Untracked 
|  36|0x0000000082400000, 0x0000000082400000, 0x0000000082500000|  0%| F|  |TAMS 0x0000000082400000, 0x0000000082400000| Untracked 
|  37|0x0000000082500000, 0x0000000082500000, 0x0000000082600000|  0%| F|  |TAMS 0x0000000082500000, 0x0000000082500000| Untracked 
|  38|0x0000000082600000, 0x0000000082600000, 0x0000000082700000|  0%| F|  |TAMS 0x0000000082600000, 0x0000000082600000| Untracked 
|  39|0x0000000082700000, 0x0000000082700000, 0x0000000082800000|  0%| F|  |TAMS 0x0000000082700000, 0x0000000082700000| Untracked 
|  40|0x0000000082800000, 0x0000000082800000, 0x0000000082900000|  0%| F|  |TAMS 0x0000000082800000, 0x0000000082800000| Untracked 
|  41|0x0000000082900000, 0x0000000082900000, 0x0000000082a00000|  0%| F|  |TAMS 0x0000000082900000, 0x0000000082900000| Untracked 
|  42|0x0000000082a00000, 0x0000000082a00000, 0x0000000082b00000|  0%| F|  |TAMS 0x0000000082a00000, 0x0000000082a00000| Untracked 
|  43|0x0000000082b00000, 0x0000000082b00000, 0x0000000082c00000|  0%| F|  |TAMS 0x0000000082b00000, 0x0000000082b00000| Untracked 
|  44|0x0000000082c00000, 0x0000000082c00000, 0x0000000082d00000|  0%| F|  |TAMS 0x0000000082c00000, 0x0000000082c00000| Untracked 
|  45|0x0000000082d00000, 0x0000000082d00000, 0x0000000082e00000|  0%| F|  |TAMS 0x0000000082d00000, 0x0000000082d00000| Untracked 
|  46|0x0000000082e00000, 0x0000000082e00000, 0x0000000082f00000|  0%| F|  |TAMS 0x0000000082e00000, 0x0000000082e00000| Untracked 
|  47|0x0000000082f00000, 0x0000000082f00000, 0x0000000083000000|  0%| F|  |TAMS 0x0000000082f00000, 0x0000000082f00000| Untracked 
|  48|0x0000000083000000, 0x0000000083000000, 0x0000000083100000|  0%| F|  |TAMS 0x0000000083000000, 0x0000000083000000| Untracked 
|  49|0x0000000083100000, 0x0000000083100000, 0x0000000083200000|  0%| F|  |TAMS 0x0000000083100000, 0x0000000083100000| Untracked 
|  50|0x0000000083200000, 0x0000000083200000, 0x0000000083300000|  0%| F|  |TAMS 0x0000000083200000, 0x0000000083200000| Untracked 
|  51|0x0000000083300000, 0x0000000083300000, 0x0000000083400000|  0%| F|  |TAMS 0x0000000083300000, 0x0000000083300000| Untracked 
|  52|0x0000000083400000, 0x0000000083400000, 0x0000000083500000|  0%| F|  |TAMS 0x0000000083400000, 0x0000000083400000| Untracked 
|  53|0x0000000083500000, 0x0000000083500000, 0x0000000083600000|  0%| F|  |TAMS 0x0000000083500000, 0x0000000083500000| Untracked 
|  54|0x0000000083600000, 0x0000000083600000, 0x0000000083700000|  0%| F|  |TAMS 0x0000000083600000, 0x0000000083600000| Untracked 
|  55|0x0000000083700000, 0x0000000083700000, 0x0000000083800000|  0%| F|  |TAMS 0x0000000083700000, 0x0000000083700000| Untracked 
|  56|0x0000000083800000, 0x0000000083800000, 0x0000000083900000|  0%| F|  |TAMS 0x0000000083800000, 0x0000000083800000| Untracked 
|  57|0x0000000083900000, 0x0000000083900000, 0x0000000083a00000|  0%| F|  |TAMS 0x0000000083900000, 0x0000000083900000| Untracked 
|  58|0x0000000083a00000, 0x0000000083a00000, 0x0000000083b00000|  0%| F|  |TAMS 0x0000000083a00000, 0x0000000083a00000| Untracked 
|  59|0x0000000083b00000, 0x0000000083b00000, 0x0000000083c00000|  0%| F|  |TAMS 0x0000000083b00000, 0x0000000083b00000| Untracked 
|  60|0x0000000083c00000, 0x0000000083c00000, 0x0000000083d00000|  0%| F|  |TAMS 0x0000000083c00000, 0x0000000083c00000| Untracked 
|  61|0x0000000083d00000, 0x0000000083d00000, 0x0000000083e00000|  0%| F|  |TAMS 0x0000000083d00000, 0x0000000083d00000| Untracked 
|  62|0x0000000083e00000, 0x0000000083e00000, 0x0000000083f00000|  0%| F|  |TAMS 0x0000000083e00000, 0x0000000083e00000| Untracked 
|  63|0x0000000083f00000, 0x0000000083f00000, 0x0000000084000000|  0%| F|  |TAMS 0x0000000083f00000, 0x0000000083f00000| Untracked 
|  64|0x0000000084000000, 0x0000000084000000, 0x0000000084100000|  0%| F|  |TAMS 0x0000000084000000, 0x0000000084000000| Untracked 
|  65|0x0000000084100000, 0x0000000084100000, 0x0000000084200000|  0%| F|  |TAMS 0x0000000084100000, 0x0000000084100000| Untracked 
|  66|0x0000000084200000, 0x0000000084200000, 0x0000000084300000|  0%| F|  |TAMS 0x0000000084200000, 0x0000000084200000| Untracked 
|  67|0x0000000084300000, 0x0000000084300000, 0x0000000084400000|  0%| F|  |TAMS 0x0000000084300000, 0x0000000084300000| Untracked 
|  68|0x0000000084400000, 0x0000000084400000, 0x0000000084500000|  0%| F|  |TAMS 0x0000000084400000, 0x0000000084400000| Untracked 
|  69|0x0000000084500000, 0x0000000084500000, 0x0000000084600000|  0%| F|  |TAMS 0x0000000084500000, 0x0000000084500000| Untracked 
|  70|0x0000000084600000, 0x0000000084700000, 0x0000000084700000|100%| S|CS|TAMS 0x0000000084600000, 0x0000000084600000| Complete 
|  71|0x0000000084700000, 0x0000000084800000, 0x0000000084800000|100%| S|CS|TAMS 0x0000000084700000, 0x0000000084700000| Complete 
|  72|0x0000000084800000, 0x0000000084900000, 0x0000000084900000|100%| S|CS|TAMS 0x0000000084800000, 0x0000000084800000| Complete 
|  73|0x0000000084900000, 0x0000000084a00000, 0x0000000084a00000|100%| S|CS|TAMS 0x0000000084900000, 0x0000000084900000| Complete 
|  74|0x0000000084a00000, 0x0000000084b00000, 0x0000000084b00000|100%| S|CS|TAMS 0x0000000084a00000, 0x0000000084a00000| Complete 
|  75|0x0000000084b00000, 0x0000000084c00000, 0x0000000084c00000|100%| S|CS|TAMS 0x0000000084b00000, 0x0000000084b00000| Complete 
|  76|0x0000000084c00000, 0x0000000084d00000, 0x0000000084d00000|100%| S|CS|TAMS 0x0000000084c00000, 0x0000000084c00000| Complete 
|  77|0x0000000084d00000, 0x0000000084d00000, 0x0000000084e00000|  0%| F|  |TAMS 0x0000000084d00000, 0x0000000084d00000| Untracked 
|  78|0x0000000084e00000, 0x0000000084e00000, 0x0000000084f00000|  0%| F|  |TAMS 0x0000000084e00000, 0x0000000084e00000| Untracked 
|  79|0x0000000084f00000, 0x0000000084f00000, 0x0000000085000000|  0%| F|  |TAMS 0x0000000084f00000, 0x0000000084f00000| Untracked 
|  80|0x0000000085000000, 0x0000000085000000, 0x0000000085100000|  0%| F|  |TAMS 0x0000000085000000, 0x0000000085000000| Untracked 
|  81|0x0000000085100000, 0x0000000085100000, 0x0000000085200000|  0%| F|  |TAMS 0x0000000085100000, 0x0000000085100000| Untracked 
|  82|0x0000000085200000, 0x0000000085200000, 0x0000000085300000|  0%| F|  |TAMS 0x0000000085200000, 0x0000000085200000| Untracked 
|  83|0x0000000085300000, 0x0000000085300000, 0x0000000085400000|  0%| F|  |TAMS 0x0000000085300000, 0x0000000085300000| Untracked 
|  84|0x0000000085400000, 0x0000000085400000, 0x0000000085500000|  0%| F|  |TAMS 0x0000000085400000, 0x0000000085400000| Untracked 
|  85|0x0000000085500000, 0x0000000085500000, 0x0000000085600000|  0%| F|  |TAMS 0x0000000085500000, 0x0000000085500000| Untracked 
|  86|0x0000000085600000, 0x0000000085600000, 0x0000000085700000|  0%| F|  |TAMS 0x0000000085600000, 0x0000000085600000| Untracked 
|  87|0x0000000085700000, 0x0000000085700000, 0x0000000085800000|  0%| F|  |TAMS 0x0000000085700000, 0x0000000085700000| Untracked 
|  88|0x0000000085800000, 0x0000000085800000, 0x0000000085900000|  0%| F|  |TAMS 0x0000000085800000, 0x0000000085800000| Untracked 
|  89|0x0000000085900000, 0x0000000085900000, 0x0000000085a00000|  0%| F|  |TAMS 0x0000000085900000, 0x0000000085900000| Untracked 
|  90|0x0000000085a00000, 0x0000000085a00000, 0x0000000085b00000|  0%| F|  |TAMS 0x0000000085a00000, 0x0000000085a00000| Untracked 
|  91|0x0000000085b00000, 0x0000000085b80800, 0x0000000085c00000| 50%| E|  |TAMS 0x0000000085b00000, 0x0000000085b00000| Complete 
|  92|0x0000000085c00000, 0x0000000085d00000, 0x0000000085d00000|100%| E|CS|TAMS 0x0000000085c00000, 0x0000000085c00000| Complete 
|  93|0x0000000085d00000, 0x0000000085e00000, 0x0000000085e00000|100%| E|CS|TAMS 0x0000000085d00000, 0x0000000085d00000| Complete 
|  94|0x0000000085e00000, 0x0000000085f00000, 0x0000000085f00000|100%| E|CS|TAMS 0x0000000085e00000, 0x0000000085e00000| Complete 
|  95|0x0000000085f00000, 0x0000000086000000, 0x0000000086000000|100%| E|CS|TAMS 0x0000000085f00000, 0x0000000085f00000| Complete 
|  96|0x0000000086000000, 0x0000000086100000, 0x0000000086100000|100%| E|CS|TAMS 0x0000000086000000, 0x0000000086000000| Complete 
|  97|0x0000000086100000, 0x0000000086200000, 0x0000000086200000|100%| E|CS|TAMS 0x0000000086100000, 0x0000000086100000| Complete 
|  98|0x0000000086200000, 0x0000000086300000, 0x0000000086300000|100%| E|CS|TAMS 0x0000000086200000, 0x0000000086200000| Complete 
|  99|0x0000000086300000, 0x0000000086400000, 0x0000000086400000|100%| E|CS|TAMS 0x0000000086300000, 0x0000000086300000| Complete 
| 100|0x0000000086400000, 0x0000000086500000, 0x0000000086500000|100%| E|CS|TAMS 0x0000000086400000, 0x0000000086400000| Complete 
| 101|0x0000000086500000, 0x0000000086600000, 0x0000000086600000|100%| E|CS|TAMS 0x0000000086500000, 0x0000000086500000| Complete 
| 102|0x0000000086600000, 0x0000000086700000, 0x0000000086700000|100%| E|CS|TAMS 0x0000000086600000, 0x0000000086600000| Complete 
| 103|0x0000000086700000, 0x0000000086800000, 0x0000000086800000|100%| E|CS|TAMS 0x0000000086700000, 0x0000000086700000| Complete 
| 104|0x0000000086800000, 0x0000000086900000, 0x0000000086900000|100%| E|CS|TAMS 0x0000000086800000, 0x0000000086800000| Complete 
| 105|0x0000000086900000, 0x0000000086a00000, 0x0000000086a00000|100%| E|CS|TAMS 0x0000000086900000, 0x0000000086900000| Complete 
| 106|0x0000000086a00000, 0x0000000086b00000, 0x0000000086b00000|100%| E|CS|TAMS 0x0000000086a00000, 0x0000000086a00000| Complete 
| 107|0x0000000086b00000, 0x0000000086c00000, 0x0000000086c00000|100%| E|CS|TAMS 0x0000000086b00000, 0x0000000086b00000| Complete 
| 108|0x0000000086c00000, 0x0000000086d00000, 0x0000000086d00000|100%| E|CS|TAMS 0x0000000086c00000, 0x0000000086c00000| Complete 
| 109|0x0000000086d00000, 0x0000000086e00000, 0x0000000086e00000|100%| E|CS|TAMS 0x0000000086d00000, 0x0000000086d00000| Complete 
| 110|0x0000000086e00000, 0x0000000086f00000, 0x0000000086f00000|100%| E|CS|TAMS 0x0000000086e00000, 0x0000000086e00000| Complete 
| 111|0x0000000086f00000, 0x0000000087000000, 0x0000000087000000|100%| E|CS|TAMS 0x0000000086f00000, 0x0000000086f00000| Complete 
| 112|0x0000000087000000, 0x0000000087100000, 0x0000000087100000|100%| E|CS|TAMS 0x0000000087000000, 0x0000000087000000| Complete 
| 113|0x0000000087100000, 0x0000000087200000, 0x0000000087200000|100%| E|CS|TAMS 0x0000000087100000, 0x0000000087100000| Complete 
| 114|0x0000000087200000, 0x0000000087300000, 0x0000000087300000|100%| E|CS|TAMS 0x0000000087200000, 0x0000000087200000| Complete 
| 115|0x0000000087300000, 0x0000000087400000, 0x0000000087400000|100%| E|CS|TAMS 0x0000000087300000, 0x0000000087300000| Complete 
| 116|0x0000000087400000, 0x0000000087500000, 0x0000000087500000|100%| E|CS|TAMS 0x0000000087400000, 0x0000000087400000| Complete 
| 117|0x0000000087500000, 0x0000000087600000, 0x0000000087600000|100%| E|CS|TAMS 0x0000000087500000, 0x0000000087500000| Complete 
| 118|0x0000000087600000, 0x0000000087700000, 0x0000000087700000|100%| E|CS|TAMS 0x0000000087600000, 0x0000000087600000| Complete 
| 119|0x0000000087700000, 0x0000000087800000, 0x0000000087800000|100%| E|CS|TAMS 0x0000000087700000, 0x0000000087700000| Complete 
| 120|0x0000000087800000, 0x0000000087900000, 0x0000000087900000|100%| E|CS|TAMS 0x0000000087800000, 0x0000000087800000| Complete 
| 121|0x0000000087900000, 0x0000000087a00000, 0x0000000087a00000|100%| E|CS|TAMS 0x0000000087900000, 0x0000000087900000| Complete 
| 122|0x0000000087a00000, 0x0000000087b00000, 0x0000000087b00000|100%| E|CS|TAMS 0x0000000087a00000, 0x0000000087a00000| Complete 
| 123|0x0000000087b00000, 0x0000000087c00000, 0x0000000087c00000|100%| E|CS|TAMS 0x0000000087b00000, 0x0000000087b00000| Complete 
| 124|0x0000000087c00000, 0x0000000087d00000, 0x0000000087d00000|100%| E|CS|TAMS 0x0000000087c00000, 0x0000000087c00000| Complete 
| 125|0x0000000087d00000, 0x0000000087e00000, 0x0000000087e00000|100%| E|CS|TAMS 0x0000000087d00000, 0x0000000087d00000| Complete 

Card table byte_map: [0x000001eec75a0000,0x000001eec79a0000] _byte_map_base: 0x000001eec71a0000

Marking Bits (Prev, Next): (CMBitMap*) 0x000001eeb3c7ef18, (CMBitMap*) 0x000001eeb3c7ef50
 Prev Bits: [0x000001eec7da0000, 0x000001eec9da0000)
 Next Bits: [0x000001eec9da0000, 0x000001eecbda0000)

Polling page: 0x000001eeb2390000

Metaspace:

Usage:
  Non-class:     35.73 MB capacity,    35.11 MB ( 98%) used,   538.28 KB (  1%) free+waste,    95.94 KB ( <1%) overhead. 
      Class:      5.57 MB capacity,     5.22 MB ( 94%) used,   319.39 KB (  6%) free+waste,    46.13 KB ( <1%) overhead. 
       Both:     41.30 MB capacity,    40.32 MB ( 98%) used,   857.67 KB (  2%) free+waste,   142.06 KB ( <1%) overhead. 

Virtual space:
  Non-class space:       36.00 MB reserved,      35.75 MB (>99%) committed 
      Class space:        1.00 GB reserved,       5.70 MB ( <1%) committed 
             Both:        1.04 GB reserved,      41.45 MB (  4%) committed 

Chunk freelists:
   Non-Class:  24.00 KB
       Class:  54.00 KB
        Both:  78.00 KB

MaxMetaspaceSize: 17179869184.00 GB
CompressedClassSpaceSize: 1.00 GB

CodeHeap 'non-profiled nmethods': size=120000Kb used=1754Kb max_used=1754Kb free=118245Kb
 bounds [0x000001eebf200000, 0x000001eebf470000, 0x000001eec6730000]
CodeHeap 'profiled nmethods': size=120000Kb used=7485Kb max_used=7485Kb free=112514Kb
 bounds [0x000001eeb7cd0000, 0x000001eeb8420000, 0x000001eebf200000]
CodeHeap 'non-nmethods': size=5760Kb used=2200Kb max_used=2244Kb free=3559Kb
 bounds [0x000001eeb7730000, 0x000001eeb79a0000, 0x000001eeb7cd0000]
 total_blobs=4371 nmethods=3606 adapters=676
 compilation: enabled
              stopped_count=0, restarted_count=0
 full_count=0

Compilation events (20 events):
Event: 6.753 Thread 0x000001eece805800 3614       3       java.lang.invoke.CallSite::<init> (23 bytes)
Event: 6.753 Thread 0x000001eece805800 nmethod 3614 0x000001eeb8417590 code [0x000001eeb84177c0, 0x000001eeb8417f28]
Event: 6.753 Thread 0x000001eece805800 3615       3       java.lang.invoke.MethodHandleNatives$CallSiteContext::make (19 bytes)
Event: 6.754 Thread 0x000001eece805800 nmethod 3615 0x000001eeb8418210 code [0x000001eeb8418420, 0x000001eeb8418a38]
Event: 6.754 Thread 0x000001eece805800 3616       3       java.lang.invoke.MethodHandleNatives$CallSiteContext::<init> (5 bytes)
Event: 6.754 Thread 0x000001eece805800 nmethod 3616 0x000001eeb8418d10 code [0x000001eeb8418ec0, 0x000001eeb8419018]
Event: 6.754 Thread 0x000001eece805800 3617       3       java.lang.invoke.ConstantCallSite::dynamicInvoker (5 bytes)
Event: 6.754 Thread 0x000001eece805800 nmethod 3617 0x000001eeb8419110 code [0x000001eeb84192e0, 0x000001eeb8419548]
Event: 6.755 Thread 0x000001eece805800 3628       1       org.gradle.internal.operations.BuildOperationDescriptor::getParentId (5 bytes)
Event: 6.756 Thread 0x000001eece805800 nmethod 3628 0x000001eebf3b6610 code [0x000001eebf3b67c0, 0x000001eebf3b6878]
Event: 6.769 Thread 0x000001eece805800 3629       3       org.objectweb.asm.ClassReader::readUnsignedShort (26 bytes)
Event: 6.769 Thread 0x000001eece805800 nmethod 3629 0x000001eeb8419690 code [0x000001eeb8419840, 0x000001eeb8419998]
Event: 6.771 Thread 0x000001eece805800 3630       3       org.objectweb.asm.ClassReader::readUTF8 (23 bytes)
Event: 6.772 Thread 0x000001eece805800 nmethod 3630 0x000001eeb8419a90 code [0x000001eeb8419c60, 0x000001eeb8419ee8]
Event: 6.772 Thread 0x000001eece805800 3631       3       org.objectweb.asm.ClassReader::readUtf (44 bytes)
Event: 6.772 Thread 0x000001eece805800 nmethod 3631 0x000001eeb841a010 code [0x000001eeb841a200, 0x000001eeb841a648]
Event: 6.772 Thread 0x000001eece805800 3632       3       org.objectweb.asm.ClassReader::readUtf (161 bytes)
Event: 6.773 Thread 0x000001eece805800 nmethod 3632 0x000001eeb841a890 code [0x000001eeb841aaa0, 0x000001eeb841b038]
Event: 6.773 Thread 0x000001eece805800 3633       3       org.objectweb.asm.ByteVector::putShort (52 bytes)
Event: 6.773 Thread 0x000001eece805800 nmethod 3633 0x000001eeb841b390 code [0x000001eeb841b560, 0x000001eeb841b768]

GC Heap History (14 events):
Event: 1.167 GC heap before
{Heap before GC invocations=0 (full 0):
 garbage-first heap   total 129024K, used 29696K [0x0000000080000000, 0x0000000100000000)
  region size 1024K, 24 young (24576K), 0 survivors (0K)
 Metaspace       used 9804K, capacity 9986K, committed 10112K, reserved 1058816K
  class space    used 1022K, capacity 1102K, committed 1152K, reserved 1048576K
}
Event: 1.173 GC heap after
{Heap after GC invocations=1 (full 0):
 garbage-first heap   total 129024K, used 8976K [0x0000000080000000, 0x0000000100000000)
  region size 1024K, 3 young (3072K), 3 survivors (3072K)
 Metaspace       used 9804K, capacity 9986K, committed 10112K, reserved 1058816K
  class space    used 1022K, capacity 1102K, committed 1152K, reserved 1048576K
}
Event: 2.912 GC heap before
{Heap before GC invocations=1 (full 0):
 garbage-first heap   total 129024K, used 82704K [0x0000000080000000, 0x0000000100000000)
  region size 1024K, 75 young (76800K), 3 survivors (3072K)
 Metaspace       used 17714K, capacity 18150K, committed 18432K, reserved 1064960K
  class space    used 2091K, capacity 2236K, committed 2304K, reserved 1048576K
}
Event: 2.920 GC heap after
{Heap after GC invocations=2 (full 0):
 garbage-first heap   total 129024K, used 16384K [0x0000000080000000, 0x0000000100000000)
  region size 1024K, 10 young (10240K), 10 survivors (10240K)
 Metaspace       used 17714K, capacity 18150K, committed 18432K, reserved 1064960K
  class space    used 2091K, capacity 2236K, committed 2304K, reserved 1048576K
}
Event: 3.248 GC heap before
{Heap before GC invocations=2 (full 0):
 garbage-first heap   total 129024K, used 38912K [0x0000000080000000, 0x0000000100000000)
  region size 1024K, 33 young (33792K), 10 survivors (10240K)
 Metaspace       used 20634K, capacity 21118K, committed 21248K, reserved 1067008K
  class space    used 2522K, capacity 2720K, committed 2816K, reserved 1048576K
}
Event: 3.258 GC heap after
{Heap after GC invocations=3 (full 0):
 garbage-first heap   total 129024K, used 17264K [0x0000000080000000, 0x0000000100000000)
  region size 1024K, 1 young (1024K), 1 survivors (1024K)
 Metaspace       used 20634K, capacity 21118K, committed 21248K, reserved 1067008K
  class space    used 2522K, capacity 2720K, committed 2816K, reserved 1048576K
}
Event: 4.266 GC heap before
{Heap before GC invocations=4 (full 0):
 garbage-first heap   total 129024K, used 65392K [0x0000000080000000, 0x0000000100000000)
  region size 1024K, 48 young (49152K), 1 survivors (1024K)
 Metaspace       used 25591K, capacity 26194K, committed 26368K, reserved 1073152K
  class space    used 3345K, capacity 3566K, committed 3584K, reserved 1048576K
}
Event: 4.270 GC heap after
{Heap after GC invocations=5 (full 0):
 garbage-first heap   total 129024K, used 18750K [0x0000000080000000, 0x0000000100000000)
  region size 1024K, 3 young (3072K), 3 survivors (3072K)
 Metaspace       used 25591K, capacity 26194K, committed 26368K, reserved 1073152K
  class space    used 3345K, capacity 3566K, committed 3584K, reserved 1048576K
}
Event: 5.176 GC heap before
{Heap before GC invocations=5 (full 0):
 garbage-first heap   total 129024K, used 71998K [0x0000000080000000, 0x0000000100000000)
  region size 1024K, 55 young (56320K), 3 survivors (3072K)
 Metaspace       used 32259K, capacity 33003K, committed 33152K, reserved 1077248K
  class space    used 4213K, capacity 4474K, committed 4480K, reserved 1048576K
}
Event: 5.181 GC heap after
{Heap after GC invocations=6 (full 0):
 garbage-first heap   total 129024K, used 21385K [0x0000000080000000, 0x0000000100000000)
  region size 1024K, 5 young (5120K), 5 survivors (5120K)
 Metaspace       used 32259K, capacity 33003K, committed 33152K, reserved 1077248K
  class space    used 4213K, capacity 4474K, committed 4480K, reserved 1048576K
}
Event: 5.468 GC heap before
{Heap before GC invocations=6 (full 0):
 garbage-first heap   total 129024K, used 28553K [0x0000000080000000, 0x0000000100000000)
  region size 1024K, 13 young (13312K), 5 survivors (5120K)
 Metaspace       used 35053K, capacity 35830K, committed 35840K, reserved 1081344K
  class space    used 4536K, capacity 4864K, committed 4864K, reserved 1048576K
}
Event: 5.480 GC heap after
{Heap after GC invocations=7 (full 0):
 garbage-first heap   total 129024K, used 22599K [0x0000000080000000, 0x0000000100000000)
  region size 1024K, 4 young (4096K), 4 survivors (4096K)
 Metaspace       used 35053K, capacity 35830K, committed 35840K, reserved 1081344K
  class space    used 4536K, capacity 4864K, committed 4864K, reserved 1048576K
}
Event: 6.325 GC heap before
{Heap before GC invocations=8 (full 0):
 garbage-first heap   total 129024K, used 70727K [0x0000000080000000, 0x0000000100000000)
  region size 1024K, 49 young (50176K), 4 survivors (4096K)
 Metaspace       used 38687K, capacity 39633K, committed 39884K, reserved 1083392K
  class space    used 4929K, capacity 5252K, committed 5324K, reserved 1048576K
}
Event: 6.334 GC heap after
{Heap after GC invocations=9 (full 0):
 garbage-first heap   total 129024K, used 26444K [0x0000000080000000, 0x0000000100000000)
  region size 1024K, 7 young (7168K), 7 survivors (7168K)
 Metaspace       used 38687K, capacity 39633K, committed 39884K, reserved 1083392K
  class space    used 4929K, capacity 5252K, committed 5324K, reserved 1048576K
}

Deoptimization events (20 events):
Event: 6.463 Thread 0x000001eed176e000 DEOPT PACKING pc=0x000001eebf2e2360 sp=0x000000c6b64fac60
Event: 6.463 Thread 0x000001eed176e000 DEOPT UNPACKING pc=0x000001eeb77578af sp=0x000000c6b64fac48 mode 2
Event: 6.627 Thread 0x000001eed1217000 DEOPT PACKING pc=0x000001eeb7fd4349 sp=0x000000c6b67fcda0
Event: 6.627 Thread 0x000001eed1217000 DEOPT UNPACKING pc=0x000001eeb77576ce sp=0x000000c6b67fc218 mode 0
Event: 6.737 Thread 0x000001eed176e000 Uncommon trap: trap_request=0xffffff4d fr.pc=0x000001eebf337c48 relative=0x0000000000000288
Event: 6.737 Thread 0x000001eed176e000 Uncommon trap: reason=unstable_if action=reinterpret pc=0x000001eebf337c48 method=java.util.HashMap.getNode(ILjava/lang/Object;)Ljava/util/HashMap$Node; @ 53 c2
Event: 6.737 Thread 0x000001eed176e000 DEOPT PACKING pc=0x000001eebf337c48 sp=0x000000c6b64f9180
Event: 6.737 Thread 0x000001eed176e000 DEOPT UNPACKING pc=0x000001eeb77578af sp=0x000000c6b64f90a0 mode 2
Event: 6.737 Thread 0x000001eed176e000 Uncommon trap: trap_request=0xffffff4d fr.pc=0x000001eebf373128 relative=0x0000000000000728
Event: 6.737 Thread 0x000001eed176e000 Uncommon trap: reason=unstable_if action=reinterpret pc=0x000001eebf373128 method=java.util.HashMap.putVal(ILjava/lang/Object;Ljava/lang/Object;ZZ)Ljava/lang/Object; @ 85 c2
Event: 6.737 Thread 0x000001eed176e000 DEOPT PACKING pc=0x000001eebf373128 sp=0x000000c6b64f9140
Event: 6.737 Thread 0x000001eed176e000 DEOPT UNPACKING pc=0x000001eeb77578af sp=0x000000c6b64f9070 mode 2
Event: 6.740 Thread 0x000001eed176e000 Uncommon trap: trap_request=0xffffff4d fr.pc=0x000001eebf3a9bf8 relative=0x0000000000000318
Event: 6.740 Thread 0x000001eed176e000 Uncommon trap: reason=unstable_if action=reinterpret pc=0x000001eebf3a9bf8 method=org.gradle.internal.reflect.PropertyAccessorType.isGetGetterName(Ljava/lang/String;)Z @ 14 c2
Event: 6.740 Thread 0x000001eed176e000 DEOPT PACKING pc=0x000001eebf3a9bf8 sp=0x000000c6b64f9a40
Event: 6.740 Thread 0x000001eed176e000 DEOPT UNPACKING pc=0x000001eeb77578af sp=0x000000c6b64f9998 mode 2
Event: 6.772 Thread 0x000001eed176e000 Uncommon trap: trap_request=0xffffff4d fr.pc=0x000001eebf336208 relative=0x00000000000000e8
Event: 6.772 Thread 0x000001eed176e000 Uncommon trap: reason=unstable_if action=reinterpret pc=0x000001eebf336208 method=org.objectweb.asm.ByteVector.putShort(I)Lorg/objectweb/asm/ByteVector; @ 13 c2
Event: 6.772 Thread 0x000001eed176e000 DEOPT PACKING pc=0x000001eebf336208 sp=0x000000c6b64f9600
Event: 6.773 Thread 0x000001eed176e000 DEOPT UNPACKING pc=0x000001eeb77578af sp=0x000000c6b64f9598 mode 2

Classes redefined (0 events):
No events

Internal exceptions (20 events):
Event: 6.355 Thread 0x000001eed176e000 Exception <a 'java/lang/ClassNotFoundException'{0x0000000087919d98}: org/gradle/api/internal/artifacts/DefaultArtifactRepositoryContainerBeanInfo> (0x0000000087919d98) thrown at [./src/hotspot/share/classfile/systemDictionary.cpp, line 231]
Event: 6.357 Thread 0x000001eed176e000 Exception <a 'java/lang/ClassNotFoundException'{0x0000000087943e28}: org/gradle/api/internal/DefaultNamedDomainObjectListBeanInfo> (0x0000000087943e28) thrown at [./src/hotspot/share/classfile/systemDictionary.cpp, line 231]
Event: 6.359 Thread 0x000001eed176e000 Exception <a 'java/lang/ClassNotFoundException'{0x000000008796f7d8}: org/gradle/api/internal/DefaultNamedDomainObjectCollectionBeanInfo> (0x000000008796f7d8) thrown at [./src/hotspot/share/classfile/systemDictionary.cpp, line 231]
Event: 6.360 Thread 0x000001eed176e000 Exception <a 'java/lang/ClassNotFoundException'{0x000000008799ac00}: org/gradle/api/internal/DefaultDomainObjectCollectionBeanInfo> (0x000000008799ac00) thrown at [./src/hotspot/share/classfile/systemDictionary.cpp, line 231]
Event: 6.361 Thread 0x000001eed176e000 Exception <a 'java/lang/ClassNotFoundException'{0x00000000879a0e38}: java/util/AbstractCollectionBeanInfo> (0x00000000879a0e38) thrown at [./src/hotspot/share/classfile/systemDictionary.cpp, line 231]
Event: 6.361 Thread 0x000001eed176e000 Exception <a 'java/lang/ClassNotFoundException'{0x00000000879a75b8}: java/util/AbstractCollectionCustomizer> (0x00000000879a75b8) thrown at [./src/hotspot/share/classfile/systemDictionary.cpp, line 231]
Event: 6.364 Thread 0x000001eed176e000 Exception <a 'java/lang/ClassNotFoundException'{0x00000000879db1f8}: org/gradle/api/internal/DefaultDomainObjectCollectionCustomizer> (0x00000000879db1f8) thrown at [./src/hotspot/share/classfile/systemDictionary.cpp, line 231]
Event: 6.368 Thread 0x000001eed176e000 Exception <a 'java/lang/ClassNotFoundException'{0x0000000087823fb8}: org/gradle/api/internal/DefaultNamedDomainObjectCollectionCustomizer> (0x0000000087823fb8) thrown at [./src/hotspot/share/classfile/systemDictionary.cpp, line 231]
Event: 6.375 Thread 0x000001eed176e000 Exception <a 'java/lang/ClassNotFoundException'{0x000000008789c0f8}: org/gradle/api/internal/DefaultNamedDomainObjectListCustomizer> (0x000000008789c0f8) thrown at [./src/hotspot/share/classfile/systemDictionary.cpp, line 231]
Event: 6.378 Thread 0x000001eed176e000 Exception <a 'java/lang/ClassNotFoundException'{0x00000000878f0d70}: org/gradle/api/internal/artifacts/DefaultArtifactRepositoryContainerCustomizer> (0x00000000878f0d70) thrown at [./src/hotspot/share/classfile/systemDictionary.cpp, line 231]
Event: 6.380 Thread 0x000001eed176e000 Exception <a 'java/lang/ClassNotFoundException'{0x000000008773b3a0}: org/gradle/api/internal/artifacts/dsl/DefaultRepositoryHandlerCustomizer> (0x000000008773b3a0) thrown at [./src/hotspot/share/classfile/systemDictionary.cpp, line 231]
Event: 6.383 Thread 0x000001eed176e000 Exception <a 'java/lang/ClassNotFoundException'{0x0000000087798638}: org/gradle/api/internal/artifacts/dsl/DefaultRepositoryHandler_DecoratedCustomizer> (0x0000000087798638) thrown at [./src/hotspot/share/classfile/systemDictionary.cpp, line 231]
Event: 6.459 Thread 0x000001eed176e000 Exception <a 'java/lang/ClassNotFoundException'{0x0000000087289020}: org/gradle/initialization/DefaultProjectDescriptorBeanInfo> (0x0000000087289020) thrown at [./src/hotspot/share/classfile/systemDictionary.cpp, line 231]
Event: 6.460 Thread 0x000001eed176e000 Exception <a 'java/lang/ClassNotFoundException'{0x00000000872ae158}: org/gradle/initialization/DefaultProjectDescriptorCustomizer> (0x00000000872ae158) thrown at [./src/hotspot/share/classfile/systemDictionary.cpp, line 231]
Event: 6.463 Thread 0x000001eed176e000 Implicit null exception at 0x000001eebf344aec to 0x000001eebf344b94
Event: 6.625 Thread 0x000001eed1217000 Exception <a 'java/lang/NoSuchMethodError'{0x000000008670d918}: <clinit>> (0x000000008670d918) thrown at [./src/hotspot/share/prims/jni.cpp, line 1362]
Event: 6.625 Thread 0x000001eed1217000 Exception <a 'java/lang/NoSuchMethodError'{0x000000008670ef08}: <clinit>> (0x000000008670ef08) thrown at [./src/hotspot/share/prims/jni.cpp, line 1362]
Event: 6.626 Thread 0x000001eed1217000 Exception <a 'java/lang/NoSuchMethodError'{0x000000008671dc70}: <clinit>> (0x000000008671dc70) thrown at [./src/hotspot/share/prims/jni.cpp, line 1362]
Event: 6.627 Thread 0x000001eed1217000 Exception <a 'java/lang/NoSuchMethodError'{0x000000008671fac0}: <clinit>> (0x000000008671fac0) thrown at [./src/hotspot/share/prims/jni.cpp, line 1362]
Event: 6.628 Thread 0x000001eed1217000 Exception <a 'java/lang/NoSuchMethodError'{0x000000008672f118}: <clinit>> (0x000000008672f118) thrown at [./src/hotspot/share/prims/jni.cpp, line 1362]

Events (20 events):
Event: 6.755 loading class org/gradle/api/tasks/diagnostics/ConventionReportTask
Event: 6.755 loading class org/gradle/api/tasks/diagnostics/ConventionReportTask done
Event: 6.756 loading class org/gradle/api/tasks/diagnostics/TaskReportTask
Event: 6.756 loading class org/gradle/api/tasks/diagnostics/TaskReportTask done
Event: 6.757 loading class org/gradle/api/tasks/diagnostics/PropertyReportTask
Event: 6.757 loading class org/gradle/api/tasks/diagnostics/PropertyReportTask done
Event: 6.758 loading class org/gradle/api/tasks/diagnostics/DependencyInsightReportTask
Event: 6.758 loading class org/gradle/api/tasks/diagnostics/DependencyInsightReportTask done
Event: 6.759 loading class org/objectweb/asm/ClassReader
Event: 6.759 loading class org/objectweb/asm/ClassReader done
Event: 6.769 loading class org/objectweb/asm/Context
Event: 6.769 loading class org/objectweb/asm/Context done
Event: 6.773 loading class org/objectweb/asm/Handle
Event: 6.773 loading class org/objectweb/asm/Handle done
Event: 6.775 loading class org/apache/commons/lang/text/StrBuilder
Event: 6.775 loading class org/apache/commons/lang/text/StrBuilder done
Event: 6.777 loading class java/lang/StringIndexOutOfBoundsException
Event: 6.777 loading class java/lang/StringIndexOutOfBoundsException done
Event: 6.777 loading class org/apache/commons/lang/text/StrTokenizer
Event: 6.777 loading class org/apache/commons/lang/text/StrTokenizer done


Dynamic libraries:
0x00007ff761cf0000 - 0x00007ff761cfa000 	C:\Program Files\Android\Android Studio\jre\bin\java.exe
0x00007ffed2050000 - 0x00007ffed2245000 	C:\Windows\SYSTEM32\ntdll.dll
0x00007ffed1c90000 - 0x00007ffed1d4e000 	C:\Windows\System32\KERNEL32.DLL
0x00007ffecf8c0000 - 0x00007ffecfb88000 	C:\Windows\System32\KERNELBASE.dll
0x00007ffecfce0000 - 0x00007ffecfde0000 	C:\Windows\System32\ucrtbase.dll
0x00007ffeb5370000 - 0x00007ffeb5387000 	C:\Program Files\Android\Android Studio\jre\bin\VCRUNTIME140.dll
0x00007ffeb7940000 - 0x00007ffeb7959000 	C:\Program Files\Android\Android Studio\jre\bin\jli.dll
0x00007ffed10a0000 - 0x00007ffed1241000 	C:\Windows\System32\USER32.dll
0x00007ffeb4e50000 - 0x00007ffeb50ea000 	C:\Windows\WinSxS\amd64_microsoft.windows.common-controls_6595b64144ccf1df_6.0.19041.1110_none_60b5254171f9507e\COMCTL32.dll
0x00007ffecfe70000 - 0x00007ffecfe92000 	C:\Windows\System32\win32u.dll
0x00007ffed0090000 - 0x00007ffed012e000 	C:\Windows\System32\msvcrt.dll
0x00007ffed0210000 - 0x00007ffed023b000 	C:\Windows\System32\GDI32.dll
0x00007ffecff80000 - 0x00007ffed008d000 	C:\Windows\System32\gdi32full.dll
0x00007ffecfb90000 - 0x00007ffecfc2d000 	C:\Windows\System32\msvcp_win.dll
0x00007ffed08c0000 - 0x00007ffed08f0000 	C:\Windows\System32\IMM32.DLL
0x00007ffea7440000 - 0x00007ffea74dd000 	C:\Program Files\Android\Android Studio\jre\bin\msvcp140.dll
0x00007ffe8be70000 - 0x00007ffe8c93f000 	C:\Program Files\Android\Android Studio\jre\bin\server\jvm.dll
0x00007ffed1ef0000 - 0x00007ffed1f9c000 	C:\Windows\System32\ADVAPI32.dll
0x00007ffed07a0000 - 0x00007ffed083b000 	C:\Windows\System32\sechost.dll
0x00007ffed19b0000 - 0x00007ffed1ada000 	C:\Windows\System32\RPCRT4.dll
0x00007ffed1250000 - 0x00007ffed1258000 	C:\Windows\System32\PSAPI.DLL
0x00007ffeb10b0000 - 0x00007ffeb10b9000 	C:\Windows\SYSTEM32\WSOCK32.dll
0x00007ffeb3c70000 - 0x00007ffeb3c97000 	C:\Windows\SYSTEM32\WINMM.dll
0x00007ffec7ef0000 - 0x00007ffec7efa000 	C:\Windows\SYSTEM32\VERSION.dll
0x00007ffed1fa0000 - 0x00007ffed200b000 	C:\Windows\System32\WS2_32.dll
0x00007ffecdfe0000 - 0x00007ffecdff2000 	C:\Windows\SYSTEM32\kernel.appcore.dll
0x00007ffeca050000 - 0x00007ffeca061000 	C:\Program Files\Android\Android Studio\jre\bin\verify.dll
0x00007ffecd550000 - 0x00007ffecd734000 	C:\Windows\SYSTEM32\DBGHELP.DLL
0x00007ffeaf360000 - 0x00007ffeaf38c000 	C:\Windows\SYSTEM32\dbgcore.DLL
0x00007ffecfde0000 - 0x00007ffecfe62000 	C:\Windows\System32\bcryptPrimitives.dll
0x00007ffec8ab0000 - 0x00007ffec8ad9000 	C:\Program Files\Android\Android Studio\jre\bin\java.dll
0x00007ffeca040000 - 0x00007ffeca04b000 	C:\Program Files\Android\Android Studio\jre\bin\jimage.dll
0x00007ffec8a90000 - 0x00007ffec8aa8000 	C:\Program Files\Android\Android Studio\jre\bin\zip.dll
0x00007ffed1260000 - 0x00007ffed19a4000 	C:\Windows\System32\SHELL32.dll
0x00007ffecd740000 - 0x00007ffecded4000 	C:\Windows\SYSTEM32\windows.storage.dll
0x00007ffed0a50000 - 0x00007ffed0da5000 	C:\Windows\System32\combase.dll
0x00007ffecf1b0000 - 0x00007ffecf1de000 	C:\Windows\SYSTEM32\Wldp.dll
0x00007ffed09a0000 - 0x00007ffed0a4d000 	C:\Windows\System32\SHCORE.dll
0x00007ffed0720000 - 0x00007ffed0775000 	C:\Windows\System32\shlwapi.dll
0x00007ffecf6a0000 - 0x00007ffecf6bf000 	C:\Windows\SYSTEM32\profapi.dll
0x00007ffec87c0000 - 0x00007ffec87da000 	C:\Program Files\Android\Android Studio\jre\bin\net.dll
0x00007ffec40b0000 - 0x00007ffec41bc000 	C:\Windows\SYSTEM32\WINHTTP.dll
0x00007ffecef10000 - 0x00007ffecef7a000 	C:\Windows\system32\mswsock.dll
0x00007ffec87a0000 - 0x00007ffec87b4000 	C:\Program Files\Android\Android Studio\jre\bin\nio.dll
0x00007ffeb3a90000 - 0x00007ffeb3ab7000 	C:\Users\hp\.gradle\native\8bec1ad78214c89d9ad589b4d07fe93259594b29d510b10fafb7a158f7737e5d\windows-amd64\native-platform.dll
0x00007ffeb24e0000 - 0x00007ffeb261d000 	C:\Users\hp\.gradle\native\53dbd7edfb1c66fb8903c78663c9afc45aea4f116125fa6feffd364cf09443e8\windows-amd64\native-platform-file-events.dll
0x00007ffeca030000 - 0x00007ffeca03a000 	C:\Program Files\Android\Android Studio\jre\bin\management.dll
0x00007ffec8a80000 - 0x00007ffec8a8c000 	C:\Program Files\Android\Android Studio\jre\bin\management_ext.dll
0x00007ffecf100000 - 0x00007ffecf118000 	C:\Windows\SYSTEM32\CRYPTSP.dll
0x00007ffece820000 - 0x00007ffece854000 	C:\Windows\system32\rsaenh.dll
0x00007ffecff50000 - 0x00007ffecff77000 	C:\Windows\System32\bcrypt.dll
0x00007ffecf660000 - 0x00007ffecf68e000 	C:\Windows\SYSTEM32\USERENV.dll
0x00007ffecf120000 - 0x00007ffecf12c000 	C:\Windows\SYSTEM32\CRYPTBASE.dll
0x00007ffecebb0000 - 0x00007ffecebeb000 	C:\Windows\SYSTEM32\IPHLPAPI.DLL
0x00007ffed1ee0000 - 0x00007ffed1ee8000 	C:\Windows\System32\NSI.dll
0x00007ffec64b0000 - 0x00007ffec64c7000 	C:\Windows\SYSTEM32\dhcpcsvc6.DLL
0x00007ffec6750000 - 0x00007ffec676d000 	C:\Windows\SYSTEM32\dhcpcsvc.DLL
0x00007ffecec00000 - 0x00007ffececcb000 	C:\Windows\SYSTEM32\DNSAPI.dll

dbghelp: loaded successfully - version: 4.0.5 - missing functions: none
symbol engine: initialized successfully - sym options: 0x614 - pdb path: .;C:\Program Files\Android\Android Studio\jre\bin;C:\Windows\SYSTEM32;C:\Windows\WinSxS\amd64_microsoft.windows.common-controls_6595b64144ccf1df_6.0.19041.1110_none_60b5254171f9507e;C:\Program Files\Android\Android Studio\jre\bin\server;C:\Users\hp\.gradle\native\8bec1ad78214c89d9ad589b4d07fe93259594b29d510b10fafb7a158f7737e5d\windows-amd64;C:\Users\hp\.gradle\native\53dbd7edfb1c66fb8903c78663c9afc45aea4f116125fa6feffd364cf09443e8\windows-amd64

VM Arguments:
jvm_args: --add-opens=java.base/java.util=ALL-UNNAMED --add-opens=java.base/java.lang=ALL-UNNAMED --add-opens=java.base/java.lang.invoke=ALL-UNNAMED --add-opens=java.base/java.util=ALL-UNNAMED --add-opens=java.prefs/java.util.prefs=ALL-UNNAMED --add-opens=java.prefs/java.util.prefs=ALL-UNNAMED --add-opens=java.base/java.nio.charset=ALL-UNNAMED --add-opens=java.base/java.net=ALL-UNNAMED --add-opens=java.base/java.util.concurrent.atomic=ALL-UNNAMED -Xmx2048m -Dfile.encoding=UTF-8 -Duser.country=US -Duser.language=en -Duser.variant 
java_command: org.gradle.launcher.daemon.bootstrap.GradleDaemon 7.0.2
java_class_path (initial): C:\Users\hp\.gradle\wrapper\dists\gradle-7.0.2-bin\857tjihv64xamwrf0h14cai3r\gradle-7.0.2\lib\gradle-launcher-7.0.2.jar
Launcher Type: SUN_STANDARD

[Global flags]
     intx CICompilerCount                          = 4                                         {product} {ergonomic}
     uint ConcGCThreads                            = 2                                         {product} {ergonomic}
     uint G1ConcRefinementThreads                  = 8                                         {product} {ergonomic}
   size_t G1HeapRegionSize                         = 1048576                                   {product} {ergonomic}
    uintx GCDrainStackTargetSize                   = 64                                        {product} {ergonomic}
   size_t InitialHeapSize                          = 132120576                                 {product} {ergonomic}
   size_t MarkStackSize                            = 4194304                                   {product} {ergonomic}
   size_t MaxHeapSize                              = 2147483648                                {product} {command line}
   size_t MaxNewSize                               = 1287651328                                {product} {ergonomic}
   size_t MinHeapDeltaBytes                        = 1048576                                   {product} {ergonomic}
    uintx NonNMethodCodeHeapSize                   = 5836300                                {pd product} {ergonomic}
    uintx NonProfiledCodeHeapSize                  = 122910970                              {pd product} {ergonomic}
    uintx ProfiledCodeHeapSize                     = 122910970                              {pd product} {ergonomic}
    uintx ReservedCodeCacheSize                    = 251658240                              {pd product} {ergonomic}
     bool SegmentedCodeCache                       = true                                      {product} {ergonomic}
     bool UseCompressedClassPointers               = true                                 {lp64_product} {ergonomic}
     bool UseCompressedOops                        = true                                 {lp64_product} {ergonomic}
     bool UseG1GC                                  = true                                      {product} {ergonomic}
     bool UseLargePagesIndividualAllocation        = false                                  {pd product} {ergonomic}

Logging:
Log output configuration:
 #0: stdout all=warning uptime,level,tags
 #1: stderr all=off uptime,level,tags

Environment Variables:
JAVA_HOME=C:\Program Files\Java\jdk-16.0.2
PATH=C:\Program Files\Common Files\Oracle\Java\javapath;C:\Windows\system32;C:\Windows;C:\Windows\System32\Wbem;C:\Windows\System32\WindowsPowerShell\v1.0\;C:\Windows\System32\OpenSSH\;C:\Program Files (x86)\NVIDIA Corporation\PhysX\Common;C:\Program Files\Java\jdk-16.0.2\bin;C:\Program Files\Git\cmd;C:\Program Files (x86)\Schneider Electric\Schneider Electric Software Installer\;C:\Users\hp\AppData\Local\Microsoft\WindowsApps;;C:\Users\hp\AppData\Local\Programs\Microsoft VS Code\bin
USERNAME=hp
OS=Windows_NT
PROCESSOR_IDENTIFIER=Intel64 Family 6 Model 142 Stepping 12, GenuineIntel



---------------  S Y S T E M  ---------------

OS: Windows 10 , 64 bit Build 19041 (10.0.19041.1348)
OS uptime: 2 days 11:36 hours

CPU:total 8 (initial active 8) (4 cores per cpu, 2 threads per core) family 6 model 142 stepping 12 microcode 0xea, cmov, cx8, fxsr, mmx, sse, sse2, sse3, ssse3, sse4.1, sse4.2, popcnt, avx, avx2, aes, clmul, erms, 3dnowpref, lzcnt, ht, tsc, tscinvbit, bmi1, bmi2, adx, fma

Memory: 4k page, system-wide physical 8029M (477M free)
TotalPageFile size 40427M (AvailPageFile size 1M)
current process WorkingSet (physical memory assigned to process): 269M, peak: 269M
current process commit charge ("private bytes"): 328M, peak: 329M

vm_info: OpenJDK 64-Bit Server VM (11.0.10+0-b96-7249189) for windows-amd64 JRE (11.0.10+0-b96-7249189), built on Mar 31 2021 21:44:00 by "builder" with MS VC++ 14.0 (VS2015)

END.
