#
# There is insufficient memory for the Java Runtime Environment to continue.
# Native memory allocation (malloc) failed to allocate 1090416 bytes for Chunk::new
# Possible reasons:
#   The system is out of physical RAM or swap space
#   The process is running with CompressedOops enabled, and the Java Heap may be blocking the growth of the native heap
# Possible solutions:
#   Reduce memory load on the system
#   Increase physical memory or swap space
#   Check if swap backing store is full
#   Decrease Java heap size (-Xmx/-Xms)
#   Decrease number of Java threads
#   Decrease Java thread stack sizes (-Xss)
#   Set larger code cache with -XX:ReservedCodeCacheSize=
#   JVM is running with Unscaled Compressed Oops mode in which the Java heap is
#     placed in the first 4GB address space. The Java Heap base address is the
#     maximum limit for the native heap growth. Please use -XX:HeapBaseMinAddress
#     to set the Java Heap base and to place the Java Heap above 4GB virtual address.
# This output file may be truncated or incomplete.
#
#  Out of Memory Error (./src/hotspot/share/memory/arena.cpp:197), pid=2072, tid=11380
#
# JRE version: OpenJDK Runtime Environment (11.0.10) (build 11.0.10+0-b96-7249189)
# Java VM: OpenJDK 64-Bit Server VM (11.0.10+0-b96-7249189, mixed mode, tiered, compressed oops, g1 gc, windows-amd64)
# No core dump will be written. Minidumps are not enabled by default on client versions of Windows
#

---------------  S U M M A R Y ------------

Command Line: --add-opens=java.base/java.util=ALL-UNNAMED --add-opens=java.base/java.lang=ALL-UNNAMED --add-opens=java.base/java.lang.invoke=ALL-UNNAMED --add-opens=java.base/java.util=ALL-UNNAMED --add-opens=java.prefs/java.util.prefs=ALL-UNNAMED --add-opens=java.prefs/java.util.prefs=ALL-UNNAMED --add-opens=java.base/java.nio.charset=ALL-UNNAMED --add-opens=java.base/java.net=ALL-UNNAMED --add-opens=java.base/java.util.concurrent.atomic=ALL-UNNAMED -Xmx2048m -Dfile.encoding=UTF-8 -Duser.country=US -Duser.language=en -Duser.variant org.gradle.launcher.daemon.bootstrap.GradleDaemon 7.0.2

Host: Intel(R) Core(TM) i7-10510U CPU @ 1.80GHz, 8 cores, 7G,  Windows 10 , 64 bit Build 19041 (10.0.19041.1348)
Time: Mon Dec 20 12:21:45 2021 Jerusalem Standard Time elapsed time: 12.091388 seconds (0d 0h 0m 12s)

---------------  T H R E A D  ---------------

Current thread (0x00000271fcbcf000):  JavaThread "C2 CompilerThread1" daemon [_thread_in_native, id=11380, stack(0x000000f814e00000,0x000000f814f00000)]


Current CompileTask:
C2:  12091 6062       4       java.util.TreeMap::put (247 bytes)

Stack: [0x000000f814e00000,0x000000f814f00000]
Native frames: (J=compiled Java code, j=interpreted, Vv=VM code, C=native code)
V  [jvm.dll+0x5ecfaa]
V  [jvm.dll+0x722bd5]
V  [jvm.dll+0x72412d]
V  [jvm.dll+0x7247e3]
V  [jvm.dll+0x242928]
V  [jvm.dll+0xbc4fc]
V  [jvm.dll+0xbca0c]
V  [jvm.dll+0x352d7d]
V  [jvm.dll+0x320ad3]
V  [jvm.dll+0x31ffca]
V  [jvm.dll+0x1fb602]
V  [jvm.dll+0x1fa7f4]
V  [jvm.dll+0x18354c]
V  [jvm.dll+0x208ee7]
V  [jvm.dll+0x207731]
V  [jvm.dll+0x6eb1cf]
V  [jvm.dll+0x6e3d45]
V  [jvm.dll+0x5ebe96]
C  [ucrtbase.dll+0x21bb2]
C  [KERNEL32.DLL+0x17034]
C  [ntdll.dll+0x52651]


---------------  P R O C E S S  ---------------

Threads class SMR info:
_java_thread_list=0x00000271f71cb7a0, length=51, elements={
0x00000271d91aa000, 0x00000271f55c3000, 0x00000271f55c4800, 0x00000271f5f52800,
0x00000271f55de000, 0x00000271f55de800, 0x00000271f55e1800, 0x00000271f55ed000,
0x00000271f55f3800, 0x00000271f60a1800, 0x00000271f749e800, 0x00000271f61c6000,
0x00000271f78e1000, 0x00000271f90a7000, 0x00000271f84c5800, 0x00000271f9081800,
0x00000271f7d28800, 0x00000271f8348800, 0x00000271f85f0000, 0x00000271f7e50000,
0x00000271f7e4e000, 0x00000271f7e4e800, 0x00000271f7e4f800, 0x00000271f80ff800,
0x00000271f8100800, 0x00000271f8102000, 0x00000271f8106000, 0x00000271f8104800,
0x00000271f8105000, 0x00000271f8103000, 0x00000271f8107800, 0x00000271f810c000,
0x00000271f810c800, 0x00000271f810a000, 0x00000271f810e000, 0x00000271fcbc9000,
0x00000271fcbc6800, 0x00000271fcbc4800, 0x00000271fcbcb000, 0x00000271fcbc6000,
0x00000271fcbc8800, 0x00000271fcbc5000, 0x00000271fcbcb800, 0x00000271fcbcc800,
0x00000271fcbcd800, 0x00000271fcbc7800, 0x00000271fcbd0800, 0x00000271fcbd1800,
0x00000271fcbcf800, 0x00000271fcbcf000, 0x00000271fcbca000
}

Java Threads: ( => current thread )
  0x00000271d91aa000 JavaThread "main" [_thread_blocked, id=12008, stack(0x000000f812800000,0x000000f812900000)]
  0x00000271f55c3000 JavaThread "Reference Handler" daemon [_thread_blocked, id=13872, stack(0x000000f812f00000,0x000000f813000000)]
  0x00000271f55c4800 JavaThread "Finalizer" daemon [_thread_blocked, id=9780, stack(0x000000f813000000,0x000000f813100000)]
  0x00000271f5f52800 JavaThread "Signal Dispatcher" daemon [_thread_blocked, id=2548, stack(0x000000f813100000,0x000000f813200000)]
  0x00000271f55de000 JavaThread "Attach Listener" daemon [_thread_blocked, id=4676, stack(0x000000f813200000,0x000000f813300000)]
  0x00000271f55de800 JavaThread "Service Thread" daemon [_thread_blocked, id=11388, stack(0x000000f813300000,0x000000f813400000)]
  0x00000271f55e1800 JavaThread "C2 CompilerThread0" daemon [_thread_in_native, id=5256, stack(0x000000f813400000,0x000000f813500000)]
  0x00000271f55ed000 JavaThread "C1 CompilerThread0" daemon [_thread_blocked, id=10080, stack(0x000000f813500000,0x000000f813600000)]
  0x00000271f55f3800 JavaThread "Sweeper thread" daemon [_thread_blocked, id=3492, stack(0x000000f813600000,0x000000f813700000)]
  0x00000271f60a1800 JavaThread "Common-Cleaner" daemon [_thread_blocked, id=12088, stack(0x000000f813700000,0x000000f813800000)]
  0x00000271f749e800 JavaThread "Daemon health stats" [_thread_blocked, id=5180, stack(0x000000f813d00000,0x000000f813e00000)]
  0x00000271f61c6000 JavaThread "Incoming local TCP Connector on port 63627" [_thread_in_native, id=14216, stack(0x000000f813900000,0x000000f813a00000)]
  0x00000271f78e1000 JavaThread "Daemon periodic checks" [_thread_blocked, id=12736, stack(0x000000f813c00000,0x000000f813d00000)]
  0x00000271f90a7000 JavaThread "Daemon" [_thread_blocked, id=4560, stack(0x000000f813e00000,0x000000f813f00000)]
  0x00000271f84c5800 JavaThread "Handler for socket connection from /127.0.0.1:63627 to /127.0.0.1:63628" [_thread_in_native, id=6760, stack(0x000000f813f00000,0x000000f814000000)]
  0x00000271f9081800 JavaThread "Cancel handler" [_thread_blocked, id=2644, stack(0x000000f814000000,0x000000f814100000)]
  0x00000271f7d28800 JavaThread "Daemon worker" [_thread_in_vm, id=11392, stack(0x000000f814100000,0x000000f814200000)]
  0x00000271f8348800 JavaThread "Asynchronous log dispatcher for DefaultDaemonConnection: socket connection from /127.0.0.1:63627 to /127.0.0.1:63628" [_thread_blocked, id=14192, stack(0x000000f814200000,0x000000f814300000)]
  0x00000271f85f0000 JavaThread "Stdin handler" [_thread_blocked, id=10252, stack(0x000000f814300000,0x000000f814400000)]
  0x00000271f7e50000 JavaThread "Daemon client event forwarder" [_thread_blocked, id=9404, stack(0x000000f814400000,0x000000f814500000)]
  0x00000271f7e4e000 JavaThread "Cache worker for file hash cache (C:\Users\hp\.gradle\caches\7.0.2\fileHashes)" [_thread_blocked, id=14120, stack(0x000000f814a00000,0x000000f814b00000)]
  0x00000271f7e4e800 JavaThread "File lock request listener" [_thread_in_native, id=1664, stack(0x000000f814b00000,0x000000f814c00000)]
  0x00000271f7e4f800 JavaThread "Cache worker for journal cache (C:\Users\hp\.gradle\caches\journal-1)" [_thread_blocked, id=2384, stack(0x000000f814d00000,0x000000f814e00000)]
  0x00000271f80ff800 JavaThread "Cache worker for file hash cache (C:\Users\hp\AndroidStudioProjects\LastGarageApp\.gradle\7.0.2\fileHashes)" [_thread_blocked, id=13388, stack(0x000000f814f00000,0x000000f815000000)]
  0x00000271f8100800 JavaThread "File watcher server" daemon [_thread_in_native, id=13916, stack(0x000000f815000000,0x000000f815100000)]
  0x00000271f8102000 JavaThread "File watcher consumer" daemon [_thread_blocked, id=1440, stack(0x000000f815100000,0x000000f815200000)]
  0x00000271f8106000 JavaThread "Cache worker for checksums cache (C:\Users\hp\AndroidStudioProjects\LastGarageApp\.gradle\checksums)" [_thread_blocked, id=13860, stack(0x000000f815200000,0x000000f815300000)]
  0x00000271f8104800 JavaThread "Cache worker for cache directory md-supplier (C:\Users\hp\.gradle\caches\7.0.2\md-supplier)" [_thread_blocked, id=10404, stack(0x000000f815300000,0x000000f815400000)]
  0x00000271f8105000 JavaThread "Cache worker for cache directory md-rule (C:\Users\hp\.gradle\caches\7.0.2\md-rule)" [_thread_blocked, id=12112, stack(0x000000f815400000,0x000000f815500000)]
  0x00000271f8103000 JavaThread "Cache worker for execution history cache (C:\Users\hp\.gradle\caches\7.0.2\executionHistory)" [_thread_blocked, id=3140, stack(0x000000f815500000,0x000000f815600000)]
  0x00000271f8107800 JavaThread "jar transforms" [_thread_blocked, id=9072, stack(0x000000f815600000,0x000000f815700000)]
  0x00000271f810c000 JavaThread "jar transforms Thread 2" [_thread_blocked, id=11236, stack(0x000000f815700000,0x000000f815800000)]
  0x00000271f810c800 JavaThread "Cache worker for file content cache (C:\Users\hp\.gradle\caches\7.0.2\fileContent)" [_thread_blocked, id=4876, stack(0x000000f815800000,0x000000f815900000)]
  0x00000271f810a000 JavaThread "Cache worker for dependencies-accessors (C:\Users\hp\AndroidStudioProjects\LastGarageApp\.gradle\7.0.2\dependencies-accessors)" [_thread_blocked, id=7892, stack(0x000000f815900000,0x000000f815a00000)]
  0x00000271f810e000 JavaThread "jar transforms Thread 3" [_thread_blocked, id=10496, stack(0x000000f815a00000,0x000000f815b00000)]
  0x00000271fcbc9000 JavaThread "Cache worker for Build Output Cleanup Cache (C:\Users\hp\AndroidStudioProjects\LastGarageApp\.gradle\buildOutputCleanup)" [_thread_blocked, id=13696, stack(0x000000f815b00000,0x000000f815c00000)]
  0x00000271fcbc6800 JavaThread "Build operations" [_thread_blocked, id=8360, stack(0x000000f815d00000,0x000000f815e00000)]
  0x00000271fcbc4800 JavaThread "Build operations Thread 2" [_thread_blocked, id=11940, stack(0x000000f815e00000,0x000000f815f00000)]
  0x00000271fcbcb000 JavaThread "Build operations Thread 3" [_thread_blocked, id=9608, stack(0x000000f815f00000,0x000000f816000000)]
  0x00000271fcbc6000 JavaThread "Build operations Thread 4" [_thread_blocked, id=1168, stack(0x000000f816000000,0x000000f816100000)]
  0x00000271fcbc8800 JavaThread "Build operations Thread 5" [_thread_blocked, id=10224, stack(0x000000f816100000,0x000000f816200000)]
  0x00000271fcbc5000 JavaThread "Build operations Thread 6" [_thread_blocked, id=13160, stack(0x000000f816200000,0x000000f816300000)]
  0x00000271fcbcb800 JavaThread "Build operations Thread 7" [_thread_blocked, id=12692, stack(0x000000f816300000,0x000000f816400000)]
  0x00000271fcbcc800 JavaThread "Build operations Thread 8" [_thread_blocked, id=3100, stack(0x000000f816400000,0x000000f816500000)]
  0x00000271fcbcd800 JavaThread "jar transforms Thread 4" [_thread_blocked, id=2772, stack(0x000000f816500000,0x000000f816600000)]
  0x00000271fcbc7800 JavaThread "jar transforms Thread 5" [_thread_blocked, id=12304, stack(0x000000f816600000,0x000000f816700000)]
  0x00000271fcbd0800 JavaThread "jar transforms Thread 6" [_thread_blocked, id=6336, stack(0x000000f816700000,0x000000f816800000)]
  0x00000271fcbd1800 JavaThread "jar transforms Thread 7" [_thread_blocked, id=2392, stack(0x000000f816800000,0x000000f816900000)]
  0x00000271fcbcf800 JavaThread "jar transforms Thread 8" [_thread_blocked, id=9368, stack(0x000000f816900000,0x000000f816a00000)]
=>0x00000271fcbcf000 JavaThread "C2 CompilerThread1" daemon [_thread_in_native, id=11380, stack(0x000000f814e00000,0x000000f814f00000)]
  0x00000271fcbca000 JavaThread "Memory manager" [_thread_blocked, id=1264, stack(0x000000f815c00000,0x000000f815d00000)]

Other Threads:
  0x00000271f55c1800 VMThread "VM Thread" [stack: 0x000000f812e00000,0x000000f812f00000] [id=13320]
  0x00000271f60d3000 WatcherThread [stack: 0x000000f813800000,0x000000f813900000] [id=440]
  0x00000271d91c3800 GCTaskThread "GC Thread#0" [stack: 0x000000f812900000,0x000000f812a00000] [id=1916]
  0x00000271f6aae000 GCTaskThread "GC Thread#1" [stack: 0x000000f813a00000,0x000000f813b00000] [id=1356]
  0x00000271f63de800 GCTaskThread "GC Thread#2" [stack: 0x000000f813b00000,0x000000f813c00000] [id=9032]
  0x00000271f814f800 GCTaskThread "GC Thread#3" [stack: 0x000000f814500000,0x000000f814600000] [id=10084]
  0x00000271f85f1000 GCTaskThread "GC Thread#4" [stack: 0x000000f814600000,0x000000f814700000] [id=1220]
  0x00000271f808d000 GCTaskThread "GC Thread#5" [stack: 0x000000f814700000,0x000000f814800000] [id=3292]
  0x00000271f85d9000 GCTaskThread "GC Thread#6" [stack: 0x000000f814800000,0x000000f814900000] [id=14268]
  0x00000271f7ff7000 GCTaskThread "GC Thread#7" [stack: 0x000000f814900000,0x000000f814a00000] [id=14260]
  0x00000271d91f5000 ConcurrentGCThread "G1 Main Marker" [stack: 0x000000f812a00000,0x000000f812b00000] [id=10476]
  0x00000271d91f6800 ConcurrentGCThread "G1 Conc#0" [stack: 0x000000f812b00000,0x000000f812c00000] [id=13316]
  0x00000271f73ef800 ConcurrentGCThread "G1 Conc#1" [stack: 0x000000f814c00000,0x000000f814d00000] [id=3548]
  0x00000271f5410800 ConcurrentGCThread "G1 Refine#0" [stack: 0x000000f812c00000,0x000000f812d00000] [id=13096]
  0x00000271f5411800 ConcurrentGCThread "G1 Young RemSet Sampling" [stack: 0x000000f812d00000,0x000000f812e00000] [id=11240]

Threads with active compile tasks:
C2 CompilerThread0  12124 6067       4       java.util.regex.Pattern::compile (498 bytes)
C2 CompilerThread1  12124 6062       4       java.util.TreeMap::put (247 bytes)

VM state:not at safepoint (normal execution)

VM Mutex/Monitor currently owned by a thread: None

Heap address: 0x0000000080000000, size: 2048 MB, Compressed Oops mode: 32-bit
Narrow klass base: 0x0000000000000000, Narrow klass shift: 3
Compressed class space size: 1073741824 Address: 0x0000000100000000

Heap:
 garbage-first heap   total 155648K, used 97532K [0x0000000080000000, 0x0000000100000000)
  region size 1024K, 56 young (57344K), 4 survivors (4096K)
 Metaspace       used 63124K, capacity 64644K, committed 64716K, reserved 1105920K
  class space    used 8013K, capacity 8581K, committed 8652K, reserved 1048576K
Heap Regions: E=young(eden), S=young(survivor), O=old, HS=humongous(starts), HC=humongous(continues), CS=collection set, F=free, A=archive, TAMS=top-at-mark-start (previous, next)
|   0|0x0000000080000000, 0x0000000080100000, 0x0000000080100000|100%| O|  |TAMS 0x0000000080100000, 0x0000000080000000| Untracked 
|   1|0x0000000080100000, 0x0000000080200000, 0x0000000080200000|100%| O|  |TAMS 0x0000000080200000, 0x0000000080100000| Untracked 
|   2|0x0000000080200000, 0x0000000080300000, 0x0000000080300000|100%| O|  |TAMS 0x0000000080300000, 0x0000000080200000| Untracked 
|   3|0x0000000080300000, 0x0000000080400000, 0x0000000080400000|100%|HS|  |TAMS 0x0000000080400000, 0x0000000080300000| Complete 
|   4|0x0000000080400000, 0x0000000080500000, 0x0000000080500000|100%|HC|  |TAMS 0x0000000080500000, 0x0000000080400000| Complete 
|   5|0x0000000080500000, 0x0000000080600000, 0x0000000080600000|100%|HC|  |TAMS 0x0000000080600000, 0x0000000080500000| Complete 
|   6|0x0000000080600000, 0x0000000080700000, 0x0000000080700000|100%| O|  |TAMS 0x0000000080700000, 0x0000000080600000| Untracked 
|   7|0x0000000080700000, 0x0000000080800000, 0x0000000080800000|100%| O|  |TAMS 0x0000000080800000, 0x0000000080700000| Untracked 
|   8|0x0000000080800000, 0x0000000080900000, 0x0000000080900000|100%| O|  |TAMS 0x0000000080900000, 0x0000000080800000| Untracked 
|   9|0x0000000080900000, 0x0000000080a00000, 0x0000000080a00000|100%| O|  |TAMS 0x0000000080a00000, 0x0000000080900000| Untracked 
|  10|0x0000000080a00000, 0x0000000080b00000, 0x0000000080b00000|100%| O|  |TAMS 0x0000000080b00000, 0x0000000080a00000| Untracked 
|  11|0x0000000080b00000, 0x0000000080c00000, 0x0000000080c00000|100%| O|  |TAMS 0x0000000080c00000, 0x0000000080b00000| Untracked 
|  12|0x0000000080c00000, 0x0000000080d00000, 0x0000000080d00000|100%| O|  |TAMS 0x0000000080d00000, 0x0000000080c00000| Untracked 
|  13|0x0000000080d00000, 0x0000000080e00000, 0x0000000080e00000|100%| O|  |TAMS 0x0000000080e00000, 0x0000000080d00000| Untracked 
|  14|0x0000000080e00000, 0x0000000080f00000, 0x0000000080f00000|100%| O|  |TAMS 0x0000000080f00000, 0x0000000080e00000| Untracked 
|  15|0x0000000080f00000, 0x0000000081000000, 0x0000000081000000|100%| O|  |TAMS 0x0000000081000000, 0x0000000080f00000| Untracked 
|  16|0x0000000081000000, 0x0000000081100000, 0x0000000081100000|100%|HS|  |TAMS 0x0000000081100000, 0x0000000081000000| Complete 
|  17|0x0000000081100000, 0x0000000081200000, 0x0000000081200000|100%| O|  |TAMS 0x0000000081200000, 0x0000000081100000| Untracked 
|  18|0x0000000081200000, 0x0000000081300000, 0x0000000081300000|100%| O|  |TAMS 0x0000000081300000, 0x0000000081200000| Untracked 
|  19|0x0000000081300000, 0x0000000081400000, 0x0000000081400000|100%| O|  |TAMS 0x0000000081400000, 0x0000000081300000| Untracked 
|  20|0x0000000081400000, 0x0000000081500000, 0x0000000081500000|100%| O|  |TAMS 0x0000000081500000, 0x0000000081400000| Untracked 
|  21|0x0000000081500000, 0x0000000081600000, 0x0000000081600000|100%| O|  |TAMS 0x0000000081600000, 0x0000000081500000| Untracked 
|  22|0x0000000081600000, 0x0000000081700000, 0x0000000081700000|100%| O|  |TAMS 0x0000000081700000, 0x0000000081600000| Untracked 
|  23|0x0000000081700000, 0x0000000081800000, 0x0000000081800000|100%| O|  |TAMS 0x0000000081800000, 0x0000000081700000| Untracked 
|  24|0x0000000081800000, 0x0000000081900000, 0x0000000081900000|100%| O|  |TAMS 0x0000000081900000, 0x0000000081800000| Untracked 
|  25|0x0000000081900000, 0x0000000081a00000, 0x0000000081a00000|100%| O|  |TAMS 0x0000000081a00000, 0x0000000081900000| Untracked 
|  26|0x0000000081a00000, 0x0000000081b00000, 0x0000000081b00000|100%| O|  |TAMS 0x0000000081b00000, 0x0000000081a00000| Untracked 
|  27|0x0000000081b00000, 0x0000000081c00000, 0x0000000081c00000|100%|HS|  |TAMS 0x0000000081c00000, 0x0000000081b00000| Complete 
|  28|0x0000000081c00000, 0x0000000081d00000, 0x0000000081d00000|100%|HS|  |TAMS 0x0000000081d00000, 0x0000000081c00000| Complete 
|  29|0x0000000081d00000, 0x0000000081e00000, 0x0000000081e00000|100%|HC|  |TAMS 0x0000000081e00000, 0x0000000081d00000| Complete 
|  30|0x0000000081e00000, 0x0000000081f00000, 0x0000000081f00000|100%| O|  |TAMS 0x0000000081f00000, 0x0000000081e00000| Untracked 
|  31|0x0000000081f00000, 0x0000000082000000, 0x0000000082000000|100%| O|  |TAMS 0x0000000082000000, 0x0000000081f00000| Untracked 
|  32|0x0000000082000000, 0x0000000082100000, 0x0000000082100000|100%| O|  |TAMS 0x0000000082100000, 0x0000000082000000| Untracked 
|  33|0x0000000082100000, 0x0000000082200000, 0x0000000082200000|100%| O|  |TAMS 0x0000000082200000, 0x0000000082100000| Untracked 
|  34|0x0000000082200000, 0x0000000082300000, 0x0000000082300000|100%| O|  |TAMS 0x0000000082300000, 0x0000000082200000| Untracked 
|  35|0x0000000082300000, 0x0000000082400000, 0x0000000082400000|100%| O|  |TAMS 0x0000000082400000, 0x0000000082300000| Untracked 
|  36|0x0000000082400000, 0x0000000082500000, 0x0000000082500000|100%| O|  |TAMS 0x0000000082500000, 0x0000000082400000| Untracked 
|  37|0x0000000082500000, 0x0000000082600000, 0x0000000082600000|100%| O|  |TAMS 0x0000000082600000, 0x0000000082500000| Untracked 
|  38|0x0000000082600000, 0x0000000082700000, 0x0000000082700000|100%| O|  |TAMS 0x0000000082700000, 0x0000000082600000| Untracked 
|  39|0x0000000082700000, 0x0000000082800000, 0x0000000082800000|100%| O|  |TAMS 0x0000000082800000, 0x0000000082700000| Untracked 
|  40|0x0000000082800000, 0x00000000828a7600, 0x0000000082900000| 65%| O|  |TAMS 0x00000000828a7600, 0x0000000082800000| Untracked 
|  41|0x0000000082900000, 0x0000000082a00000, 0x0000000082a00000|100%|HS|  |TAMS 0x0000000082900000, 0x0000000082900000| Complete 
|  42|0x0000000082a00000, 0x0000000082a00000, 0x0000000082b00000|  0%| F|  |TAMS 0x0000000082a00000, 0x0000000082a00000| Untracked 
|  43|0x0000000082b00000, 0x0000000082b00000, 0x0000000082c00000|  0%| F|  |TAMS 0x0000000082b00000, 0x0000000082b00000| Untracked 
|  44|0x0000000082c00000, 0x0000000082c00000, 0x0000000082d00000|  0%| F|  |TAMS 0x0000000082c00000, 0x0000000082c00000| Untracked 
|  45|0x0000000082d00000, 0x0000000082d00000, 0x0000000082e00000|  0%| F|  |TAMS 0x0000000082d00000, 0x0000000082d00000| Untracked 
|  46|0x0000000082e00000, 0x0000000082e00000, 0x0000000082f00000|  0%| F|  |TAMS 0x0000000082e00000, 0x0000000082e00000| Untracked 
|  47|0x0000000082f00000, 0x0000000082f00000, 0x0000000083000000|  0%| F|  |TAMS 0x0000000082f00000, 0x0000000082f00000| Untracked 
|  48|0x0000000083000000, 0x0000000083000000, 0x0000000083100000|  0%| F|  |TAMS 0x0000000083000000, 0x0000000083000000| Untracked 
|  49|0x0000000083100000, 0x0000000083100000, 0x0000000083200000|  0%| F|  |TAMS 0x0000000083100000, 0x0000000083100000| Untracked 
|  50|0x0000000083200000, 0x0000000083200000, 0x0000000083300000|  0%| F|  |TAMS 0x0000000083200000, 0x0000000083200000| Untracked 
|  51|0x0000000083300000, 0x0000000083300000, 0x0000000083400000|  0%| F|  |TAMS 0x0000000083300000, 0x0000000083300000| Untracked 
|  52|0x0000000083400000, 0x0000000083400000, 0x0000000083500000|  0%| F|  |TAMS 0x0000000083400000, 0x0000000083400000| Untracked 
|  53|0x0000000083500000, 0x0000000083500000, 0x0000000083600000|  0%| F|  |TAMS 0x0000000083500000, 0x0000000083500000| Untracked 
|  54|0x0000000083600000, 0x0000000083600000, 0x0000000083700000|  0%| F|  |TAMS 0x0000000083600000, 0x0000000083600000| Untracked 
|  55|0x0000000083700000, 0x0000000083700000, 0x0000000083800000|  0%| F|  |TAMS 0x0000000083700000, 0x0000000083700000| Untracked 
|  56|0x0000000083800000, 0x0000000083800000, 0x0000000083900000|  0%| F|  |TAMS 0x0000000083800000, 0x0000000083800000| Untracked 
|  57|0x0000000083900000, 0x0000000083900000, 0x0000000083a00000|  0%| F|  |TAMS 0x0000000083900000, 0x0000000083900000| Untracked 
|  58|0x0000000083a00000, 0x0000000083a00000, 0x0000000083b00000|  0%| F|  |TAMS 0x0000000083a00000, 0x0000000083a00000| Untracked 
|  59|0x0000000083b00000, 0x0000000083b00000, 0x0000000083c00000|  0%| F|  |TAMS 0x0000000083b00000, 0x0000000083b00000| Untracked 
|  60|0x0000000083c00000, 0x0000000083c00000, 0x0000000083d00000|  0%| F|  |TAMS 0x0000000083c00000, 0x0000000083c00000| Untracked 
|  61|0x0000000083d00000, 0x0000000083d00000, 0x0000000083e00000|  0%| F|  |TAMS 0x0000000083d00000, 0x0000000083d00000| Untracked 
|  62|0x0000000083e00000, 0x0000000083e00000, 0x0000000083f00000|  0%| F|  |TAMS 0x0000000083e00000, 0x0000000083e00000| Untracked 
|  63|0x0000000083f00000, 0x0000000083f00000, 0x0000000084000000|  0%| F|  |TAMS 0x0000000083f00000, 0x0000000083f00000| Untracked 
|  64|0x0000000084000000, 0x0000000084000000, 0x0000000084100000|  0%| F|  |TAMS 0x0000000084000000, 0x0000000084000000| Untracked 
|  65|0x0000000084100000, 0x0000000084100000, 0x0000000084200000|  0%| F|  |TAMS 0x0000000084100000, 0x0000000084100000| Untracked 
|  66|0x0000000084200000, 0x0000000084200000, 0x0000000084300000|  0%| F|  |TAMS 0x0000000084200000, 0x0000000084200000| Untracked 
|  67|0x0000000084300000, 0x0000000084300000, 0x0000000084400000|  0%| F|  |TAMS 0x0000000084300000, 0x0000000084300000| Untracked 
|  68|0x0000000084400000, 0x0000000084400000, 0x0000000084500000|  0%| F|  |TAMS 0x0000000084400000, 0x0000000084400000| Untracked 
|  69|0x0000000084500000, 0x0000000084500000, 0x0000000084600000|  0%| F|  |TAMS 0x0000000084500000, 0x0000000084500000| Untracked 
|  70|0x0000000084600000, 0x0000000084600000, 0x0000000084700000|  0%| F|  |TAMS 0x0000000084600000, 0x0000000084600000| Untracked 
|  71|0x0000000084700000, 0x0000000084700000, 0x0000000084800000|  0%| F|  |TAMS 0x0000000084700000, 0x0000000084700000| Untracked 
|  72|0x0000000084800000, 0x0000000084800000, 0x0000000084900000|  0%| F|  |TAMS 0x0000000084800000, 0x0000000084800000| Untracked 
|  73|0x0000000084900000, 0x0000000084900000, 0x0000000084a00000|  0%| F|  |TAMS 0x0000000084900000, 0x0000000084900000| Untracked 
|  74|0x0000000084a00000, 0x0000000084a00000, 0x0000000084b00000|  0%| F|  |TAMS 0x0000000084a00000, 0x0000000084a00000| Untracked 
|  75|0x0000000084b00000, 0x0000000084b00000, 0x0000000084c00000|  0%| F|  |TAMS 0x0000000084b00000, 0x0000000084b00000| Untracked 
|  76|0x0000000084c00000, 0x0000000084c00000, 0x0000000084d00000|  0%| F|  |TAMS 0x0000000084c00000, 0x0000000084c00000| Untracked 
|  77|0x0000000084d00000, 0x0000000084d00000, 0x0000000084e00000|  0%| F|  |TAMS 0x0000000084d00000, 0x0000000084d00000| Untracked 
|  78|0x0000000084e00000, 0x0000000084e00000, 0x0000000084f00000|  0%| F|  |TAMS 0x0000000084e00000, 0x0000000084e00000| Untracked 
|  79|0x0000000084f00000, 0x0000000084f00000, 0x0000000085000000|  0%| F|  |TAMS 0x0000000084f00000, 0x0000000084f00000| Untracked 
|  80|0x0000000085000000, 0x0000000085000000, 0x0000000085100000|  0%| F|  |TAMS 0x0000000085000000, 0x0000000085000000| Untracked 
|  81|0x0000000085100000, 0x0000000085100000, 0x0000000085200000|  0%| F|  |TAMS 0x0000000085100000, 0x0000000085100000| Untracked 
|  82|0x0000000085200000, 0x0000000085200000, 0x0000000085300000|  0%| F|  |TAMS 0x0000000085200000, 0x0000000085200000| Untracked 
|  83|0x0000000085300000, 0x0000000085300000, 0x0000000085400000|  0%| F|  |TAMS 0x0000000085300000, 0x0000000085300000| Untracked 
|  84|0x0000000085400000, 0x0000000085400000, 0x0000000085500000|  0%| F|  |TAMS 0x0000000085400000, 0x0000000085400000| Untracked 
|  85|0x0000000085500000, 0x0000000085500000, 0x0000000085600000|  0%| F|  |TAMS 0x0000000085500000, 0x0000000085500000| Untracked 
|  86|0x0000000085600000, 0x0000000085600000, 0x0000000085700000|  0%| F|  |TAMS 0x0000000085600000, 0x0000000085600000| Untracked 
|  87|0x0000000085700000, 0x0000000085700000, 0x0000000085800000|  0%| F|  |TAMS 0x0000000085700000, 0x0000000085700000| Untracked 
|  88|0x0000000085800000, 0x0000000085800000, 0x0000000085900000|  0%| F|  |TAMS 0x0000000085800000, 0x0000000085800000| Untracked 
|  89|0x0000000085900000, 0x0000000085900000, 0x0000000085a00000|  0%| F|  |TAMS 0x0000000085900000, 0x0000000085900000| Untracked 
|  90|0x0000000085a00000, 0x0000000085a00000, 0x0000000085b00000|  0%| F|  |TAMS 0x0000000085a00000, 0x0000000085a00000| Untracked 
|  91|0x0000000085b00000, 0x0000000085b97c20, 0x0000000085c00000| 59%| S|CS|TAMS 0x0000000085b00000, 0x0000000085b00000| Complete 
|  92|0x0000000085c00000, 0x0000000085d00000, 0x0000000085d00000|100%| S|CS|TAMS 0x0000000085c00000, 0x0000000085c00000| Complete 
|  93|0x0000000085d00000, 0x0000000085e00000, 0x0000000085e00000|100%| S|CS|TAMS 0x0000000085d00000, 0x0000000085d00000| Complete 
|  94|0x0000000085e00000, 0x0000000085f00000, 0x0000000085f00000|100%| S|CS|TAMS 0x0000000085e00000, 0x0000000085e00000| Complete 
|  95|0x0000000085f00000, 0x0000000085f00000, 0x0000000086000000|  0%| F|  |TAMS 0x0000000085f00000, 0x0000000085f00000| Untracked 
|  96|0x0000000086000000, 0x0000000086000000, 0x0000000086100000|  0%| F|  |TAMS 0x0000000086000000, 0x0000000086000000| Untracked 
|  97|0x0000000086100000, 0x0000000086100000, 0x0000000086200000|  0%| F|  |TAMS 0x0000000086100000, 0x0000000086100000| Untracked 
|  98|0x0000000086200000, 0x0000000086200000, 0x0000000086300000|  0%| F|  |TAMS 0x0000000086200000, 0x0000000086200000| Untracked 
|  99|0x0000000086300000, 0x0000000086300000, 0x0000000086400000|  0%| F|  |TAMS 0x0000000086300000, 0x0000000086300000| Untracked 
| 100|0x0000000086400000, 0x0000000086480800, 0x0000000086500000| 50%| E|  |TAMS 0x0000000086400000, 0x0000000086400000| Complete 
| 101|0x0000000086500000, 0x0000000086600000, 0x0000000086600000|100%| E|CS|TAMS 0x0000000086500000, 0x0000000086500000| Complete 
| 102|0x0000000086600000, 0x0000000086700000, 0x0000000086700000|100%| E|CS|TAMS 0x0000000086600000, 0x0000000086600000| Complete 
| 103|0x0000000086700000, 0x0000000086800000, 0x0000000086800000|100%| E|CS|TAMS 0x0000000086700000, 0x0000000086700000| Complete 
| 104|0x0000000086800000, 0x0000000086900000, 0x0000000086900000|100%| E|CS|TAMS 0x0000000086800000, 0x0000000086800000| Complete 
| 105|0x0000000086900000, 0x0000000086a00000, 0x0000000086a00000|100%| E|CS|TAMS 0x0000000086900000, 0x0000000086900000| Complete 
| 106|0x0000000086a00000, 0x0000000086b00000, 0x0000000086b00000|100%| E|CS|TAMS 0x0000000086a00000, 0x0000000086a00000| Complete 
| 107|0x0000000086b00000, 0x0000000086c00000, 0x0000000086c00000|100%| E|CS|TAMS 0x0000000086b00000, 0x0000000086b00000| Complete 
| 108|0x0000000086c00000, 0x0000000086d00000, 0x0000000086d00000|100%| E|CS|TAMS 0x0000000086c00000, 0x0000000086c00000| Complete 
| 109|0x0000000086d00000, 0x0000000086e00000, 0x0000000086e00000|100%| E|CS|TAMS 0x0000000086d00000, 0x0000000086d00000| Complete 
| 110|0x0000000086e00000, 0x0000000086f00000, 0x0000000086f00000|100%| E|  |TAMS 0x0000000086e00000, 0x0000000086e00000| Complete 
| 111|0x0000000086f00000, 0x0000000087000000, 0x0000000087000000|100%| E|CS|TAMS 0x0000000086f00000, 0x0000000086f00000| Complete 
| 112|0x0000000087000000, 0x0000000087100000, 0x0000000087100000|100%| E|CS|TAMS 0x0000000087000000, 0x0000000087000000| Complete 
| 113|0x0000000087100000, 0x0000000087200000, 0x0000000087200000|100%| E|CS|TAMS 0x0000000087100000, 0x0000000087100000| Complete 
| 114|0x0000000087200000, 0x0000000087300000, 0x0000000087300000|100%| E|CS|TAMS 0x0000000087200000, 0x0000000087200000| Complete 
| 115|0x0000000087300000, 0x0000000087400000, 0x0000000087400000|100%| E|CS|TAMS 0x0000000087300000, 0x0000000087300000| Complete 
| 116|0x0000000087400000, 0x0000000087500000, 0x0000000087500000|100%| E|CS|TAMS 0x0000000087400000, 0x0000000087400000| Complete 
| 117|0x0000000087500000, 0x0000000087600000, 0x0000000087600000|100%| E|CS|TAMS 0x0000000087500000, 0x0000000087500000| Complete 
| 118|0x0000000087600000, 0x0000000087700000, 0x0000000087700000|100%| E|CS|TAMS 0x0000000087600000, 0x0000000087600000| Complete 
| 119|0x0000000087700000, 0x0000000087800000, 0x0000000087800000|100%| E|CS|TAMS 0x0000000087700000, 0x0000000087700000| Complete 
| 120|0x0000000087800000, 0x0000000087900000, 0x0000000087900000|100%| E|CS|TAMS 0x0000000087800000, 0x0000000087800000| Complete 
| 121|0x0000000087900000, 0x0000000087a00000, 0x0000000087a00000|100%| E|CS|TAMS 0x0000000087900000, 0x0000000087900000| Complete 
| 122|0x0000000087a00000, 0x0000000087b00000, 0x0000000087b00000|100%| E|CS|TAMS 0x0000000087a00000, 0x0000000087a00000| Complete 
| 123|0x0000000087b00000, 0x0000000087c00000, 0x0000000087c00000|100%| E|CS|TAMS 0x0000000087b00000, 0x0000000087b00000| Complete 
| 124|0x0000000087c00000, 0x0000000087d00000, 0x0000000087d00000|100%| E|CS|TAMS 0x0000000087c00000, 0x0000000087c00000| Complete 
| 125|0x0000000087d00000, 0x0000000087e00000, 0x0000000087e00000|100%| E|CS|TAMS 0x0000000087d00000, 0x0000000087d00000| Complete 
| 126|0x0000000087e00000, 0x0000000087f00000, 0x0000000087f00000|100%| E|CS|TAMS 0x0000000087e00000, 0x0000000087e00000| Complete 
| 127|0x0000000087f00000, 0x0000000088000000, 0x0000000088000000|100%| E|CS|TAMS 0x0000000087f00000, 0x0000000087f00000| Complete 
| 128|0x0000000088000000, 0x0000000088100000, 0x0000000088100000|100%| E|CS|TAMS 0x0000000088000000, 0x0000000088000000| Complete 
| 129|0x0000000088100000, 0x0000000088200000, 0x0000000088200000|100%| E|CS|TAMS 0x0000000088100000, 0x0000000088100000| Complete 
| 130|0x0000000088200000, 0x0000000088300000, 0x0000000088300000|100%| E|CS|TAMS 0x0000000088200000, 0x0000000088200000| Complete 
| 131|0x0000000088300000, 0x0000000088400000, 0x0000000088400000|100%| E|CS|TAMS 0x0000000088300000, 0x0000000088300000| Complete 
| 132|0x0000000088400000, 0x0000000088500000, 0x0000000088500000|100%| E|CS|TAMS 0x0000000088400000, 0x0000000088400000| Complete 
| 133|0x0000000088500000, 0x0000000088600000, 0x0000000088600000|100%| E|CS|TAMS 0x0000000088500000, 0x0000000088500000| Complete 
| 134|0x0000000088600000, 0x0000000088700000, 0x0000000088700000|100%| E|CS|TAMS 0x0000000088600000, 0x0000000088600000| Complete 
| 135|0x0000000088700000, 0x0000000088800000, 0x0000000088800000|100%| E|CS|TAMS 0x0000000088700000, 0x0000000088700000| Complete 
| 136|0x0000000088800000, 0x0000000088900000, 0x0000000088900000|100%| E|CS|TAMS 0x0000000088800000, 0x0000000088800000| Complete 
| 137|0x0000000088900000, 0x0000000088a00000, 0x0000000088a00000|100%| E|CS|TAMS 0x0000000088900000, 0x0000000088900000| Complete 
| 138|0x0000000088a00000, 0x0000000088b00000, 0x0000000088b00000|100%| E|CS|TAMS 0x0000000088a00000, 0x0000000088a00000| Complete 
| 139|0x0000000088b00000, 0x0000000088c00000, 0x0000000088c00000|100%| E|CS|TAMS 0x0000000088b00000, 0x0000000088b00000| Complete 
| 140|0x0000000088c00000, 0x0000000088d00000, 0x0000000088d00000|100%| E|CS|TAMS 0x0000000088c00000, 0x0000000088c00000| Complete 
| 141|0x0000000088d00000, 0x0000000088e00000, 0x0000000088e00000|100%| E|CS|TAMS 0x0000000088d00000, 0x0000000088d00000| Complete 
| 142|0x0000000088e00000, 0x0000000088f00000, 0x0000000088f00000|100%| E|CS|TAMS 0x0000000088e00000, 0x0000000088e00000| Complete 
| 143|0x0000000088f00000, 0x0000000089000000, 0x0000000089000000|100%| E|CS|TAMS 0x0000000088f00000, 0x0000000088f00000| Complete 
| 144|0x0000000089000000, 0x0000000089100000, 0x0000000089100000|100%| E|CS|TAMS 0x0000000089000000, 0x0000000089000000| Complete 
| 145|0x0000000089100000, 0x0000000089200000, 0x0000000089200000|100%| E|CS|TAMS 0x0000000089100000, 0x0000000089100000| Complete 
| 146|0x0000000089200000, 0x0000000089300000, 0x0000000089300000|100%| E|CS|TAMS 0x0000000089200000, 0x0000000089200000| Complete 
| 147|0x0000000089300000, 0x0000000089400000, 0x0000000089400000|100%| E|CS|TAMS 0x0000000089300000, 0x0000000089300000| Complete 
| 148|0x0000000089400000, 0x0000000089500000, 0x0000000089500000|100%| E|CS|TAMS 0x0000000089400000, 0x0000000089400000| Complete 
| 149|0x0000000089500000, 0x0000000089600000, 0x0000000089600000|100%| E|CS|TAMS 0x0000000089500000, 0x0000000089500000| Complete 
| 150|0x0000000089600000, 0x0000000089700000, 0x0000000089700000|100%| E|CS|TAMS 0x0000000089600000, 0x0000000089600000| Complete 
| 151|0x0000000089700000, 0x0000000089800000, 0x0000000089800000|100%| E|CS|TAMS 0x0000000089700000, 0x0000000089700000| Complete 

Card table byte_map: [0x00000271ee2f0000,0x00000271ee6f0000] _byte_map_base: 0x00000271edef0000

Marking Bits (Prev, Next): (CMBitMap*) 0x00000271d91ec4c0, (CMBitMap*) 0x00000271d91ec488
 Prev Bits: [0x00000271f0af0000, 0x00000271f2af0000)
 Next Bits: [0x00000271eeaf0000, 0x00000271f0af0000)

Polling page: 0x00000271d9290000

Metaspace:

Usage:
  Non-class:     54.75 MB capacity,    53.82 MB ( 98%) used,   791.20 KB (  1%) free+waste,   160.81 KB ( <1%) overhead. 
      Class:      8.38 MB capacity,     7.83 MB ( 93%) used,   491.78 KB (  6%) free+waste,    75.56 KB ( <1%) overhead. 
       Both:     63.13 MB capacity,    61.65 MB ( 98%) used,     1.25 MB (  2%) free+waste,   236.38 KB ( <1%) overhead. 

Virtual space:
  Non-class space:       56.00 MB reserved,      54.75 MB ( 98%) committed 
      Class space:        1.00 GB reserved,       8.45 MB ( <1%) committed 
             Both:        1.05 GB reserved,      63.20 MB (  6%) committed 

Chunk freelists:
   Non-Class:  1.00 KB
       Class:  1.00 KB
        Both:  2.00 KB

MaxMetaspaceSize: 17179869184.00 GB
CompressedClassSpaceSize: 1.00 GB

CodeHeap 'non-profiled nmethods': size=120000Kb used=3569Kb max_used=3569Kb free=116430Kb
 bounds [0x00000271e5f40000, 0x00000271e62c0000, 0x00000271ed470000]
CodeHeap 'profiled nmethods': size=120000Kb used=12781Kb max_used=12781Kb free=107218Kb
 bounds [0x00000271dea10000, 0x00000271df690000, 0x00000271e5f40000]
CodeHeap 'non-nmethods': size=5760Kb used=2262Kb max_used=2296Kb free=3497Kb
 bounds [0x00000271de470000, 0x00000271de6e0000, 0x00000271dea10000]
 total_blobs=6954 nmethods=6100 adapters=763
 compilation: enabled
              stopped_count=0, restarted_count=0
 full_count=0

Compilation events (20 events):
Event: 12.047 Thread 0x00000271f55ed000 nmethod 6127 0x00000271df681910 code [0x00000271df681b20, 0x00000271df6820a8]
Event: 12.047 Thread 0x00000271f55ed000 6129       3       java.util.regex.Pattern$BmpCharPredicate::union (23 bytes)
Event: 12.048 Thread 0x00000271f55ed000 nmethod 6129 0x00000271df682290 code [0x00000271df6824a0, 0x00000271df682c68]
Event: 12.048 Thread 0x00000271f55ed000 6132       3       java.lang.StringBuilder::toString (35 bytes)
Event: 12.048 Thread 0x00000271f55ed000 nmethod 6132 0x00000271df682e90 code [0x00000271df683080, 0x00000271df683518]
Event: 12.048 Thread 0x00000271f55ed000 6130       3       java.util.regex.Pattern$BmpCharPredicate$$Lambda$14/0x0000000100090440::get$Lambda (10 bytes)
Event: 12.048 Thread 0x00000271f55ed000 nmethod 6130 0x00000271df683690 code [0x00000271df683860, 0x00000271df683b18]
Event: 12.049 Thread 0x00000271f55ed000 6131       3       java.util.regex.Pattern$BmpCharPredicate$$Lambda$14/0x0000000100090440::<init> (15 bytes)
Event: 12.049 Thread 0x00000271f55ed000 nmethod 6131 0x00000271df683c10 code [0x00000271df683dc0, 0x00000271df683fd8]
Event: 12.049 Thread 0x00000271f55ed000 6133       1       com.android.tools.build.jetifier.processor.transform.TransformationContext::getVersions (5 bytes)
Event: 12.049 Thread 0x00000271f55ed000 nmethod 6133 0x00000271e62bb610 code [0x00000271e62bb7c0, 0x00000271e62bb878]
Event: 12.058 Thread 0x00000271f55ed000 6134       3       org.gradle.internal.operations.DefaultBuildOperationListenerManager$1::finished (48 bytes)
Event: 12.058 Thread 0x00000271f55ed000 nmethod 6134 0x00000271df684090 code [0x00000271df684280, 0x00000271df6847a8]
Event: 12.075 Thread 0x00000271f55ed000 6135       3       org.gradle.api.internal.provider.AbstractProperty::getValidationDisplayName (16 bytes)
Event: 12.076 Thread 0x00000271f55ed000 nmethod 6135 0x00000271df684990 code [0x00000271df684b40, 0x00000271df684c98]
Event: 12.081 Thread 0x00000271f55ed000 6136       1       org.gradle.api.internal.DefaultDomainObjectCollection::getEventRegister (5 bytes)
Event: 12.081 Thread 0x00000271f55ed000 nmethod 6136 0x00000271e62bb910 code [0x00000271e62bbac0, 0x00000271e62bbb78]
Event: 12.089 Thread 0x00000271f55ed000 6137       1       org.gradle.api.internal.project.DefaultProjectStateRegistry$ProjectStateImpl::getProjectPath (5 bytes)
Event: 12.089 Thread 0x00000271f55ed000 nmethod 6137 0x00000271e62bbc10 code [0x00000271e62bbdc0, 0x00000271e62bbe78]
Event: 12.089 Thread 0x00000271f55ed000 6138       1       org.gradle.configuration.internal.UserCodeApplicationId::longValue (5 bytes)

GC Heap History (18 events):
Event: 0.894 GC heap before
{Heap before GC invocations=0 (full 0):
 garbage-first heap   total 129024K, used 29696K [0x0000000080000000, 0x0000000100000000)
  region size 1024K, 24 young (24576K), 0 survivors (0K)
 Metaspace       used 9790K, capacity 9986K, committed 10112K, reserved 1058816K
  class space    used 1022K, capacity 1102K, committed 1152K, reserved 1048576K
}
Event: 0.902 GC heap after
{Heap after GC invocations=1 (full 0):
 garbage-first heap   total 129024K, used 8943K [0x0000000080000000, 0x0000000100000000)
  region size 1024K, 3 young (3072K), 3 survivors (3072K)
 Metaspace       used 9790K, capacity 9986K, committed 10112K, reserved 1058816K
  class space    used 1022K, capacity 1102K, committed 1152K, reserved 1048576K
}
Event: 2.931 GC heap before
{Heap before GC invocations=1 (full 0):
 garbage-first heap   total 129024K, used 82671K [0x0000000080000000, 0x0000000100000000)
  region size 1024K, 75 young (76800K), 3 survivors (3072K)
 Metaspace       used 17718K, capacity 18150K, committed 18432K, reserved 1064960K
  class space    used 2093K, capacity 2236K, committed 2304K, reserved 1048576K
}
Event: 2.950 GC heap after
{Heap after GC invocations=2 (full 0):
 garbage-first heap   total 129024K, used 15835K [0x0000000080000000, 0x0000000100000000)
  region size 1024K, 10 young (10240K), 10 survivors (10240K)
 Metaspace       used 17718K, capacity 18150K, committed 18432K, reserved 1064960K
  class space    used 2093K, capacity 2236K, committed 2304K, reserved 1048576K
}
Event: 3.415 GC heap before
{Heap before GC invocations=2 (full 0):
 garbage-first heap   total 129024K, used 38363K [0x0000000080000000, 0x0000000100000000)
  region size 1024K, 33 young (33792K), 10 survivors (10240K)
 Metaspace       used 20625K, capacity 21118K, committed 21248K, reserved 1067008K
  class space    used 2521K, capacity 2720K, committed 2816K, reserved 1048576K
}
Event: 3.423 GC heap after
{Heap after GC invocations=3 (full 0):
 garbage-first heap   total 129024K, used 16836K [0x0000000080000000, 0x0000000100000000)
  region size 1024K, 1 young (1024K), 1 survivors (1024K)
 Metaspace       used 20625K, capacity 21118K, committed 21248K, reserved 1067008K
  class space    used 2521K, capacity 2720K, committed 2816K, reserved 1048576K
}
Event: 4.205 GC heap before
{Heap before GC invocations=4 (full 0):
 garbage-first heap   total 129024K, used 70084K [0x0000000080000000, 0x0000000100000000)
  region size 1024K, 53 young (54272K), 1 survivors (1024K)
 Metaspace       used 25931K, capacity 26485K, committed 26752K, reserved 1073152K
  class space    used 3391K, capacity 3599K, committed 3712K, reserved 1048576K
}
Event: 4.210 GC heap after
{Heap after GC invocations=5 (full 0):
 garbage-first heap   total 129024K, used 18400K [0x0000000080000000, 0x0000000100000000)
  region size 1024K, 3 young (3072K), 3 survivors (3072K)
 Metaspace       used 25931K, capacity 26485K, committed 26752K, reserved 1073152K
  class space    used 3391K, capacity 3599K, committed 3712K, reserved 1048576K
}
Event: 5.388 GC heap before
{Heap before GC invocations=5 (full 0):
 garbage-first heap   total 129024K, used 74720K [0x0000000080000000, 0x0000000100000000)
  region size 1024K, 60 young (61440K), 3 survivors (3072K)
 Metaspace       used 35050K, capacity 35830K, committed 35840K, reserved 1081344K
  class space    used 4536K, capacity 4864K, committed 4864K, reserved 1048576K
}
Event: 5.401 GC heap after
{Heap after GC invocations=6 (full 0):
 garbage-first heap   total 129024K, used 21971K [0x0000000080000000, 0x0000000100000000)
  region size 1024K, 6 young (6144K), 6 survivors (6144K)
 Metaspace       used 35050K, capacity 35830K, committed 35840K, reserved 1081344K
  class space    used 4536K, capacity 4864K, committed 4864K, reserved 1048576K
}
Event: 6.460 GC heap before
{Heap before GC invocations=7 (full 0):
 garbage-first heap   total 129024K, used 84435K [0x0000000080000000, 0x0000000100000000)
  region size 1024K, 65 young (66560K), 6 survivors (6144K)
 Metaspace       used 39442K, capacity 40367K, committed 40524K, reserved 1085440K
  class space    used 5033K, capacity 5390K, committed 5452K, reserved 1048576K
}
Event: 6.471 GC heap after
{Heap after GC invocations=8 (full 0):
 garbage-first heap   total 129024K, used 26955K [0x0000000080000000, 0x0000000100000000)
  region size 1024K, 9 young (9216K), 9 survivors (9216K)
 Metaspace       used 39442K, capacity 40367K, committed 40524K, reserved 1085440K
  class space    used 5033K, capacity 5390K, committed 5452K, reserved 1048576K
}
Event: 7.798 GC heap before
{Heap before GC invocations=8 (full 0):
 garbage-first heap   total 129024K, used 86347K [0x0000000080000000, 0x0000000100000000)
  region size 1024K, 67 young (68608K), 9 survivors (9216K)
 Metaspace       used 44813K, capacity 45974K, committed 46156K, reserved 1089536K
  class space    used 5753K, capacity 6147K, committed 6220K, reserved 1048576K
}
Event: 7.811 GC heap after
{Heap after GC invocations=9 (full 0):
 garbage-first heap   total 155648K, used 29182K [0x0000000080000000, 0x0000000100000000)
  region size 1024K, 3 young (3072K), 3 survivors (3072K)
 Metaspace       used 44813K, capacity 45974K, committed 46156K, reserved 1089536K
  class space    used 5753K, capacity 6147K, committed 6220K, reserved 1048576K
}
Event: 9.317 GC heap before
{Heap before GC invocations=9 (full 0):
 garbage-first heap   total 155648K, used 104958K [0x0000000080000000, 0x0000000100000000)
  region size 1024K, 74 young (75776K), 3 survivors (3072K)
 Metaspace       used 49595K, capacity 50908K, committed 51148K, reserved 1093632K
  class space    used 6318K, capacity 6772K, committed 6860K, reserved 1048576K
}
Event: 9.327 GC heap after
{Heap after GC invocations=10 (full 0):
 garbage-first heap   total 155648K, used 41413K [0x0000000080000000, 0x0000000100000000)
  region size 1024K, 10 young (10240K), 10 survivors (10240K)
 Metaspace       used 49595K, capacity 50908K, committed 51148K, reserved 1093632K
  class space    used 6318K, capacity 6772K, committed 6860K, reserved 1048576K
}
Event: 10.922 GC heap before
{Heap before GC invocations=10 (full 0):
 garbage-first heap   total 155648K, used 98757K [0x0000000080000000, 0x0000000100000000)
  region size 1024K, 67 young (68608K), 10 survivors (10240K)
 Metaspace       used 58660K, capacity 60169K, committed 60236K, reserved 1101824K
  class space    used 7432K, capacity 7978K, committed 8012K, reserved 1048576K
}
Event: 10.956 GC heap after
{Heap after GC invocations=11 (full 0):
 garbage-first heap   total 155648K, used 45308K [0x0000000080000000, 0x0000000100000000)
  region size 1024K, 4 young (4096K), 4 survivors (4096K)
 Metaspace       used 58660K, capacity 60169K, committed 60236K, reserved 1101824K
  class space    used 7432K, capacity 7978K, committed 8012K, reserved 1048576K
}

Deoptimization events (20 events):
Event: 12.018 Thread 0x00000271f7d28800 Uncommon trap: trap_request=0xffffff4d fr.pc=0x00000271e6037f4c relative=0x000000000000056c
Event: 12.018 Thread 0x00000271f7d28800 Uncommon trap: reason=unstable_if action=reinterpret pc=0x00000271e6037f4c method=java.lang.AbstractStringBuilder.appendChars(Ljava/lang/CharSequence;II)V @ 4 c2
Event: 12.018 Thread 0x00000271f7d28800 DEOPT PACKING pc=0x00000271e6037f4c sp=0x000000f8141f6ea0
Event: 12.018 Thread 0x00000271f7d28800 DEOPT UNPACKING pc=0x00000271de4978af sp=0x000000f8141f6d88 mode 2
Event: 12.018 Thread 0x00000271f7d28800 Uncommon trap: trap_request=0xffffff4d fr.pc=0x00000271e5fa4e40 relative=0x0000000000000380
Event: 12.018 Thread 0x00000271f7d28800 Uncommon trap: reason=unstable_if action=reinterpret pc=0x00000271e5fa4e40 method=java.lang.AbstractStringBuilder.isLatin1()Z @ 10 c2
Event: 12.018 Thread 0x00000271f7d28800 DEOPT PACKING pc=0x00000271e5fa4e40 sp=0x000000f8141f6f40
Event: 12.018 Thread 0x00000271f7d28800 DEOPT UNPACKING pc=0x00000271de4978af sp=0x000000f8141f6ec0 mode 2
Event: 12.018 Thread 0x00000271f7d28800 Uncommon trap: trap_request=0xffffff4d fr.pc=0x00000271e5f72ab8 relative=0x0000000000000478
Event: 12.018 Thread 0x00000271f7d28800 Uncommon trap: reason=unstable_if action=reinterpret pc=0x00000271e5f72ab8 method=java.lang.AbstractStringBuilder.putStringAt(ILjava/lang/String;)V @ 8 c2
Event: 12.018 Thread 0x00000271f7d28800 DEOPT PACKING pc=0x00000271e5f72ab8 sp=0x000000f8141f6ec0
Event: 12.018 Thread 0x00000271f7d28800 DEOPT UNPACKING pc=0x00000271de4978af sp=0x000000f8141f6dc8 mode 2
Event: 12.019 Thread 0x00000271f7d28800 Uncommon trap: trap_request=0xffffff4d fr.pc=0x00000271e5f718ec relative=0x00000000000000cc
Event: 12.019 Thread 0x00000271f7d28800 Uncommon trap: reason=unstable_if action=reinterpret pc=0x00000271e5f718ec method=java.lang.String.getBytes([BIB)V @ 5 c2
Event: 12.019 Thread 0x00000271f7d28800 DEOPT PACKING pc=0x00000271e5f718ec sp=0x000000f8141f6d80
Event: 12.019 Thread 0x00000271f7d28800 DEOPT UNPACKING pc=0x00000271de4978af sp=0x000000f8141f6d48 mode 2
Event: 12.019 Thread 0x00000271f7d28800 Uncommon trap: trap_request=0xffffff4d fr.pc=0x00000271e5f87514 relative=0x0000000000000454
Event: 12.019 Thread 0x00000271f7d28800 Uncommon trap: reason=unstable_if action=reinterpret pc=0x00000271e5f87514 method=java.lang.AbstractStringBuilder.putStringAt(ILjava/lang/String;)V @ 8 c2
Event: 12.019 Thread 0x00000271f7d28800 DEOPT PACKING pc=0x00000271e5f87514 sp=0x000000f8141f6e50
Event: 12.019 Thread 0x00000271f7d28800 DEOPT UNPACKING pc=0x00000271de4978af sp=0x000000f8141f6dc0 mode 2

Classes redefined (0 events):
No events

Internal exceptions (20 events):
Event: 9.030 Thread 0x00000271f7e50000 Exception <a 'java/lang/NoSuchMethodError'{0x00000000861b4950}: <clinit>> (0x00000000861b4950) thrown at [./src/hotspot/share/prims/jni.cpp, line 1362]
Event: 9.033 Thread 0x00000271f7e50000 Exception <a 'java/lang/NoSuchMethodError'{0x00000000861c8700}: <clinit>> (0x00000000861c8700) thrown at [./src/hotspot/share/prims/jni.cpp, line 1362]
Event: 9.036 Thread 0x00000271f7d28800 Implicit null exception at 0x00000271e617cca3 to 0x00000271e617ceb4
Event: 9.048 Thread 0x00000271f7d28800 Exception <a 'java/lang/ClassNotFoundException'{0x0000000086076d10}: build_2eaco7z21rcyt1wgv6hq72zkpBeanInfo> (0x0000000086076d10) thrown at [./src/hotspot/share/classfile/systemDictionary.cpp, line 231]
Event: 9.048 Thread 0x00000271f7d28800 Exception <a 'java/lang/ClassNotFoundException'{0x0000000086081e80}: build_2eaco7z21rcyt1wgv6hq72zkpCustomizer> (0x0000000086081e80) thrown at [./src/hotspot/share/classfile/systemDictionary.cpp, line 231]
Event: 9.058 Thread 0x00000271f7d28800 Exception <a 'java/lang/ClassNotFoundException'{0x0000000085f02488}: org/gradle/plugin/use/internal/PluginRequestCollector$PluginDependenciesSpecImplBeanInfo> (0x0000000085f02488) thrown at [./src/hotspot/share/classfile/systemDictionary.cpp, line 231]
Event: 9.059 Thread 0x00000271f7d28800 Exception <a 'java/lang/ClassNotFoundException'{0x0000000085f30338}: org/gradle/plugin/use/internal/PluginRequestCollector$PluginDependenciesSpecImplCustomizer> (0x0000000085f30338) thrown at [./src/hotspot/share/classfile/systemDictionary.cpp, line 231]
Event: 9.100 Thread 0x00000271f7d28800 Exception <a 'java/lang/ClassNotFoundException'{0x0000000085db34f8}: org/gradle/api/internal/plugins/DefaultObjectConfigurationActionBeanInfo> (0x0000000085db34f8) thrown at [./src/hotspot/share/classfile/systemDictionary.cpp, line 231]
Event: 9.101 Thread 0x00000271f7d28800 Exception <a 'java/lang/ClassNotFoundException'{0x0000000085de6898}: org/gradle/api/internal/plugins/DefaultObjectConfigurationActionCustomizer> (0x0000000085de6898) thrown at [./src/hotspot/share/classfile/systemDictionary.cpp, line 231]
Event: 9.276 Thread 0x00000271f7d28800 Exception <a 'java/lang/NoSuchMethodError'{0x00000000853b1650}: 'java.lang.Object java.lang.invoke.DirectMethodHandle$Holder.invokeStatic(java.lang.Object, java.lang.Object, java.lang.Object, java.lang.Object, int)'> (0x00000000853b1650) thrown at [./src/hotspot/share/interpreter/linkResolver.cpp, line 773]
Event: 9.276 Thread 0x00000271f7d28800 Exception <a 'java/lang/NoSuchMethodError'{0x00000000853b6048}: 'java.lang.Object java.lang.invoke.DirectMethodHandle$Holder.invokeSpecial(java.lang.Object, java.lang.Object, java.lang.Object, java.lang.Object, java.lang.Object, int)'> (0x00000000853b6048) thrown at [./src/hotspot/share/interpreter/linkResolver.cpp, line 773]
Event: 9.276 Thread 0x00000271f7d28800 Exception <a 'java/lang/NoSuchMethodError'{0x00000000853ba688}: 'java.lang.Object java.lang.invoke.Invokers$Holder.linkToTargetMethod(java.lang.Object, java.lang.Object, java.lang.Object, int, java.lang.Object)'> (0x00000000853ba688) thrown at [./src/hotspot/share/interpreter/linkResolver.cpp, line 773]
Event: 9.565 Thread 0x00000271f7d28800 Exception <a 'java/lang/NoSuchMethodError'{0x0000000088b0a2f8}: 'java.lang.Object java.lang.invoke.DirectMethodHandle$Holder.invokeSpecial(java.lang.Object, java.lang.Object, int, int, java.lang.Object, java.lang.Object, java.lang.Object)'> (0x0000000088b0a2f8) thrown at [./src/hotspot/share/interpreter/linkResolver.cpp, line 773]
Event: 9.565 Thread 0x00000271f7d28800 Exception <a 'java/lang/NoSuchMethodError'{0x0000000088b0e878}: 'java.lang.Object java.lang.invoke.DelegatingMethodHandle$Holder.reinvoke_L(java.lang.Object, int, int, java.lang.Object, java.lang.Object, java.lang.Object)'> (0x0000000088b0e878) thrown at [./src/hotspot/share/interpreter/linkResolver.cpp, line 773]
Event: 9.835 Thread 0x00000271f7d28800 Exception <a 'java/lang/NoSuchMethodError'{0x0000000088086cd8}: 'int java.lang.invoke.DirectMethodHandle$Holder.invokeInterface(java.lang.Object, java.lang.Object, java.lang.Object, java.lang.Object)'> (0x0000000088086cd8) thrown at [./src/hotspot/share/interpreter/linkResolver.cpp, line 773]
Event: 10.167 Thread 0x00000271f7d28800 Exception <a 'java/lang/NoSuchMethodError'{0x00000000870538e8}: 'void java.lang.invoke.DirectMethodHandle$Holder.invokeInterface(java.lang.Object, java.lang.Object, java.lang.Object, java.lang.Object)'> (0x00000000870538e8) thrown at [./src/hotspot/share/interpreter/linkResolver.cpp, line 773]
Event: 10.383 Thread 0x00000271f7d28800 Exception <a 'java/lang/IncompatibleClassChangeError'{0x0000000086874c60}: Found class java.lang.Object, but interface was expected> (0x0000000086874c60) thrown at [./src/hotspot/share/interpreter/linkResolver.cpp, line 839]
Event: 10.608 Thread 0x00000271f7d28800 Implicit null exception at 0x00000271e62101d4 to 0x00000271e62103b8
Event: 10.850 Thread 0x00000271f7d28800 Implicit null exception at 0x00000271e61e22ad to 0x00000271e61e2570
Event: 11.249 Thread 0x00000271f7d28800 Exception <a 'sun/nio/fs/WindowsException'{0x0000000088a744f8}> (0x0000000088a744f8) thrown at [./src/hotspot/share/prims/jni.cpp, line 615]

Events (20 events):
Event: 12.081 loading class com/android/build/gradle/internal/tasks/LintCompile
Event: 12.081 loading class com/android/build/gradle/internal/tasks/LintCompile done
Event: 12.081 loading class com/android/build/gradle/internal/lint/LintTaskManager
Event: 12.081 loading class com/android/build/gradle/internal/lint/LintTaskManager done
Event: 12.082 loading class com/android/build/gradle/internal/lint/LintTaskManager$Companion
Event: 12.082 loading class com/android/build/gradle/internal/lint/LintTaskManager$Companion done
Event: 12.083 loading class com/android/build/gradle/internal/lint/AndroidLintGlobalTask$LintFixCreationAction
Event: 12.083 loading class com/android/build/gradle/internal/lint/AndroidLintGlobalTask$LintFixCreationAction done
Event: 12.084 loading class com/android/build/gradle/internal/lint/AndroidLintGlobalTask$BaseGlobalCreationAction
Event: 12.084 loading class com/android/build/gradle/internal/lint/AndroidLintGlobalTask$BaseGlobalCreationAction done
Event: 12.085 loading class com/android/build/gradle/internal/lint/AndroidLintGlobalTask$LintFixCreationAction$Companion
Event: 12.085 loading class com/android/build/gradle/internal/lint/AndroidLintGlobalTask$LintFixCreationAction$Companion done
Event: 12.085 loading class com/android/build/gradle/internal/lint/AndroidLintGlobalTask
Event: 12.085 loading class com/android/build/gradle/internal/lint/AndroidLintGlobalTask done
Event: 12.086 loading class com/android/build/gradle/internal/lint/AndroidLintGlobalTask$GlobalCreationAction
Event: 12.086 loading class com/android/build/gradle/internal/lint/AndroidLintGlobalTask$GlobalCreationAction done
Event: 12.086 loading class com/android/build/gradle/internal/lint/AndroidLintGlobalTask$GlobalCreationAction$Companion
Event: 12.086 loading class com/android/build/gradle/internal/lint/AndroidLintGlobalTask$GlobalCreationAction$Companion done
Event: 12.088 loading class com/android/build/gradle/internal/lint/LintTaskManager$createBeforeEvaluateLintTasks$1
Event: 12.088 loading class com/android/build/gradle/internal/lint/LintTaskManager$createBeforeEvaluateLintTasks$1 done


Dynamic libraries:
0x00007ff761cf0000 - 0x00007ff761cfa000 	C:\Program Files\Android\Android Studio\jre\bin\java.exe
0x00007ffed2050000 - 0x00007ffed2245000 	C:\Windows\SYSTEM32\ntdll.dll
0x00007ffed1c90000 - 0x00007ffed1d4e000 	C:\Windows\System32\KERNEL32.DLL
0x00007ffecf8c0000 - 0x00007ffecfb88000 	C:\Windows\System32\KERNELBASE.dll
0x00007ffecfce0000 - 0x00007ffecfde0000 	C:\Windows\System32\ucrtbase.dll
0x00007ffeb7940000 - 0x00007ffeb7959000 	C:\Program Files\Android\Android Studio\jre\bin\jli.dll
0x00007ffeb5370000 - 0x00007ffeb5387000 	C:\Program Files\Android\Android Studio\jre\bin\VCRUNTIME140.dll
0x00007ffed10a0000 - 0x00007ffed1241000 	C:\Windows\System32\USER32.dll
0x00007ffeb4e50000 - 0x00007ffeb50ea000 	C:\Windows\WinSxS\amd64_microsoft.windows.common-controls_6595b64144ccf1df_6.0.19041.1110_none_60b5254171f9507e\COMCTL32.dll
0x00007ffecfe70000 - 0x00007ffecfe92000 	C:\Windows\System32\win32u.dll
0x00007ffed0090000 - 0x00007ffed012e000 	C:\Windows\System32\msvcrt.dll
0x00007ffed0210000 - 0x00007ffed023b000 	C:\Windows\System32\GDI32.dll
0x00007ffecff80000 - 0x00007ffed008d000 	C:\Windows\System32\gdi32full.dll
0x00007ffecfb90000 - 0x00007ffecfc2d000 	C:\Windows\System32\msvcp_win.dll
0x00007ffed08c0000 - 0x00007ffed08f0000 	C:\Windows\System32\IMM32.DLL
0x00007ffea7440000 - 0x00007ffea74dd000 	C:\Program Files\Android\Android Studio\jre\bin\msvcp140.dll
0x00007ffe8be70000 - 0x00007ffe8c93f000 	C:\Program Files\Android\Android Studio\jre\bin\server\jvm.dll
0x00007ffed1ef0000 - 0x00007ffed1f9c000 	C:\Windows\System32\ADVAPI32.dll
0x00007ffed07a0000 - 0x00007ffed083b000 	C:\Windows\System32\sechost.dll
0x00007ffed19b0000 - 0x00007ffed1ada000 	C:\Windows\System32\RPCRT4.dll
0x00007ffed1250000 - 0x00007ffed1258000 	C:\Windows\System32\PSAPI.DLL
0x00007ffeb3c70000 - 0x00007ffeb3c97000 	C:\Windows\SYSTEM32\WINMM.dll
0x00007ffec7ef0000 - 0x00007ffec7efa000 	C:\Windows\SYSTEM32\VERSION.dll
0x00007ffeb10b0000 - 0x00007ffeb10b9000 	C:\Windows\SYSTEM32\WSOCK32.dll
0x00007ffed1fa0000 - 0x00007ffed200b000 	C:\Windows\System32\WS2_32.dll
0x00007ffecdfe0000 - 0x00007ffecdff2000 	C:\Windows\SYSTEM32\kernel.appcore.dll
0x00007ffeca050000 - 0x00007ffeca061000 	C:\Program Files\Android\Android Studio\jre\bin\verify.dll
0x00007ffecd550000 - 0x00007ffecd734000 	C:\Windows\SYSTEM32\DBGHELP.DLL
0x00007ffeaf360000 - 0x00007ffeaf38c000 	C:\Windows\SYSTEM32\dbgcore.DLL
0x00007ffecfde0000 - 0x00007ffecfe62000 	C:\Windows\System32\bcryptPrimitives.dll
0x00007ffec8ab0000 - 0x00007ffec8ad9000 	C:\Program Files\Android\Android Studio\jre\bin\java.dll
0x00007ffeca040000 - 0x00007ffeca04b000 	C:\Program Files\Android\Android Studio\jre\bin\jimage.dll
0x00007ffec8a90000 - 0x00007ffec8aa8000 	C:\Program Files\Android\Android Studio\jre\bin\zip.dll
0x00007ffed1260000 - 0x00007ffed19a4000 	C:\Windows\System32\SHELL32.dll
0x00007ffecd740000 - 0x00007ffecded4000 	C:\Windows\SYSTEM32\windows.storage.dll
0x00007ffed0a50000 - 0x00007ffed0da5000 	C:\Windows\System32\combase.dll
0x00007ffecf1b0000 - 0x00007ffecf1de000 	C:\Windows\SYSTEM32\Wldp.dll
0x00007ffed09a0000 - 0x00007ffed0a4d000 	C:\Windows\System32\SHCORE.dll
0x00007ffed0720000 - 0x00007ffed0775000 	C:\Windows\System32\shlwapi.dll
0x00007ffecf6a0000 - 0x00007ffecf6bf000 	C:\Windows\SYSTEM32\profapi.dll
0x00007ffec87c0000 - 0x00007ffec87da000 	C:\Program Files\Android\Android Studio\jre\bin\net.dll
0x00007ffec40b0000 - 0x00007ffec41bc000 	C:\Windows\SYSTEM32\WINHTTP.dll
0x00007ffecef10000 - 0x00007ffecef7a000 	C:\Windows\system32\mswsock.dll
0x00007ffec87a0000 - 0x00007ffec87b4000 	C:\Program Files\Android\Android Studio\jre\bin\nio.dll
0x00007ffeb3a90000 - 0x00007ffeb3ab7000 	C:\Users\hp\.gradle\native\8bec1ad78214c89d9ad589b4d07fe93259594b29d510b10fafb7a158f7737e5d\windows-amd64\native-platform.dll
0x00007ffeb24e0000 - 0x00007ffeb261d000 	C:\Users\hp\.gradle\native\53dbd7edfb1c66fb8903c78663c9afc45aea4f116125fa6feffd364cf09443e8\windows-amd64\native-platform-file-events.dll
0x00007ffeca030000 - 0x00007ffeca03a000 	C:\Program Files\Android\Android Studio\jre\bin\management.dll
0x00007ffec8a80000 - 0x00007ffec8a8c000 	C:\Program Files\Android\Android Studio\jre\bin\management_ext.dll
0x00007ffecf100000 - 0x00007ffecf118000 	C:\Windows\SYSTEM32\CRYPTSP.dll
0x00007ffece820000 - 0x00007ffece854000 	C:\Windows\system32\rsaenh.dll
0x00007ffecff50000 - 0x00007ffecff77000 	C:\Windows\System32\bcrypt.dll
0x00007ffecf660000 - 0x00007ffecf68e000 	C:\Windows\SYSTEM32\USERENV.dll
0x00007ffecf120000 - 0x00007ffecf12c000 	C:\Windows\SYSTEM32\CRYPTBASE.dll
0x00007ffecebb0000 - 0x00007ffecebeb000 	C:\Windows\SYSTEM32\IPHLPAPI.DLL
0x00007ffed1ee0000 - 0x00007ffed1ee8000 	C:\Windows\System32\NSI.dll
0x00007ffec64b0000 - 0x00007ffec64c7000 	C:\Windows\SYSTEM32\dhcpcsvc6.DLL
0x00007ffec6750000 - 0x00007ffec676d000 	C:\Windows\SYSTEM32\dhcpcsvc.DLL
0x00007ffecec00000 - 0x00007ffececcb000 	C:\Windows\SYSTEM32\DNSAPI.dll

dbghelp: loaded successfully - version: 4.0.5 - missing functions: none
symbol engine: initialized successfully - sym options: 0x614 - pdb path: .;C:\Program Files\Android\Android Studio\jre\bin;C:\Windows\SYSTEM32;C:\Windows\WinSxS\amd64_microsoft.windows.common-controls_6595b64144ccf1df_6.0.19041.1110_none_60b5254171f9507e;C:\Program Files\Android\Android Studio\jre\bin\server;C:\Users\hp\.gradle\native\8bec1ad78214c89d9ad589b4d07fe93259594b29d510b10fafb7a158f7737e5d\windows-amd64;C:\Users\hp\.gradle\native\53dbd7edfb1c66fb8903c78663c9afc45aea4f116125fa6feffd364cf09443e8\windows-amd64

VM Arguments:
jvm_args: --add-opens=java.base/java.util=ALL-UNNAMED --add-opens=java.base/java.lang=ALL-UNNAMED --add-opens=java.base/java.lang.invoke=ALL-UNNAMED --add-opens=java.base/java.util=ALL-UNNAMED --add-opens=java.prefs/java.util.prefs=ALL-UNNAMED --add-opens=java.prefs/java.util.prefs=ALL-UNNAMED --add-opens=java.base/java.nio.charset=ALL-UNNAMED --add-opens=java.base/java.net=ALL-UNNAMED --add-opens=java.base/java.util.concurrent.atomic=ALL-UNNAMED -Xmx2048m -Dfile.encoding=UTF-8 -Duser.country=US -Duser.language=en -Duser.variant 
java_command: org.gradle.launcher.daemon.bootstrap.GradleDaemon 7.0.2
java_class_path (initial): C:\Users\hp\.gradle\wrapper\dists\gradle-7.0.2-bin\857tjihv64xamwrf0h14cai3r\gradle-7.0.2\lib\gradle-launcher-7.0.2.jar
Launcher Type: SUN_STANDARD

[Global flags]
     intx CICompilerCount                          = 4                                         {product} {ergonomic}
     uint ConcGCThreads                            = 2                                         {product} {ergonomic}
     uint G1ConcRefinementThreads                  = 8                                         {product} {ergonomic}
   size_t G1HeapRegionSize                         = 1048576                                   {product} {ergonomic}
    uintx GCDrainStackTargetSize                   = 64                                        {product} {ergonomic}
   size_t InitialHeapSize                          = 132120576                                 {product} {ergonomic}
   size_t MarkStackSize                            = 4194304                                   {product} {ergonomic}
   size_t MaxHeapSize                              = 2147483648                                {product} {command line}
   size_t MaxNewSize                               = 1287651328                                {product} {ergonomic}
   size_t MinHeapDeltaBytes                        = 1048576                                   {product} {ergonomic}
    uintx NonNMethodCodeHeapSize                   = 5836300                                {pd product} {ergonomic}
    uintx NonProfiledCodeHeapSize                  = 122910970                              {pd product} {ergonomic}
    uintx ProfiledCodeHeapSize                     = 122910970                              {pd product} {ergonomic}
    uintx ReservedCodeCacheSize                    = 251658240                              {pd product} {ergonomic}
     bool SegmentedCodeCache                       = true                                      {product} {ergonomic}
     bool UseCompressedClassPointers               = true                                 {lp64_product} {ergonomic}
     bool UseCompressedOops                        = true                                 {lp64_product} {ergonomic}
     bool UseG1GC                                  = true                                      {product} {ergonomic}
     bool UseLargePagesIndividualAllocation        = false                                  {pd product} {ergonomic}

Logging:
Log output configuration:
 #0: stdout all=warning uptime,level,tags
 #1: stderr all=off uptime,level,tags

Environment Variables:
JAVA_HOME=C:\Program Files\Java\jdk-16.0.2
PATH=C:\Program Files\Common Files\Oracle\Java\javapath;C:\Windows\system32;C:\Windows;C:\Windows\System32\Wbem;C:\Windows\System32\WindowsPowerShell\v1.0\;C:\Windows\System32\OpenSSH\;C:\Program Files (x86)\NVIDIA Corporation\PhysX\Common;C:\Program Files\Java\jdk-16.0.2\bin;C:\Program Files\Git\cmd;C:\Program Files (x86)\Schneider Electric\Schneider Electric Software Installer\;C:\Users\hp\AppData\Local\Microsoft\WindowsApps;;C:\Users\hp\AppData\Local\Programs\Microsoft VS Code\bin
USERNAME=hp
OS=Windows_NT
PROCESSOR_IDENTIFIER=Intel64 Family 6 Model 142 Stepping 12, GenuineIntel



---------------  S Y S T E M  ---------------

OS: Windows 10 , 64 bit Build 19041 (10.0.19041.1348)
OS uptime: 2 days 11:36 hours

CPU:total 8 (initial active 8) (4 cores per cpu, 2 threads per core) family 6 model 142 stepping 12 microcode 0xea, cmov, cx8, fxsr, mmx, sse, sse2, sse3, ssse3, sse4.1, sse4.2, popcnt, avx, avx2, aes, clmul, erms, 3dnowpref, lzcnt, ht, tsc, tscinvbit, bmi1, bmi2, adx, fma

Memory: 4k page, system-wide physical 8029M (283M free)
TotalPageFile size 40427M (AvailPageFile size 3M)
current process WorkingSet (physical memory assigned to process): 353M, peak: 355M
current process commit charge ("private bytes"): 390M, peak: 392M

vm_info: OpenJDK 64-Bit Server VM (11.0.10+0-b96-7249189) for windows-amd64 JRE (11.0.10+0-b96-7249189), built on Mar 31 2021 21:44:00 by "builder" with MS VC++ 14.0 (VS2015)

END.
